{"numFailedTestSuites":1,"numFailedTests":2,"numPassedTestSuites":1,"numPassedTests":33,"numPendingTestSuites":0,"numPendingTests":0,"numRuntimeErrorTestSuites":0,"numTodoTests":0,"numTotalTestSuites":2,"numTotalTests":35,"openHandles":[],"snapshot":{"added":0,"didUpdate":false,"failure":false,"filesAdded":0,"filesRemoved":0,"filesRemovedList":[],"filesUnmatched":0,"filesUpdated":0,"matched":0,"total":0,"unchecked":0,"uncheckedKeysByFile":[],"unmatched":0,"updated":0},"startTime":1738948694232,"success":false,"testResults":[{"assertionResults":[{"ancestorTitles":["EventHandler","Event Registration"],"duration":13,"failureDetails":[],"failureMessages":[],"fullName":"EventHandler Event Registration should register an event handler successfully","invocations":1,"location":null,"numPassingAsserts":1,"retryReasons":[],"status":"passed","title":"should register an event handler successfully"},{"ancestorTitles":["EventHandler","Event Registration"],"duration":20,"failureDetails":[],"failureMessages":[],"fullName":"EventHandler Event Registration should throw error when registering handler without event name","invocations":1,"location":null,"numPassingAsserts":1,"retryReasons":[],"status":"passed","title":"should throw error when registering handler without event name"},{"ancestorTitles":["EventHandler","Event Registration"],"duration":2,"failureDetails":[],"failureMessages":[],"fullName":"EventHandler Event Registration should throw error when registering invalid handler","invocations":1,"location":null,"numPassingAsserts":1,"retryReasons":[],"status":"passed","title":"should throw error when registering invalid handler"},{"ancestorTitles":["EventHandler","Event Registration"],"duration":1,"failureDetails":[],"failureMessages":[],"fullName":"EventHandler Event Registration should throw error when registering with empty event name","invocations":1,"location":null,"numPassingAsserts":1,"retryReasons":[],"status":"passed","title":"should throw error when registering with empty event name"},{"ancestorTitles":["EventHandler","Event Registration"],"duration":3,"failureDetails":[],"failureMessages":[],"fullName":"EventHandler Event Registration should throw error when registering with whitespace event name","invocations":1,"location":null,"numPassingAsserts":1,"retryReasons":[],"status":"passed","title":"should throw error when registering with whitespace event name"},{"ancestorTitles":["EventHandler","Event Emission"],"duration":3,"failureDetails":[],"failureMessages":[],"fullName":"EventHandler Event Emission should emit event to registered handler","invocations":1,"location":null,"numPassingAsserts":1,"retryReasons":[],"status":"passed","title":"should emit event to registered handler"},{"ancestorTitles":["EventHandler","Event Emission"],"duration":1,"failureDetails":[],"failureMessages":[],"fullName":"EventHandler Event Emission should handle multiple handlers for same event","invocations":1,"location":null,"numPassingAsserts":2,"retryReasons":[],"status":"passed","title":"should handle multiple handlers for same event"},{"ancestorTitles":["EventHandler","Event Emission"],"duration":1,"failureDetails":[],"failureMessages":[],"fullName":"EventHandler Event Emission should handle emission of event with no handlers","invocations":1,"location":null,"numPassingAsserts":1,"retryReasons":[],"status":"passed","title":"should handle emission of event with no handlers"},{"ancestorTitles":["EventHandler","Event Emission"],"duration":1,"failureDetails":[],"failureMessages":[],"fullName":"EventHandler Event Emission should handle emission of event with undefined data","invocations":1,"location":null,"numPassingAsserts":1,"retryReasons":[],"status":"passed","title":"should handle emission of event with undefined data"},{"ancestorTitles":["EventHandler","Event Emission"],"duration":2,"failureDetails":[],"failureMessages":[],"fullName":"EventHandler Event Emission should throw error when emitting with invalid event name","invocations":1,"location":null,"numPassingAsserts":1,"retryReasons":[],"status":"passed","title":"should throw error when emitting with invalid event name"},{"ancestorTitles":["EventHandler","Event Emission"],"duration":1,"failureDetails":[],"failureMessages":[],"fullName":"EventHandler Event Emission should throw error when emitting with whitespace event name","invocations":1,"location":null,"numPassingAsserts":1,"retryReasons":[],"status":"passed","title":"should throw error when emitting with whitespace event name"},{"ancestorTitles":["EventHandler","Handler Management"],"duration":1,"failureDetails":[],"failureMessages":[],"fullName":"EventHandler Handler Management should return false for hasHandler with non-existent event","invocations":1,"location":null,"numPassingAsserts":1,"retryReasons":[],"status":"passed","title":"should return false for hasHandler with non-existent event"},{"ancestorTitles":["EventHandler","Handler Management"],"duration":1,"failureDetails":[],"failureMessages":[],"fullName":"EventHandler Handler Management should handle removal of event handler","invocations":1,"location":null,"numPassingAsserts":1,"retryReasons":[],"status":"passed","title":"should handle removal of event handler"},{"ancestorTitles":["EventHandler","Handler Management"],"duration":1,"failureDetails":[],"failureMessages":[],"fullName":"EventHandler Handler Management should handle removal of non-existent handler","invocations":1,"location":null,"numPassingAsserts":1,"retryReasons":[],"status":"passed","title":"should handle removal of non-existent handler"},{"ancestorTitles":["EventHandler","Handler Management"],"duration":1,"failureDetails":[],"failureMessages":[],"fullName":"EventHandler Handler Management should handle removal with invalid event name","invocations":1,"location":null,"numPassingAsserts":1,"retryReasons":[],"status":"passed","title":"should handle removal with invalid event name"},{"ancestorTitles":["EventHandler","Handler Management"],"duration":1,"failureDetails":[],"failureMessages":[],"fullName":"EventHandler Handler Management should handle multiple handler removals correctly","invocations":1,"location":null,"numPassingAsserts":2,"retryReasons":[],"status":"passed","title":"should handle multiple handler removals correctly"}],"endTime":1738948695468,"message":"","name":"/opt/mExpress/src/git-workflow-automation/tests/unit/event-system/event-handler.test.js","startTime":1738948694495,"status":"passed","summary":""},{"assertionResults":[{"ancestorTitles":["MessageQueue","Queue Operations"],"duration":11,"failureDetails":[],"failureMessages":[],"fullName":"MessageQueue Queue Operations should enqueue a message with correct priority","invocations":1,"location":null,"numPassingAsserts":2,"retryReasons":[],"status":"passed","title":"should enqueue a message with correct priority"},{"ancestorTitles":["MessageQueue","Queue Operations"],"duration":2,"failureDetails":[],"failureMessages":[],"fullName":"MessageQueue Queue Operations should process messages in priority order","invocations":1,"location":null,"numPassingAsserts":3,"retryReasons":[],"status":"passed","title":"should process messages in priority order"},{"ancestorTitles":["MessageQueue","Queue Operations"],"duration":2,"failureDetails":[],"failureMessages":[],"fullName":"MessageQueue Queue Operations should handle concurrent message processing","invocations":1,"location":null,"numPassingAsserts":2,"retryReasons":[],"status":"passed","title":"should handle concurrent message processing"},{"ancestorTitles":["MessageQueue","Queue Operations"],"duration":18,"failureDetails":[],"failureMessages":[],"fullName":"MessageQueue Queue Operations should process messages within 100ms","invocations":1,"location":null,"numPassingAsserts":1,"retryReasons":[],"status":"passed","title":"should process messages within 100ms"},{"ancestorTitles":["MessageQueue","Event Integration"],"duration":2,"failureDetails":[],"failureMessages":[],"fullName":"MessageQueue Event Integration should emit events through EventHandler","invocations":1,"location":null,"numPassingAsserts":1,"retryReasons":[],"status":"passed","title":"should emit events through EventHandler"},{"ancestorTitles":["MessageQueue","Cache Integration"],"duration":1,"failureDetails":[],"failureMessages":[],"fullName":"MessageQueue Cache Integration should store message state in distributed cache","invocations":1,"location":null,"numPassingAsserts":1,"retryReasons":[],"status":"passed","title":"should store message state in distributed cache"},{"ancestorTitles":["MessageQueue","Cache Integration"],"duration":2,"failureDetails":[],"failureMessages":[],"fullName":"MessageQueue Cache Integration should update message state in cache after processing","invocations":1,"location":null,"numPassingAsserts":1,"retryReasons":[],"status":"passed","title":"should update message state in cache after processing"},{"ancestorTitles":["MessageQueue","Error Handling and Edge Cases"],"duration":3,"failureDetails":[],"failureMessages":[],"fullName":"MessageQueue Error Handling and Edge Cases should handle message processing failures","invocations":1,"location":null,"numPassingAsserts":3,"retryReasons":[],"status":"passed","title":"should handle message processing failures"},{"ancestorTitles":["MessageQueue","Error Handling and Edge Cases"],"duration":104,"failureDetails":[],"failureMessages":[],"fullName":"MessageQueue Error Handling and Edge Cases should retry failed messages with backoff","invocations":1,"location":null,"numPassingAsserts":2,"retryReasons":[],"status":"passed","title":"should retry failed messages with backoff"},{"ancestorTitles":["MessageQueue","Error Handling and Edge Cases"],"duration":4,"failureDetails":[],"failureMessages":[],"fullName":"MessageQueue Error Handling and Edge Cases should handle event handler errors during processing","invocations":1,"location":null,"numPassingAsserts":2,"retryReasons":[],"status":"passed","title":"should handle event handler errors during processing"},{"ancestorTitles":["MessageQueue","Error Handling and Edge Cases"],"duration":3,"failureDetails":[],"failureMessages":[],"fullName":"MessageQueue Error Handling and Edge Cases should handle multiple concurrent retries","invocations":1,"location":null,"numPassingAsserts":2,"retryReasons":[],"status":"passed","title":"should handle multiple concurrent retries"},{"ancestorTitles":["MessageQueue","Error Handling and Edge Cases"],"duration":2,"failureDetails":[],"failureMessages":[],"fullName":"MessageQueue Error Handling and Edge Cases should properly clean up resources after errors","invocations":1,"location":null,"numPassingAsserts":4,"retryReasons":[],"status":"passed","title":"should properly clean up resources after errors"},{"ancestorTitles":["MessageQueue","Error Handling and Edge Cases"],"duration":3,"failureDetails":[],"failureMessages":[],"fullName":"MessageQueue Error Handling and Edge Cases should handle event handler registration edge cases","invocations":1,"location":null,"numPassingAsserts":3,"retryReasons":[],"status":"passed","title":"should handle event handler registration edge cases"},{"ancestorTitles":["MessageQueue","Error Handling and Edge Cases"],"duration":2,"failureDetails":[],"failureMessages":[],"fullName":"MessageQueue Error Handling and Edge Cases should safely process empty queue","invocations":1,"location":null,"numPassingAsserts":2,"retryReasons":[],"status":"passed","title":"should safely process empty queue"},{"ancestorTitles":["MessageQueue","Error Handling and Edge Cases"],"duration":9,"failureDetails":[],"failureMessages":[],"fullName":"MessageQueue Error Handling and Edge Cases should handle event handler error propagation","invocations":1,"location":null,"numPassingAsserts":2,"retryReasons":[],"status":"passed","title":"should handle event handler error propagation"},{"ancestorTitles":["MessageQueue","Error Handling and Edge Cases"],"duration":2,"failureDetails":[],"failureMessages":[],"fullName":"MessageQueue Error Handling and Edge Cases should handle concurrent messages with different priorities","invocations":1,"location":null,"numPassingAsserts":1,"retryReasons":[],"status":"passed","title":"should handle concurrent messages with different priorities"},{"ancestorTitles":["MessageQueue","Error Handling and Edge Cases"],"duration":1,"failureDetails":[],"failureMessages":[],"fullName":"MessageQueue Error Handling and Edge Cases should handle event handler removal","invocations":1,"location":null,"numPassingAsserts":1,"retryReasons":[],"status":"passed","title":"should handle event handler removal"},{"ancestorTitles":["MessageQueue","Error Handling and Edge Cases"],"duration":3,"failureDetails":[{}],"failureMessages":["Error: Timeout waiting for retry\n    at /opt/mExpress/src/git-workflow-automation/tests/unit/core/message-queue/message-queue.test.js:429:28\n    at fn (/opt/mExpress/src/git-workflow-automation/tests/unit/core/message-queue/message-queue.test.js:418:25)\n    at processTicksAndRejections (node:internal/process/task_queues:77:11)"],"fullName":"MessageQueue Error Handling and Edge Cases should handle retry delays in production mode","invocations":1,"location":null,"numPassingAsserts":0,"retryReasons":[],"status":"failed","title":"should handle retry delays in production mode"},{"ancestorTitles":["MessageQueue","Error Handling and Edge Cases"],"duration":2,"failureDetails":[{}],"failureMessages":["ReferenceError: Cannot access 'checkTimeout' before initialization\n    at checkTimeout (/opt/mExpress/src/git-workflow-automation/tests/unit/core/message-queue/message-queue.test.js:493:35)\n    at fn (/opt/mExpress/src/git-workflow-automation/tests/unit/core/message-queue/message-queue.test.js:167:17)\n    at setTimeout (/opt/mExpress/src/git-workflow-automation/tests/unit/core/message-queue/message-queue.test.js:492:37)\n    at new Promise (<anonymous>)\n    at Object.<anonymous> (/opt/mExpress/src/git-workflow-automation/tests/unit/core/message-queue/message-queue.test.js:491:36)\n    at processTicksAndRejections (node:internal/process/task_queues:95:5)"],"fullName":"MessageQueue Error Handling and Edge Cases should handle retry mechanism and delay selection","invocations":1,"location":null,"numPassingAsserts":2,"retryReasons":[],"status":"failed","title":"should handle retry mechanism and delay selection"}],"endTime":1738948696298,"message":"\u001b[1m\u001b[31m  \u001b[1m● \u001b[22m\u001b[1mMessageQueue › Error Handling and Edge Cases › should handle retry delays in production mode\u001b[39m\u001b[22m\n\n    Timeout waiting for retry\n\u001b[2m\u001b[22m\n\u001b[2m    \u001b[0m \u001b[90m 427 |\u001b[39m                 \u001b[36mconst\u001b[39m maxWaitTime \u001b[33m=\u001b[39m setTimeout(() \u001b[33m=>\u001b[39m {\u001b[22m\n\u001b[2m     \u001b[90m 428 |\u001b[39m                     clearInterval(checkTimeout)\u001b[33m;\u001b[39m\u001b[22m\n\u001b[2m    \u001b[31m\u001b[1m>\u001b[22m\u001b[2m\u001b[39m\u001b[90m 429 |\u001b[39m                     reject(\u001b[36mnew\u001b[39m \u001b[33mError\u001b[39m(\u001b[32m'Timeout waiting for retry'\u001b[39m))\u001b[33m;\u001b[39m\u001b[22m\n\u001b[2m     \u001b[90m     |\u001b[39m                            \u001b[31m\u001b[1m^\u001b[22m\u001b[2m\u001b[39m\u001b[22m\n\u001b[2m     \u001b[90m 430 |\u001b[39m                 }\u001b[33m,\u001b[39m \u001b[35m1000\u001b[39m)\u001b[33m;\u001b[39m\u001b[22m\n\u001b[2m     \u001b[90m 431 |\u001b[39m\u001b[22m\n\u001b[2m     \u001b[90m 432 |\u001b[39m                 \u001b[36mconst\u001b[39m checkTimeout \u001b[33m=\u001b[39m setInterval(() \u001b[33m=>\u001b[39m {\u001b[0m\u001b[22m\n\u001b[2m\u001b[22m\n\u001b[2m      \u001b[2mat \u001b[22m\u001b[2m\u001b[0m\u001b[36mtests/unit/core/message-queue/message-queue.test.js\u001b[39m\u001b[0m\u001b[2m:429:28\u001b[22m\u001b[2m\u001b[22m\n\u001b[2m      \u001b[2mat fn (\u001b[22m\u001b[2m\u001b[0m\u001b[36mtests/unit/core/message-queue/message-queue.test.js\u001b[39m\u001b[0m\u001b[2m:418:25)\u001b[22m\u001b[2m\u001b[22m\n\n\u001b[1m\u001b[31m  \u001b[1m● \u001b[22m\u001b[1mMessageQueue › Error Handling and Edge Cases › should handle retry mechanism and delay selection\u001b[39m\u001b[22m\n\n    ReferenceError: Cannot access 'checkTimeout' before initialization\n\u001b[2m\u001b[22m\n\u001b[2m    \u001b[0m \u001b[90m 491 |\u001b[39m             \u001b[36mconst\u001b[39m timeoutPromise \u001b[33m=\u001b[39m \u001b[36mnew\u001b[39m \u001b[33mPromise\u001b[39m((resolve\u001b[33m,\u001b[39m reject) \u001b[33m=>\u001b[39m {\u001b[22m\n\u001b[2m     \u001b[90m 492 |\u001b[39m                 \u001b[36mconst\u001b[39m maxWaitTime \u001b[33m=\u001b[39m setTimeout(() \u001b[33m=>\u001b[39m {\u001b[22m\n\u001b[2m    \u001b[31m\u001b[1m>\u001b[22m\u001b[2m\u001b[39m\u001b[90m 493 |\u001b[39m                     clearInterval(checkTimeout)\u001b[33m;\u001b[39m\u001b[22m\n\u001b[2m     \u001b[90m     |\u001b[39m                                   \u001b[31m\u001b[1m^\u001b[22m\u001b[2m\u001b[39m\u001b[22m\n\u001b[2m     \u001b[90m 494 |\u001b[39m                     reject(\u001b[36mnew\u001b[39m \u001b[33mError\u001b[39m(\u001b[32m'Timeout waiting for retry'\u001b[39m))\u001b[33m;\u001b[39m\u001b[22m\n\u001b[2m     \u001b[90m 495 |\u001b[39m                 }\u001b[33m,\u001b[39m \u001b[35m1000\u001b[39m)\u001b[33m;\u001b[39m\u001b[22m\n\u001b[2m     \u001b[90m 496 |\u001b[39m\u001b[0m\u001b[22m\n\u001b[2m\u001b[22m\n\u001b[2m      \u001b[2mat checkTimeout (\u001b[22m\u001b[2m\u001b[0m\u001b[36mtests/unit/core/message-queue/message-queue.test.js\u001b[39m\u001b[0m\u001b[2m:493:35)\u001b[22m\u001b[2m\u001b[22m\n\u001b[2m      \u001b[2mat fn (\u001b[22m\u001b[2m\u001b[0m\u001b[36mtests/unit/core/message-queue/message-queue.test.js\u001b[39m\u001b[0m\u001b[2m:167:17)\u001b[22m\u001b[2m\u001b[22m\n\u001b[2m      \u001b[2mat setTimeout (\u001b[22m\u001b[2m\u001b[0m\u001b[36mtests/unit/core/message-queue/message-queue.test.js\u001b[39m\u001b[0m\u001b[2m:492:37)\u001b[22m\u001b[2m\u001b[22m\n\u001b[2m      \u001b[2mat Object.<anonymous> (\u001b[22m\u001b[2m\u001b[0m\u001b[36mtests/unit/core/message-queue/message-queue.test.js\u001b[39m\u001b[0m\u001b[2m:491:36)\u001b[22m\u001b[2m\u001b[22m\n","name":"/opt/mExpress/src/git-workflow-automation/tests/unit/core/message-queue/message-queue.test.js","startTime":1738948694506,"status":"failed","summary":""}],"wasInterrupted":false,"coverageMap":{"/opt/mExpress/src/git-workflow-automation/src/core/event-system/event-handler.js":{"path":"/opt/mExpress/src/git-workflow-automation/src/core/event-system/event-handler.js","statementMap":{"0":{"start":{"line":7,"column":8},"end":{"line":7,"column":34}},"1":{"start":{"line":17,"column":8},"end":{"line":17,"column":85}},"2":{"start":{"line":27,"column":8},"end":{"line":29,"column":9}},"3":{"start":{"line":28,"column":12},"end":{"line":28,"column":54}},"4":{"start":{"line":30,"column":8},"end":{"line":32,"column":9}},"5":{"start":{"line":31,"column":12},"end":{"line":31,"column":64}},"6":{"start":{"line":34,"column":8},"end":{"line":36,"column":9}},"7":{"start":{"line":35,"column":12},"end":{"line":35,"column":52}},"8":{"start":{"line":37,"column":8},"end":{"line":37,"column":50}},"9":{"start":{"line":47,"column":8},"end":{"line":49,"column":9}},"10":{"start":{"line":48,"column":12},"end":{"line":48,"column":19}},"11":{"start":{"line":51,"column":25},"end":{"line":51,"column":53}},"12":{"start":{"line":52,"column":8},"end":{"line":52,"column":33}},"13":{"start":{"line":55,"column":8},"end":{"line":57,"column":9}},"14":{"start":{"line":56,"column":12},"end":{"line":56,"column":44}},"15":{"start":{"line":66,"column":8},"end":{"line":66,"column":85}},"16":{"start":{"line":77,"column":8},"end":{"line":79,"column":9}},"17":{"start":{"line":78,"column":12},"end":{"line":78,"column":54}},"18":{"start":{"line":81,"column":8},"end":{"line":83,"column":9}},"19":{"start":{"line":82,"column":12},"end":{"line":82,"column":19}},"20":{"start":{"line":85,"column":25},"end":{"line":85,"column":53}},"21":{"start":{"line":86,"column":25},"end":{"line":86,"column":75}},"22":{"start":{"line":86,"column":61},"end":{"line":86,"column":74}},"23":{"start":{"line":87,"column":8},"end":{"line":87,"column":36}},"24":{"start":{"line":91,"column":0},"end":{"line":91,"column":34}}},"fnMap":{"0":{"name":"(anonymous_0)","decl":{"start":{"line":6,"column":4},"end":{"line":6,"column":5}},"loc":{"start":{"line":6,"column":18},"end":{"line":8,"column":5}},"line":6},"1":{"name":"(anonymous_1)","decl":{"start":{"line":16,"column":4},"end":{"line":16,"column":5}},"loc":{"start":{"line":16,"column":34},"end":{"line":18,"column":5}},"line":16},"2":{"name":"(anonymous_2)","decl":{"start":{"line":26,"column":4},"end":{"line":26,"column":5}},"loc":{"start":{"line":26,"column":27},"end":{"line":38,"column":5}},"line":26},"3":{"name":"(anonymous_3)","decl":{"start":{"line":45,"column":4},"end":{"line":45,"column":5}},"loc":{"start":{"line":45,"column":28},"end":{"line":58,"column":5}},"line":45},"4":{"name":"(anonymous_4)","decl":{"start":{"line":65,"column":4},"end":{"line":65,"column":5}},"loc":{"start":{"line":65,"column":26},"end":{"line":67,"column":5}},"line":65},"5":{"name":"(anonymous_5)","decl":{"start":{"line":76,"column":4},"end":{"line":76,"column":5}},"loc":{"start":{"line":76,"column":32},"end":{"line":88,"column":5}},"line":76},"6":{"name":"(anonymous_6)","decl":{"start":{"line":86,"column":50},"end":{"line":86,"column":51}},"loc":{"start":{"line":86,"column":61},"end":{"line":86,"column":74}},"line":86}},"branchMap":{"0":{"loc":{"start":{"line":17,"column":15},"end":{"line":17,"column":84}},"type":"binary-expr","locations":[{"start":{"line":17,"column":15},"end":{"line":17,"column":24}},{"start":{"line":17,"column":28},"end":{"line":17,"column":57}},{"start":{"line":17,"column":61},"end":{"line":17,"column":84}}],"line":17},"1":{"loc":{"start":{"line":27,"column":8},"end":{"line":29,"column":9}},"type":"if","locations":[{"start":{"line":27,"column":8},"end":{"line":29,"column":9}},{"start":{},"end":{}}],"line":27},"2":{"loc":{"start":{"line":30,"column":8},"end":{"line":32,"column":9}},"type":"if","locations":[{"start":{"line":30,"column":8},"end":{"line":32,"column":9}},{"start":{},"end":{}}],"line":30},"3":{"loc":{"start":{"line":34,"column":8},"end":{"line":36,"column":9}},"type":"if","locations":[{"start":{"line":34,"column":8},"end":{"line":36,"column":9}},{"start":{},"end":{}}],"line":34},"4":{"loc":{"start":{"line":47,"column":8},"end":{"line":49,"column":9}},"type":"if","locations":[{"start":{"line":47,"column":8},"end":{"line":49,"column":9}},{"start":{},"end":{}}],"line":47},"5":{"loc":{"start":{"line":47,"column":12},"end":{"line":47,"column":92}},"type":"binary-expr","locations":[{"start":{"line":47,"column":12},"end":{"line":47,"column":47}},{"start":{"line":47,"column":51},"end":{"line":47,"column":59}},{"start":{"line":47,"column":63},"end":{"line":47,"column":92}}],"line":47},"6":{"loc":{"start":{"line":55,"column":8},"end":{"line":57,"column":9}},"type":"if","locations":[{"start":{"line":55,"column":8},"end":{"line":57,"column":9}},{"start":{},"end":{}}],"line":55},"7":{"loc":{"start":{"line":66,"column":15},"end":{"line":66,"column":84}},"type":"binary-expr","locations":[{"start":{"line":66,"column":15},"end":{"line":66,"column":43}},{"start":{"line":66,"column":47},"end":{"line":66,"column":84}}],"line":66},"8":{"loc":{"start":{"line":77,"column":8},"end":{"line":79,"column":9}},"type":"if","locations":[{"start":{"line":77,"column":8},"end":{"line":79,"column":9}},{"start":{},"end":{}}],"line":77},"9":{"loc":{"start":{"line":81,"column":8},"end":{"line":83,"column":9}},"type":"if","locations":[{"start":{"line":81,"column":8},"end":{"line":83,"column":9}},{"start":{},"end":{}}],"line":81}},"s":{"0":35,"1":40,"2":13,"3":3,"4":10,"5":1,"6":9,"7":7,"8":9,"9":5,"10":2,"11":3,"12":3,"13":3,"14":2,"15":5,"16":22,"17":2,"18":20,"19":16,"20":4,"21":4,"22":5,"23":4,"24":2},"f":{"0":35,"1":40,"2":13,"3":5,"4":5,"5":22,"6":5},"b":{"0":[40,36,36],"1":[3,10],"2":[1,9],"3":[7,2],"4":[2,3],"5":[5,4,4],"6":[2,1],"7":[5,2],"8":[2,20],"9":[16,4]},"_coverageSchema":"1a1c01bbd47fc00a2c39e90264f33305004495a9","hash":"f4320600ba2c21f5c9def04ad5a2d52e64c9e28d"},"/opt/mExpress/src/git-workflow-automation/src/core/message-queue/message-queue.js":{"path":"/opt/mExpress/src/git-workflow-automation/src/core/message-queue/message-queue.js","statementMap":{"0":{"start":{"line":7,"column":8},"end":{"line":7,"column":41}},"1":{"start":{"line":8,"column":8},"end":{"line":8,"column":31}},"2":{"start":{"line":9,"column":8},"end":{"line":9,"column":31}},"3":{"start":{"line":10,"column":8},"end":{"line":10,"column":34}},"4":{"start":{"line":11,"column":8},"end":{"line":11,"column":32}},"5":{"start":{"line":12,"column":8},"end":{"line":12,"column":28}},"6":{"start":{"line":13,"column":8},"end":{"line":13,"column":46}},"7":{"start":{"line":14,"column":8},"end":{"line":14,"column":36}},"8":{"start":{"line":15,"column":8},"end":{"line":15,"column":34}},"9":{"start":{"line":16,"column":8},"end":{"line":16,"column":39}},"10":{"start":{"line":24,"column":8},"end":{"line":26,"column":9}},"11":{"start":{"line":25,"column":12},"end":{"line":25,"column":34}},"12":{"start":{"line":27,"column":8},"end":{"line":27,"column":30}},"13":{"start":{"line":30,"column":8},"end":{"line":32,"column":9}},"14":{"start":{"line":31,"column":12},"end":{"line":31,"column":62}},"15":{"start":{"line":35,"column":8},"end":{"line":35,"column":27}},"16":{"start":{"line":36,"column":8},"end":{"line":36,"column":27}},"17":{"start":{"line":37,"column":8},"end":{"line":37,"column":30}},"18":{"start":{"line":38,"column":8},"end":{"line":38,"column":32}},"19":{"start":{"line":39,"column":8},"end":{"line":39,"column":35}},"20":{"start":{"line":48,"column":8},"end":{"line":50,"column":9}},"21":{"start":{"line":49,"column":12},"end":{"line":49,"column":48}},"22":{"start":{"line":51,"column":8},"end":{"line":51,"column":46}},"23":{"start":{"line":61,"column":8},"end":{"line":73,"column":9}},"24":{"start":{"line":62,"column":29},"end":{"line":62,"column":53}},"25":{"start":{"line":63,"column":12},"end":{"line":72,"column":13}},"26":{"start":{"line":64,"column":16},"end":{"line":71,"column":17}},"27":{"start":{"line":65,"column":20},"end":{"line":65,"column":57}},"28":{"start":{"line":67,"column":20},"end":{"line":67,"column":71}},"29":{"start":{"line":68,"column":20},"end":{"line":70,"column":21}},"30":{"start":{"line":69,"column":24},"end":{"line":69,"column":36}},"31":{"start":{"line":82,"column":49},"end":{"line":82,"column":56}},"32":{"start":{"line":83,"column":8},"end":{"line":85,"column":9}},"33":{"start":{"line":84,"column":12},"end":{"line":84,"column":41}},"34":{"start":{"line":88,"column":30},"end":{"line":93,"column":9}},"35":{"start":{"line":95,"column":8},"end":{"line":95,"column":53}},"36":{"start":{"line":98,"column":8},"end":{"line":98,"column":59}},"37":{"start":{"line":99,"column":8},"end":{"line":99,"column":58}},"38":{"start":{"line":107,"column":25},"end":{"line":107,"column":27}},"39":{"start":{"line":108,"column":8},"end":{"line":110,"column":9}},"40":{"start":{"line":109,"column":12},"end":{"line":109,"column":71}},"41":{"start":{"line":109,"column":47},"end":{"line":109,"column":67}},"42":{"start":{"line":111,"column":8},"end":{"line":111,"column":64}},"43":{"start":{"line":111,"column":39},"end":{"line":111,"column":62}},"44":{"start":{"line":120,"column":8},"end":{"line":120,"column":41}},"45":{"start":{"line":130,"column":8},"end":{"line":130,"column":47}},"46":{"start":{"line":140,"column":8},"end":{"line":231,"column":9}},"47":{"start":{"line":141,"column":12},"end":{"line":141,"column":60}},"48":{"start":{"line":144,"column":12},"end":{"line":146,"column":13}},"49":{"start":{"line":145,"column":16},"end":{"line":145,"column":53}},"50":{"start":{"line":149,"column":12},"end":{"line":149,"column":72}},"51":{"start":{"line":152,"column":37},"end":{"line":156,"column":13}},"52":{"start":{"line":157,"column":12},"end":{"line":157,"column":66}},"53":{"start":{"line":158,"column":12},"end":{"line":158,"column":68}},"54":{"start":{"line":161,"column":12},"end":{"line":161,"column":47}},"55":{"start":{"line":163,"column":32},"end":{"line":163,"column":55}},"56":{"start":{"line":166,"column":12},"end":{"line":181,"column":13}},"57":{"start":{"line":167,"column":38},"end":{"line":172,"column":17}},"58":{"start":{"line":174,"column":16},"end":{"line":174,"column":67}},"59":{"start":{"line":175,"column":16},"end":{"line":179,"column":19}},"60":{"start":{"line":180,"column":16},"end":{"line":180,"column":23}},"61":{"start":{"line":184,"column":35},"end":{"line":189,"column":13}},"62":{"start":{"line":191,"column":12},"end":{"line":191,"column":64}},"63":{"start":{"line":194,"column":12},"end":{"line":194,"column":44}},"64":{"start":{"line":196,"column":12},"end":{"line":201,"column":15}},"65":{"start":{"line":204,"column":12},"end":{"line":230,"column":13}},"66":{"start":{"line":205,"column":38},"end":{"line":205,"column":40}},"67":{"start":{"line":206,"column":16},"end":{"line":208,"column":17}},"68":{"start":{"line":207,"column":20},"end":{"line":207,"column":54}},"69":{"start":{"line":209,"column":16},"end":{"line":212,"column":19}},"70":{"start":{"line":214,"column":37},"end":{"line":217,"column":18}},"71":{"start":{"line":218,"column":16},"end":{"line":218,"column":53}},"72":{"start":{"line":219,"column":16},"end":{"line":221,"column":19}},"73":{"start":{"line":220,"column":20},"end":{"line":220,"column":60}},"74":{"start":{"line":224,"column":30},"end":{"line":224,"column":97}},"75":{"start":{"line":225,"column":32},"end":{"line":228,"column":25}},"76":{"start":{"line":226,"column":20},"end":{"line":226,"column":49}},"77":{"start":{"line":227,"column":20},"end":{"line":227,"column":50}},"78":{"start":{"line":229,"column":16},"end":{"line":229,"column":43}},"79":{"start":{"line":239,"column":8},"end":{"line":239,"column":36}},"80":{"start":{"line":239,"column":29},"end":{"line":239,"column":36}},"81":{"start":{"line":240,"column":8},"end":{"line":240,"column":31}},"82":{"start":{"line":242,"column":8},"end":{"line":257,"column":9}},"83":{"start":{"line":244,"column":31},"end":{"line":244,"column":82}},"84":{"start":{"line":244,"column":76},"end":{"line":244,"column":81}},"85":{"start":{"line":246,"column":12},"end":{"line":254,"column":13}},"86":{"start":{"line":247,"column":33},"end":{"line":247,"column":57}},"87":{"start":{"line":250,"column":16},"end":{"line":250,"column":90}},"88":{"start":{"line":250,"column":58},"end":{"line":250,"column":87}},"89":{"start":{"line":253,"column":16},"end":{"line":253,"column":45}},"90":{"start":{"line":256,"column":12},"end":{"line":256,"column":36}},"91":{"start":{"line":261,"column":0},"end":{"line":261,"column":34}}},"fnMap":{"0":{"name":"(anonymous_0)","decl":{"start":{"line":6,"column":4},"end":{"line":6,"column":5}},"loc":{"start":{"line":6,"column":30},"end":{"line":17,"column":5}},"line":6},"1":{"name":"(anonymous_1)","decl":{"start":{"line":22,"column":4},"end":{"line":22,"column":5}},"loc":{"start":{"line":22,"column":20},"end":{"line":40,"column":5}},"line":22},"2":{"name":"(anonymous_2)","decl":{"start":{"line":47,"column":4},"end":{"line":47,"column":5}},"loc":{"start":{"line":47,"column":23},"end":{"line":52,"column":5}},"line":47},"3":{"name":"(anonymous_3)","decl":{"start":{"line":60,"column":4},"end":{"line":60,"column":5}},"loc":{"start":{"line":60,"column":29},"end":{"line":74,"column":5}},"line":60},"4":{"name":"(anonymous_4)","decl":{"start":{"line":81,"column":4},"end":{"line":81,"column":5}},"loc":{"start":{"line":81,"column":27},"end":{"line":100,"column":5}},"line":81},"5":{"name":"(anonymous_5)","decl":{"start":{"line":106,"column":4},"end":{"line":106,"column":5}},"loc":{"start":{"line":106,"column":31},"end":{"line":112,"column":5}},"line":106},"6":{"name":"(anonymous_6)","decl":{"start":{"line":109,"column":39},"end":{"line":109,"column":40}},"loc":{"start":{"line":109,"column":47},"end":{"line":109,"column":67}},"line":109},"7":{"name":"(anonymous_7)","decl":{"start":{"line":111,"column":29},"end":{"line":111,"column":30}},"loc":{"start":{"line":111,"column":39},"end":{"line":111,"column":62}},"line":111},"8":{"name":"(anonymous_8)","decl":{"start":{"line":119,"column":4},"end":{"line":119,"column":5}},"loc":{"start":{"line":119,"column":38},"end":{"line":121,"column":5}},"line":119},"9":{"name":"(anonymous_9)","decl":{"start":{"line":129,"column":4},"end":{"line":129,"column":5}},"loc":{"start":{"line":129,"column":40},"end":{"line":131,"column":5}},"line":129},"10":{"name":"(anonymous_10)","decl":{"start":{"line":139,"column":4},"end":{"line":139,"column":5}},"loc":{"start":{"line":139,"column":35},"end":{"line":232,"column":5}},"line":139},"11":{"name":"(anonymous_11)","decl":{"start":{"line":219,"column":44},"end":{"line":219,"column":45}},"loc":{"start":{"line":219,"column":50},"end":{"line":221,"column":17}},"line":219},"12":{"name":"(anonymous_12)","decl":{"start":{"line":225,"column":43},"end":{"line":225,"column":44}},"loc":{"start":{"line":225,"column":49},"end":{"line":228,"column":17}},"line":225},"13":{"name":"(anonymous_13)","decl":{"start":{"line":238,"column":4},"end":{"line":238,"column":5}},"loc":{"start":{"line":238,"column":25},"end":{"line":258,"column":5}},"line":238},"14":{"name":"(anonymous_14)","decl":{"start":{"line":244,"column":66},"end":{"line":244,"column":67}},"loc":{"start":{"line":244,"column":76},"end":{"line":244,"column":81}},"line":244},"15":{"name":"(anonymous_15)","decl":{"start":{"line":250,"column":47},"end":{"line":250,"column":48}},"loc":{"start":{"line":250,"column":58},"end":{"line":250,"column":87}},"line":250}},"branchMap":{"0":{"loc":{"start":{"line":30,"column":8},"end":{"line":32,"column":9}},"type":"if","locations":[{"start":{"line":30,"column":8},"end":{"line":32,"column":9}},{"start":{},"end":{}}],"line":30},"1":{"loc":{"start":{"line":48,"column":8},"end":{"line":50,"column":9}},"type":"if","locations":[{"start":{"line":48,"column":8},"end":{"line":50,"column":9}},{"start":{},"end":{}}],"line":48},"2":{"loc":{"start":{"line":61,"column":8},"end":{"line":73,"column":9}},"type":"if","locations":[{"start":{"line":61,"column":8},"end":{"line":73,"column":9}},{"start":{},"end":{}}],"line":61},"3":{"loc":{"start":{"line":68,"column":20},"end":{"line":70,"column":21}},"type":"if","locations":[{"start":{"line":68,"column":20},"end":{"line":70,"column":21}},{"start":{},"end":{}}],"line":68},"4":{"loc":{"start":{"line":82,"column":16},"end":{"line":82,"column":28}},"type":"default-arg","locations":[{"start":{"line":82,"column":27},"end":{"line":82,"column":28}}],"line":82},"5":{"loc":{"start":{"line":82,"column":30},"end":{"line":82,"column":44}},"type":"default-arg","locations":[{"start":{"line":82,"column":43},"end":{"line":82,"column":44}}],"line":82},"6":{"loc":{"start":{"line":83,"column":8},"end":{"line":85,"column":9}},"type":"if","locations":[{"start":{"line":83,"column":8},"end":{"line":85,"column":9}},{"start":{},"end":{}}],"line":83},"7":{"loc":{"start":{"line":144,"column":12},"end":{"line":146,"column":13}},"type":"if","locations":[{"start":{"line":144,"column":12},"end":{"line":146,"column":13}},{"start":{},"end":{}}],"line":144},"8":{"loc":{"start":{"line":163,"column":32},"end":{"line":163,"column":55}},"type":"binary-expr","locations":[{"start":{"line":163,"column":32},"end":{"line":163,"column":50}},{"start":{"line":163,"column":54},"end":{"line":163,"column":55}}],"line":163},"9":{"loc":{"start":{"line":166,"column":12},"end":{"line":181,"column":13}},"type":"if","locations":[{"start":{"line":166,"column":12},"end":{"line":181,"column":13}},{"start":{},"end":{}}],"line":166},"10":{"loc":{"start":{"line":204,"column":12},"end":{"line":230,"column":13}},"type":"if","locations":[{"start":{"line":204,"column":12},"end":{"line":230,"column":13}},{"start":{"line":222,"column":19},"end":{"line":230,"column":13}}],"line":204},"11":{"loc":{"start":{"line":206,"column":16},"end":{"line":208,"column":17}},"type":"if","locations":[{"start":{"line":206,"column":16},"end":{"line":208,"column":17}},{"start":{},"end":{}}],"line":206},"12":{"loc":{"start":{"line":239,"column":8},"end":{"line":239,"column":36}},"type":"if","locations":[{"start":{"line":239,"column":8},"end":{"line":239,"column":36}},{"start":{},"end":{}}],"line":239}},"s":{"0":19,"1":19,"2":19,"3":19,"4":19,"5":19,"6":19,"7":19,"8":19,"9":19,"10":21,"11":0,"12":21,"13":21,"14":0,"15":21,"16":21,"17":21,"18":21,"19":21,"20":16,"21":15,"22":16,"23":111,"24":28,"25":28,"26":28,"27":28,"28":4,"29":4,"30":4,"31":29,"32":29,"33":21,"34":29,"35":29,"36":29,"37":29,"38":1,"39":1,"40":1,"41":1,"42":1,"43":0,"44":10,"45":70,"46":41,"47":41,"48":37,"49":18,"50":19,"51":16,"52":16,"53":16,"54":16,"55":25,"56":25,"57":9,"58":9,"59":9,"60":9,"61":16,"62":16,"63":16,"64":16,"65":16,"66":15,"67":15,"68":6,"69":15,"70":15,"71":15,"72":15,"73":15,"74":1,"75":1,"76":1,"77":1,"78":1,"79":18,"80":0,"81":18,"82":18,"83":18,"84":3,"85":18,"86":20,"87":20,"88":26,"89":20,"90":18,"91":1},"f":{"0":19,"1":21,"2":16,"3":111,"4":29,"5":1,"6":1,"7":0,"8":10,"9":70,"10":41,"11":15,"12":1,"13":18,"14":3,"15":26},"b":{"0":[0,21],"1":[15,1],"2":[28,83],"3":[4,0],"4":[0],"5":[26],"6":[21,8],"7":[18,19],"8":[25,9],"9":[9,16],"10":[15,1],"11":[6,9],"12":[0,18]},"_coverageSchema":"1a1c01bbd47fc00a2c39e90264f33305004495a9","hash":"cc776036e22f5cdc0109ce93fb6f60fa74556f5e"}}}
