{"numFailedTestSuites":2,"numFailedTests":5,"numPassedTestSuites":22,"numPassedTests":280,"numPendingTestSuites":0,"numPendingTests":0,"numRuntimeErrorTestSuites":0,"numTodoTests":0,"numTotalTestSuites":24,"numTotalTests":285,"openHandles":[],"snapshot":{"added":0,"didUpdate":false,"failure":false,"filesAdded":0,"filesRemoved":0,"filesRemovedList":[],"filesUnmatched":0,"filesUpdated":0,"matched":0,"total":0,"unchecked":0,"uncheckedKeysByFile":[],"unmatched":0,"updated":0},"startTime":1738952766192,"success":false,"testResults":[{"assertionResults":[{"ancestorTitles":["EventHandler","Event Registration"],"duration":13,"failureDetails":[],"failureMessages":[],"fullName":"EventHandler Event Registration should register an event handler successfully","invocations":1,"location":null,"numPassingAsserts":1,"retryReasons":[],"status":"passed","title":"should register an event handler successfully"},{"ancestorTitles":["EventHandler","Event Registration"],"duration":11,"failureDetails":[],"failureMessages":[],"fullName":"EventHandler Event Registration should throw error when registering handler without event name","invocations":1,"location":null,"numPassingAsserts":1,"retryReasons":[],"status":"passed","title":"should throw error when registering handler without event name"},{"ancestorTitles":["EventHandler","Event Registration"],"duration":3,"failureDetails":[],"failureMessages":[],"fullName":"EventHandler Event Registration should throw error when registering invalid handler","invocations":1,"location":null,"numPassingAsserts":1,"retryReasons":[],"status":"passed","title":"should throw error when registering invalid handler"},{"ancestorTitles":["EventHandler","Event Registration"],"duration":4,"failureDetails":[],"failureMessages":[],"fullName":"EventHandler Event Registration should throw error when registering with empty event name","invocations":1,"location":null,"numPassingAsserts":1,"retryReasons":[],"status":"passed","title":"should throw error when registering with empty event name"},{"ancestorTitles":["EventHandler","Event Registration"],"duration":5,"failureDetails":[],"failureMessages":[],"fullName":"EventHandler Event Registration should throw error when registering with whitespace event name","invocations":1,"location":null,"numPassingAsserts":1,"retryReasons":[],"status":"passed","title":"should throw error when registering with whitespace event name"},{"ancestorTitles":["EventHandler","Event Emission"],"duration":5,"failureDetails":[],"failureMessages":[],"fullName":"EventHandler Event Emission should emit event to registered handler","invocations":1,"location":null,"numPassingAsserts":1,"retryReasons":[],"status":"passed","title":"should emit event to registered handler"},{"ancestorTitles":["EventHandler","Event Emission"],"duration":2,"failureDetails":[],"failureMessages":[],"fullName":"EventHandler Event Emission should handle multiple handlers for same event","invocations":1,"location":null,"numPassingAsserts":2,"retryReasons":[],"status":"passed","title":"should handle multiple handlers for same event"},{"ancestorTitles":["EventHandler","Event Emission"],"duration":2,"failureDetails":[],"failureMessages":[],"fullName":"EventHandler Event Emission should handle emission of event with no handlers","invocations":1,"location":null,"numPassingAsserts":1,"retryReasons":[],"status":"passed","title":"should handle emission of event with no handlers"},{"ancestorTitles":["EventHandler","Event Emission"],"duration":2,"failureDetails":[],"failureMessages":[],"fullName":"EventHandler Event Emission should handle emission of event with undefined data","invocations":1,"location":null,"numPassingAsserts":1,"retryReasons":[],"status":"passed","title":"should handle emission of event with undefined data"},{"ancestorTitles":["EventHandler","Event Emission"],"duration":3,"failureDetails":[],"failureMessages":[],"fullName":"EventHandler Event Emission should throw error when emitting with invalid event name","invocations":1,"location":null,"numPassingAsserts":1,"retryReasons":[],"status":"passed","title":"should throw error when emitting with invalid event name"},{"ancestorTitles":["EventHandler","Event Emission"],"duration":3,"failureDetails":[],"failureMessages":[],"fullName":"EventHandler Event Emission should throw error when emitting with whitespace event name","invocations":1,"location":null,"numPassingAsserts":1,"retryReasons":[],"status":"passed","title":"should throw error when emitting with whitespace event name"},{"ancestorTitles":["EventHandler","Handler Management"],"duration":2,"failureDetails":[],"failureMessages":[],"fullName":"EventHandler Handler Management should return false for hasHandler with non-existent event","invocations":1,"location":null,"numPassingAsserts":1,"retryReasons":[],"status":"passed","title":"should return false for hasHandler with non-existent event"},{"ancestorTitles":["EventHandler","Handler Management"],"duration":1,"failureDetails":[],"failureMessages":[],"fullName":"EventHandler Handler Management should handle removal of event handler","invocations":1,"location":null,"numPassingAsserts":1,"retryReasons":[],"status":"passed","title":"should handle removal of event handler"},{"ancestorTitles":["EventHandler","Handler Management"],"duration":2,"failureDetails":[],"failureMessages":[],"fullName":"EventHandler Handler Management should handle removal of non-existent handler","invocations":1,"location":null,"numPassingAsserts":1,"retryReasons":[],"status":"passed","title":"should handle removal of non-existent handler"},{"ancestorTitles":["EventHandler","Handler Management"],"duration":1,"failureDetails":[],"failureMessages":[],"fullName":"EventHandler Handler Management should handle removal with invalid event name","invocations":1,"location":null,"numPassingAsserts":1,"retryReasons":[],"status":"passed","title":"should handle removal with invalid event name"},{"ancestorTitles":["EventHandler","Handler Management"],"duration":1,"failureDetails":[],"failureMessages":[],"fullName":"EventHandler Handler Management should handle multiple handler removals correctly","invocations":1,"location":null,"numPassingAsserts":2,"retryReasons":[],"status":"passed","title":"should handle multiple handler removals correctly"}],"endTime":1738952772092,"message":"","name":"/opt/mExpress/src/git-workflow-automation/tests/unit/event-system/event-handler.test.js","startTime":1738952768797,"status":"passed","summary":""},{"assertionResults":[{"ancestorTitles":["ServiceDeployment","Configuration Setup"],"duration":15,"failureDetails":[],"failureMessages":[],"fullName":"ServiceDeployment Configuration Setup should create valid deployment configuration","invocations":1,"location":null,"numPassingAsserts":7,"retryReasons":[],"status":"passed","title":"should create valid deployment configuration"},{"ancestorTitles":["ServiceDeployment","Configuration Setup"],"duration":104,"failureDetails":[{"matcherResult":{"message":"expect(received).toThrow(expected)\n\nExpected substring: \"Invalid deployment configuration\"\nReceived message:   \"Invalid service configuration\"\n\n      35 |     // Validate required fields\n      36 |     if (!options.name || !options.namespace || !options.image || !options.version || !options.ports.length) {\n    > 37 |       throw new Error('Invalid service configuration');\n         |             ^\n      38 |     }\n      39 |\n      40 |     // Validate ports\n\n      at ServiceDeployment.validateConfig (src/lib/service-deployment.ts:37:13)\n      at new validateConfig (src/lib/service-deployment.ts:23:10)\n      at src/tests/infrastructure/service-deployment.test.ts:30:20\n      at Object.<anonymous> (node_modules/expect/build/toThrowMatchers.js:74:11)\n      at Object.throwingMatcher [as toThrow] (node_modules/expect/build/index.js:320:21)\n      at Object.<anonymous> (src/tests/infrastructure/service-deployment.test.ts:36:11)","pass":false}}],"failureMessages":["Error: expect(received).toThrow(expected)\n\nExpected substring: \"Invalid deployment configuration\"\nReceived message:   \"Invalid service configuration\"\n\n      35 |     // Validate required fields\n      36 |     if (!options.name || !options.namespace || !options.image || !options.version || !options.ports.length) {\n    > 37 |       throw new Error('Invalid service configuration');\n         |             ^\n      38 |     }\n      39 |\n      40 |     // Validate ports\n\n      at ServiceDeployment.validateConfig (src/lib/service-deployment.ts:37:13)\n      at new validateConfig (src/lib/service-deployment.ts:23:10)\n      at src/tests/infrastructure/service-deployment.test.ts:30:20\n      at Object.<anonymous> (node_modules/expect/build/toThrowMatchers.js:74:11)\n      at Object.throwingMatcher [as toThrow] (node_modules/expect/build/index.js:320:21)\n      at Object.<anonymous> (src/tests/infrastructure/service-deployment.test.ts:36:11)\n    at Object.<anonymous> (/opt/mExpress/src/tests/infrastructure/service-deployment.test.ts:36:11)\n    at Promise.then.completed (/opt/mExpress/node_modules/jest-circus/build/utils.js:298:28)\n    at new Promise (<anonymous>)\n    at callAsyncCircusFn (/opt/mExpress/node_modules/jest-circus/build/utils.js:231:10)\n    at _callCircusTest (/opt/mExpress/node_modules/jest-circus/build/run.js:316:40)\n    at processTicksAndRejections (node:internal/process/task_queues:95:5)\n    at _runTest (/opt/mExpress/node_modules/jest-circus/build/run.js:252:3)\n    at _runTestsForDescribeBlock (/opt/mExpress/node_modules/jest-circus/build/run.js:126:9)\n    at _runTestsForDescribeBlock (/opt/mExpress/node_modules/jest-circus/build/run.js:121:9)\n    at _runTestsForDescribeBlock (/opt/mExpress/node_modules/jest-circus/build/run.js:121:9)\n    at run (/opt/mExpress/node_modules/jest-circus/build/run.js:71:3)\n    at runAndTransformResultsToJestFormat (/opt/mExpress/node_modules/jest-circus/build/legacy-code-todo-rewrite/jestAdapterInit.js:122:21)\n    at jestAdapter (/opt/mExpress/node_modules/jest-circus/build/legacy-code-todo-rewrite/jestAdapter.js:79:19)\n    at runTestInternal (/opt/mExpress/node_modules/jest-runner/build/runTest.js:367:16)\n    at runTest (/opt/mExpress/node_modules/jest-runner/build/runTest.js:444:34)\n    at Object.worker (/opt/mExpress/node_modules/jest-runner/build/testWorker.js:106:12)"],"fullName":"ServiceDeployment Configuration Setup should throw error for invalid configuration","invocations":1,"location":null,"numPassingAsserts":0,"retryReasons":[],"status":"failed","title":"should throw error for invalid configuration"},{"ancestorTitles":["ServiceDeployment","Health Check Configuration"],"duration":15,"failureDetails":[],"failureMessages":[],"fullName":"ServiceDeployment Health Check Configuration should configure health check","invocations":1,"location":null,"numPassingAsserts":7,"retryReasons":[],"status":"passed","title":"should configure health check"},{"ancestorTitles":["ServiceDeployment","Health Check Configuration"],"duration":9,"failureDetails":[{"matcherResult":{"message":"expect(received).toThrow(expected)\n\nExpected substring: \"Invalid deployment configuration\"\nReceived message:   \"Invalid service configuration\"\n\n      57 |         failureThreshold < 1\n      58 |       ) {\n    > 59 |         throw new Error('Invalid service configuration');\n         |               ^\n      60 |       }\n      61 |     }\n      62 |\n\n      at ServiceDeployment.validateConfig (src/lib/service-deployment.ts:59:15)\n      at new validateConfig (src/lib/service-deployment.ts:23:10)\n      at src/tests/infrastructure/service-deployment.test.ts:74:20\n      at Object.<anonymous> (node_modules/expect/build/toThrowMatchers.js:74:11)\n      at Object.throwingMatcher [as toThrow] (node_modules/expect/build/index.js:320:21)\n      at Object.<anonymous> (src/tests/infrastructure/service-deployment.test.ts:89:11)","pass":false}}],"failureMessages":["Error: expect(received).toThrow(expected)\n\nExpected substring: \"Invalid deployment configuration\"\nReceived message:   \"Invalid service configuration\"\n\n      57 |         failureThreshold < 1\n      58 |       ) {\n    > 59 |         throw new Error('Invalid service configuration');\n         |               ^\n      60 |       }\n      61 |     }\n      62 |\n\n      at ServiceDeployment.validateConfig (src/lib/service-deployment.ts:59:15)\n      at new validateConfig (src/lib/service-deployment.ts:23:10)\n      at src/tests/infrastructure/service-deployment.test.ts:74:20\n      at Object.<anonymous> (node_modules/expect/build/toThrowMatchers.js:74:11)\n      at Object.throwingMatcher [as toThrow] (node_modules/expect/build/index.js:320:21)\n      at Object.<anonymous> (src/tests/infrastructure/service-deployment.test.ts:89:11)\n    at Object.<anonymous> (/opt/mExpress/src/tests/infrastructure/service-deployment.test.ts:89:11)\n    at Promise.then.completed (/opt/mExpress/node_modules/jest-circus/build/utils.js:298:28)\n    at new Promise (<anonymous>)\n    at callAsyncCircusFn (/opt/mExpress/node_modules/jest-circus/build/utils.js:231:10)\n    at _callCircusTest (/opt/mExpress/node_modules/jest-circus/build/run.js:316:40)\n    at processTicksAndRejections (node:internal/process/task_queues:95:5)\n    at _runTest (/opt/mExpress/node_modules/jest-circus/build/run.js:252:3)\n    at _runTestsForDescribeBlock (/opt/mExpress/node_modules/jest-circus/build/run.js:126:9)\n    at _runTestsForDescribeBlock (/opt/mExpress/node_modules/jest-circus/build/run.js:121:9)\n    at _runTestsForDescribeBlock (/opt/mExpress/node_modules/jest-circus/build/run.js:121:9)\n    at run (/opt/mExpress/node_modules/jest-circus/build/run.js:71:3)\n    at runAndTransformResultsToJestFormat (/opt/mExpress/node_modules/jest-circus/build/legacy-code-todo-rewrite/jestAdapterInit.js:122:21)\n    at jestAdapter (/opt/mExpress/node_modules/jest-circus/build/legacy-code-todo-rewrite/jestAdapter.js:79:19)\n    at runTestInternal (/opt/mExpress/node_modules/jest-runner/build/runTest.js:367:16)\n    at runTest (/opt/mExpress/node_modules/jest-runner/build/runTest.js:444:34)\n    at Object.worker (/opt/mExpress/node_modules/jest-runner/build/testWorker.js:106:12)"],"fullName":"ServiceDeployment Health Check Configuration should validate health check configuration","invocations":1,"location":null,"numPassingAsserts":0,"retryReasons":[],"status":"failed","title":"should validate health check configuration"},{"ancestorTitles":["ServiceDeployment","Resource Configuration"],"duration":3,"failureDetails":[],"failureMessages":[],"fullName":"ServiceDeployment Resource Configuration should configure resource limits","invocations":1,"location":null,"numPassingAsserts":4,"retryReasons":[],"status":"passed","title":"should configure resource limits"},{"ancestorTitles":["ServiceDeployment","Resource Configuration"],"duration":5,"failureDetails":[{"matcherResult":{"message":"expect(received).toThrow(expected)\n\nExpected substring: \"Invalid deployment configuration\"\nReceived message:   \"Invalid service configuration\"\n\n      71 |         (limits?.cpu && !cpuRegex.test(limits.cpu))\n      72 |       ) {\n    > 73 |         throw new Error('Invalid service configuration');\n         |               ^\n      74 |       }\n      75 |\n      76 |       // Validate memory format (e.g., '128Mi', '1Gi')\n\n      at ServiceDeployment.validateConfig (src/lib/service-deployment.ts:73:15)\n      at new validateConfig (src/lib/service-deployment.ts:23:10)\n      at src/tests/infrastructure/service-deployment.test.ts:125:20\n      at Object.<anonymous> (node_modules/expect/build/toThrowMatchers.js:74:11)\n      at Object.throwingMatcher [as toThrow] (node_modules/expect/build/index.js:320:21)\n      at Object.<anonymous> (src/tests/infrastructure/service-deployment.test.ts:141:11)","pass":false}}],"failureMessages":["Error: expect(received).toThrow(expected)\n\nExpected substring: \"Invalid deployment configuration\"\nReceived message:   \"Invalid service configuration\"\n\n      71 |         (limits?.cpu && !cpuRegex.test(limits.cpu))\n      72 |       ) {\n    > 73 |         throw new Error('Invalid service configuration');\n         |               ^\n      74 |       }\n      75 |\n      76 |       // Validate memory format (e.g., '128Mi', '1Gi')\n\n      at ServiceDeployment.validateConfig (src/lib/service-deployment.ts:73:15)\n      at new validateConfig (src/lib/service-deployment.ts:23:10)\n      at src/tests/infrastructure/service-deployment.test.ts:125:20\n      at Object.<anonymous> (node_modules/expect/build/toThrowMatchers.js:74:11)\n      at Object.throwingMatcher [as toThrow] (node_modules/expect/build/index.js:320:21)\n      at Object.<anonymous> (src/tests/infrastructure/service-deployment.test.ts:141:11)\n    at Object.<anonymous> (/opt/mExpress/src/tests/infrastructure/service-deployment.test.ts:141:11)\n    at Promise.then.completed (/opt/mExpress/node_modules/jest-circus/build/utils.js:298:28)\n    at new Promise (<anonymous>)\n    at callAsyncCircusFn (/opt/mExpress/node_modules/jest-circus/build/utils.js:231:10)\n    at _callCircusTest (/opt/mExpress/node_modules/jest-circus/build/run.js:316:40)\n    at processTicksAndRejections (node:internal/process/task_queues:95:5)\n    at _runTest (/opt/mExpress/node_modules/jest-circus/build/run.js:252:3)\n    at _runTestsForDescribeBlock (/opt/mExpress/node_modules/jest-circus/build/run.js:126:9)\n    at _runTestsForDescribeBlock (/opt/mExpress/node_modules/jest-circus/build/run.js:121:9)\n    at _runTestsForDescribeBlock (/opt/mExpress/node_modules/jest-circus/build/run.js:121:9)\n    at run (/opt/mExpress/node_modules/jest-circus/build/run.js:71:3)\n    at runAndTransformResultsToJestFormat (/opt/mExpress/node_modules/jest-circus/build/legacy-code-todo-rewrite/jestAdapterInit.js:122:21)\n    at jestAdapter (/opt/mExpress/node_modules/jest-circus/build/legacy-code-todo-rewrite/jestAdapter.js:79:19)\n    at runTestInternal (/opt/mExpress/node_modules/jest-runner/build/runTest.js:367:16)\n    at runTest (/opt/mExpress/node_modules/jest-runner/build/runTest.js:444:34)\n    at Object.worker (/opt/mExpress/node_modules/jest-runner/build/testWorker.js:106:12)"],"fullName":"ServiceDeployment Resource Configuration should validate resource configuration","invocations":1,"location":null,"numPassingAsserts":0,"retryReasons":[],"status":"failed","title":"should validate resource configuration"}],"endTime":1738952772129,"message":"  ● ServiceDeployment › Configuration Setup › should throw error for invalid configuration\n\n    expect(received).toThrow(expected)\n\n    Expected substring: \"Invalid deployment configuration\"\n    Received message:   \"Invalid service configuration\"\n\n          35 |     // Validate required fields\n          36 |     if (!options.name || !options.namespace || !options.image || !options.version || !options.ports.length) {\n        > 37 |       throw new Error('Invalid service configuration');\n             |             ^\n          38 |     }\n          39 |\n          40 |     // Validate ports\n\n      at ServiceDeployment.validateConfig (src/lib/service-deployment.ts:37:13)\n      at new validateConfig (src/lib/service-deployment.ts:23:10)\n      at src/tests/infrastructure/service-deployment.test.ts:30:20\n      at Object.<anonymous> (node_modules/expect/build/toThrowMatchers.js:74:11)\n      at Object.throwingMatcher [as toThrow] (node_modules/expect/build/index.js:320:21)\n      at Object.<anonymous> (src/tests/infrastructure/service-deployment.test.ts:36:11)\n      at Object.<anonymous> (src/tests/infrastructure/service-deployment.test.ts:36:11)\n\n  ● ServiceDeployment › Health Check Configuration › should validate health check configuration\n\n    expect(received).toThrow(expected)\n\n    Expected substring: \"Invalid deployment configuration\"\n    Received message:   \"Invalid service configuration\"\n\n          57 |         failureThreshold < 1\n          58 |       ) {\n        > 59 |         throw new Error('Invalid service configuration');\n             |               ^\n          60 |       }\n          61 |     }\n          62 |\n\n      at ServiceDeployment.validateConfig (src/lib/service-deployment.ts:59:15)\n      at new validateConfig (src/lib/service-deployment.ts:23:10)\n      at src/tests/infrastructure/service-deployment.test.ts:74:20\n      at Object.<anonymous> (node_modules/expect/build/toThrowMatchers.js:74:11)\n      at Object.throwingMatcher [as toThrow] (node_modules/expect/build/index.js:320:21)\n      at Object.<anonymous> (src/tests/infrastructure/service-deployment.test.ts:89:11)\n      at Object.<anonymous> (src/tests/infrastructure/service-deployment.test.ts:89:11)\n\n  ● ServiceDeployment › Resource Configuration › should validate resource configuration\n\n    expect(received).toThrow(expected)\n\n    Expected substring: \"Invalid deployment configuration\"\n    Received message:   \"Invalid service configuration\"\n\n          71 |         (limits?.cpu && !cpuRegex.test(limits.cpu))\n          72 |       ) {\n        > 73 |         throw new Error('Invalid service configuration');\n             |               ^\n          74 |       }\n          75 |\n          76 |       // Validate memory format (e.g., '128Mi', '1Gi')\n\n      at ServiceDeployment.validateConfig (src/lib/service-deployment.ts:73:15)\n      at new validateConfig (src/lib/service-deployment.ts:23:10)\n      at src/tests/infrastructure/service-deployment.test.ts:125:20\n      at Object.<anonymous> (node_modules/expect/build/toThrowMatchers.js:74:11)\n      at Object.throwingMatcher [as toThrow] (node_modules/expect/build/index.js:320:21)\n      at Object.<anonymous> (src/tests/infrastructure/service-deployment.test.ts:141:11)\n      at Object.<anonymous> (src/tests/infrastructure/service-deployment.test.ts:141:11)\n","name":"/opt/mExpress/src/tests/infrastructure/service-deployment.test.ts","startTime":1738952768576,"status":"failed","summary":""},{"assertionResults":[{"ancestorTitles":["Pipeline","Configuration Setup"],"duration":15,"failureDetails":[],"failureMessages":[],"fullName":"Pipeline Configuration Setup should create valid pipeline configuration","invocations":1,"location":null,"numPassingAsserts":5,"retryReasons":[],"status":"passed","title":"should create valid pipeline configuration"},{"ancestorTitles":["Pipeline","Configuration Setup"],"duration":145,"failureDetails":[],"failureMessages":[],"fullName":"Pipeline Configuration Setup should throw error for invalid configuration","invocations":1,"location":null,"numPassingAsserts":1,"retryReasons":[],"status":"passed","title":"should throw error for invalid configuration"},{"ancestorTitles":["Pipeline","Stage Execution"],"duration":4,"failureDetails":[],"failureMessages":[],"fullName":"Pipeline Stage Execution should execute stage successfully","invocations":1,"location":null,"numPassingAsserts":3,"retryReasons":[],"status":"passed","title":"should execute stage successfully"},{"ancestorTitles":["Pipeline","Stage Execution"],"duration":4,"failureDetails":[],"failureMessages":[],"fullName":"Pipeline Stage Execution should handle stage failure with retries","invocations":1,"location":null,"numPassingAsserts":2,"retryReasons":[],"status":"passed","title":"should handle stage failure with retries"},{"ancestorTitles":["Pipeline","Build Automation"],"duration":3,"failureDetails":[],"failureMessages":[],"fullName":"Pipeline Build Automation should execute build process","invocations":1,"location":null,"numPassingAsserts":3,"retryReasons":[],"status":"passed","title":"should execute build process"},{"ancestorTitles":["Pipeline","Build Automation"],"duration":38,"failureDetails":[],"failureMessages":[],"fullName":"Pipeline Build Automation should utilize build cache","invocations":1,"location":null,"numPassingAsserts":1,"retryReasons":[],"status":"passed","title":"should utilize build cache"},{"ancestorTitles":["Pipeline","Test Integration"],"duration":3,"failureDetails":[],"failureMessages":[],"fullName":"Pipeline Test Integration should execute test suites","invocations":1,"location":null,"numPassingAsserts":6,"retryReasons":[],"status":"passed","title":"should execute test suites"},{"ancestorTitles":["Pipeline","Deployment Automation"],"duration":153,"failureDetails":[],"failureMessages":[],"fullName":"Pipeline Deployment Automation should execute deployment","invocations":1,"location":null,"numPassingAsserts":2,"retryReasons":[],"status":"passed","title":"should execute deployment"},{"ancestorTitles":["Pipeline","Deployment Automation"],"duration":588,"failureDetails":[],"failureMessages":[],"fullName":"Pipeline Deployment Automation should handle deployment rollback","invocations":1,"location":null,"numPassingAsserts":2,"retryReasons":[],"status":"passed","title":"should handle deployment rollback"}],"endTime":1738952772396,"message":"","name":"/opt/mExpress/src/tests/infrastructure/pipeline.test.ts","startTime":1738952768572,"status":"passed","summary":""},{"assertionResults":[{"ancestorTitles":["Federation System","Script Loading"],"duration":10,"failureDetails":[],"failureMessages":[],"fullName":"Federation System Script Loading should handle script loading success","invocations":1,"location":null,"numPassingAsserts":1,"retryReasons":[],"status":"passed","title":"should handle script loading success"},{"ancestorTitles":["Federation System","Script Loading"],"duration":68,"failureDetails":[],"failureMessages":[],"fullName":"Federation System Script Loading should handle script loading failure","invocations":1,"location":null,"numPassingAsserts":1,"retryReasons":[],"status":"passed","title":"should handle script loading failure"},{"ancestorTitles":["Federation System","Script Loading"],"duration":2,"failureDetails":[],"failureMessages":[],"fullName":"Federation System Script Loading should handle script creation failure","invocations":1,"location":null,"numPassingAsserts":1,"retryReasons":[],"status":"passed","title":"should handle script creation failure"},{"ancestorTitles":["Federation System","Script Loading"],"duration":2,"failureDetails":[],"failureMessages":[],"fullName":"Federation System Script Loading should handle script append failure","invocations":1,"location":null,"numPassingAsserts":1,"retryReasons":[],"status":"passed","title":"should handle script append failure"},{"ancestorTitles":["Federation System","Script Loading"],"duration":3,"failureDetails":[],"failureMessages":[],"fullName":"Federation System Script Loading should handle null script element","invocations":1,"location":null,"numPassingAsserts":1,"retryReasons":[],"status":"passed","title":"should handle null script element"},{"ancestorTitles":["Federation System","Script Loading"],"duration":29,"failureDetails":[],"failureMessages":[],"fullName":"Federation System Script Loading should handle empty URL","invocations":1,"location":null,"numPassingAsserts":1,"retryReasons":[],"status":"passed","title":"should handle empty URL"},{"ancestorTitles":["Federation System","Script Loading"],"duration":2,"failureDetails":[],"failureMessages":[],"fullName":"Federation System Script Loading should handle undefined URL","invocations":1,"location":null,"numPassingAsserts":1,"retryReasons":[],"status":"passed","title":"should handle undefined URL"},{"ancestorTitles":["Federation System","Script Loading"],"duration":2,"failureDetails":[],"failureMessages":[],"fullName":"Federation System Script Loading should handle null URL","invocations":1,"location":null,"numPassingAsserts":1,"retryReasons":[],"status":"passed","title":"should handle null URL"},{"ancestorTitles":["Federation System","Module Registration"],"duration":3,"failureDetails":[],"failureMessages":[],"fullName":"Federation System Module Registration should register a remote module successfully","invocations":1,"location":null,"numPassingAsserts":2,"retryReasons":[],"status":"passed","title":"should register a remote module successfully"},{"ancestorTitles":["Federation System","Module Registration"],"duration":1,"failureDetails":[],"failureMessages":[],"fullName":"Federation System Module Registration should override existing module registration","invocations":1,"location":null,"numPassingAsserts":1,"retryReasons":[],"status":"passed","title":"should override existing module registration"},{"ancestorTitles":["Federation System","Module Registration"],"duration":15,"failureDetails":[],"failureMessages":[],"fullName":"Federation System Module Registration should throw error for invalid module name","invocations":1,"location":null,"numPassingAsserts":4,"retryReasons":[],"status":"passed","title":"should throw error for invalid module name"},{"ancestorTitles":["Federation System","Module Registration"],"duration":5,"failureDetails":[],"failureMessages":[],"fullName":"Federation System Module Registration should throw error for invalid load function","invocations":1,"location":null,"numPassingAsserts":4,"retryReasons":[],"status":"passed","title":"should throw error for invalid load function"},{"ancestorTitles":["Federation System","Module Loading"],"duration":3,"failureDetails":[],"failureMessages":[],"fullName":"Federation System Module Loading should load registered module successfully","invocations":1,"location":null,"numPassingAsserts":4,"retryReasons":[],"status":"passed","title":"should load registered module successfully"},{"ancestorTitles":["Federation System","Module Loading"],"duration":4,"failureDetails":[],"failureMessages":[],"fullName":"Federation System Module Loading should throw error for invalid module name","invocations":1,"location":null,"numPassingAsserts":4,"retryReasons":[],"status":"passed","title":"should throw error for invalid module name"},{"ancestorTitles":["Federation System","Module Loading"],"duration":2,"failureDetails":[],"failureMessages":[],"fullName":"Federation System Module Loading should throw error for unregistered module","invocations":1,"location":null,"numPassingAsserts":1,"retryReasons":[],"status":"passed","title":"should throw error for unregistered module"},{"ancestorTitles":["Federation System","Module Loading"],"duration":2,"failureDetails":[],"failureMessages":[],"fullName":"Federation System Module Loading should throw error if module loading fails","invocations":1,"location":null,"numPassingAsserts":1,"retryReasons":[],"status":"passed","title":"should throw error if module loading fails"},{"ancestorTitles":["Federation System","Module Loading"],"duration":1,"failureDetails":[],"failureMessages":[],"fullName":"Federation System Module Loading should throw error if loaded module lacks mount method","invocations":1,"location":null,"numPassingAsserts":1,"retryReasons":[],"status":"passed","title":"should throw error if loaded module lacks mount method"},{"ancestorTitles":["Federation System","Module Loading"],"duration":1,"failureDetails":[],"failureMessages":[],"fullName":"Federation System Module Loading should throw error if container initialization fails","invocations":1,"location":null,"numPassingAsserts":1,"retryReasons":[],"status":"passed","title":"should throw error if container initialization fails"},{"ancestorTitles":["Federation System","Module Loading"],"duration":1,"failureDetails":[],"failureMessages":[],"fullName":"Federation System Module Loading should throw error if factory is not a function","invocations":1,"location":null,"numPassingAsserts":1,"retryReasons":[],"status":"passed","title":"should throw error if factory is not a function"},{"ancestorTitles":["Federation System","Module Loading"],"duration":2,"failureDetails":[],"failureMessages":[],"fullName":"Federation System Module Loading should throw error if module is not an object","invocations":1,"location":null,"numPassingAsserts":1,"retryReasons":[],"status":"passed","title":"should throw error if module is not an object"},{"ancestorTitles":["Federation System","Module Loading"],"duration":1,"failureDetails":[],"failureMessages":[],"fullName":"Federation System Module Loading should handle non-Error objects in catch","invocations":1,"location":null,"numPassingAsserts":1,"retryReasons":[],"status":"passed","title":"should handle non-Error objects in catch"},{"ancestorTitles":["Federation System","Federation Initialization"],"duration":9,"failureDetails":[],"failureMessages":[],"fullName":"Federation System Federation Initialization should throw error for invalid remotes array","invocations":1,"location":null,"numPassingAsserts":6,"retryReasons":[],"status":"passed","title":"should throw error for invalid remotes array"},{"ancestorTitles":["Federation System","Federation Initialization"],"duration":23,"failureDetails":[],"failureMessages":[],"fullName":"Federation System Federation Initialization should initialize federation system with remotes","invocations":1,"location":null,"numPassingAsserts":7,"retryReasons":[],"status":"passed","title":"should initialize federation system with remotes"},{"ancestorTitles":["Federation System","Federation Initialization"],"duration":2,"failureDetails":[],"failureMessages":[],"fullName":"Federation System Federation Initialization should clear existing registrations on initialization","invocations":1,"location":null,"numPassingAsserts":4,"retryReasons":[],"status":"passed","title":"should clear existing registrations on initialization"},{"ancestorTitles":["Federation System","Federation Initialization"],"duration":2,"failureDetails":[],"failureMessages":[],"fullName":"Federation System Federation Initialization should handle container not found error","invocations":1,"location":null,"numPassingAsserts":1,"retryReasons":[],"status":"passed","title":"should handle container not found error"},{"ancestorTitles":["Federation System","Federation Initialization"],"duration":2,"failureDetails":[],"failureMessages":[],"fullName":"Federation System Federation Initialization should handle container without init method","invocations":1,"location":null,"numPassingAsserts":1,"retryReasons":[],"status":"passed","title":"should handle container without init method"},{"ancestorTitles":["Federation System","Federation Initialization"],"duration":2,"failureDetails":[],"failureMessages":[],"fullName":"Federation System Federation Initialization should handle container without get method","invocations":1,"location":null,"numPassingAsserts":1,"retryReasons":[],"status":"passed","title":"should handle container without get method"},{"ancestorTitles":["Federation System","Federation Initialization"],"duration":2,"failureDetails":[],"failureMessages":[],"fullName":"Federation System Federation Initialization should handle script creation failure","invocations":1,"location":null,"numPassingAsserts":1,"retryReasons":[],"status":"passed","title":"should handle script creation failure"},{"ancestorTitles":["Federation System","Federation Initialization"],"duration":8,"failureDetails":[],"failureMessages":[],"fullName":"Federation System Federation Initialization should handle script loading failure","invocations":1,"location":null,"numPassingAsserts":1,"retryReasons":[],"status":"passed","title":"should handle script loading failure"},{"ancestorTitles":["Federation System","Federation Initialization"],"duration":1,"failureDetails":[],"failureMessages":[],"fullName":"Federation System Federation Initialization should handle script element creation returning null","invocations":1,"location":null,"numPassingAsserts":1,"retryReasons":[],"status":"passed","title":"should handle script element creation returning null"},{"ancestorTitles":["Federation System","Federation Initialization"],"duration":3,"failureDetails":[],"failureMessages":[],"fullName":"Federation System Federation Initialization should handle script element append failure","invocations":1,"location":null,"numPassingAsserts":1,"retryReasons":[],"status":"passed","title":"should handle script element append failure"},{"ancestorTitles":["Federation System","Federation Initialization"],"duration":3,"failureDetails":[],"failureMessages":[],"fullName":"Federation System Federation Initialization should handle empty URL in script loading","invocations":1,"location":null,"numPassingAsserts":1,"retryReasons":[],"status":"passed","title":"should handle empty URL in script loading"},{"ancestorTitles":["Federation System","Module Registration Validation"],"duration":3,"failureDetails":[],"failureMessages":[],"fullName":"Federation System Module Registration Validation should handle invalid module name in isRegistered","invocations":1,"location":null,"numPassingAsserts":6,"retryReasons":[],"status":"passed","title":"should handle invalid module name in isRegistered"},{"ancestorTitles":["Federation System","Module Registration Validation"],"duration":1,"failureDetails":[],"failureMessages":[],"fullName":"Federation System Module Registration Validation should handle non-Error objects in error chain","invocations":1,"location":null,"numPassingAsserts":1,"retryReasons":[],"status":"passed","title":"should handle non-Error objects in error chain"},{"ancestorTitles":["Federation System","Module Registration Validation"],"duration":36,"failureDetails":[],"failureMessages":[],"fullName":"Federation System Module Registration Validation should handle null module return","invocations":1,"location":null,"numPassingAsserts":1,"retryReasons":[],"status":"passed","title":"should handle null module return"},{"ancestorTitles":["Federation System","Module Registration Validation"],"duration":1,"failureDetails":[],"failureMessages":[],"fullName":"Federation System Module Registration Validation should handle undefined module return","invocations":1,"location":null,"numPassingAsserts":1,"retryReasons":[],"status":"passed","title":"should handle undefined module return"},{"ancestorTitles":["Federation System","Module Registration Validation"],"duration":4,"failureDetails":[],"failureMessages":[],"fullName":"Federation System Module Registration Validation should handle sharing scope initialization failure","invocations":1,"location":null,"numPassingAsserts":1,"retryReasons":[],"status":"passed","title":"should handle sharing scope initialization failure"},{"ancestorTitles":["Federation System","Module Registration Validation"],"duration":2,"failureDetails":[],"failureMessages":[],"fullName":"Federation System Module Registration Validation should handle empty container scope","invocations":1,"location":null,"numPassingAsserts":1,"retryReasons":[],"status":"passed","title":"should handle empty container scope"},{"ancestorTitles":["Federation System","Module Registration Validation"],"duration":2,"failureDetails":[],"failureMessages":[],"fullName":"Federation System Module Registration Validation should handle non-Error object in container initialization","invocations":1,"location":null,"numPassingAsserts":1,"retryReasons":[],"status":"passed","title":"should handle non-Error object in container initialization"},{"ancestorTitles":["Federation System","Module Registration Validation"],"duration":2,"failureDetails":[],"failureMessages":[],"fullName":"Federation System Module Registration Validation should handle invalid factory type","invocations":1,"location":null,"numPassingAsserts":1,"retryReasons":[],"status":"passed","title":"should handle invalid factory type"},{"ancestorTitles":["Federation System","Module Registration Validation"],"duration":2,"failureDetails":[],"failureMessages":[],"fullName":"Federation System Module Registration Validation should handle invalid module type","invocations":1,"location":null,"numPassingAsserts":1,"retryReasons":[],"status":"passed","title":"should handle invalid module type"},{"ancestorTitles":["Federation System","Module Registration Validation"],"duration":2,"failureDetails":[],"failureMessages":[],"fullName":"Federation System Module Registration Validation should handle factory returning null","invocations":1,"location":null,"numPassingAsserts":1,"retryReasons":[],"status":"passed","title":"should handle factory returning null"},{"ancestorTitles":["Federation System","Module Registration Validation"],"duration":10,"failureDetails":[],"failureMessages":[],"fullName":"Federation System Module Registration Validation should handle factory returning undefined","invocations":1,"location":null,"numPassingAsserts":1,"retryReasons":[],"status":"passed","title":"should handle factory returning undefined"},{"ancestorTitles":["Federation System","Module Registration Validation"],"duration":2,"failureDetails":[],"failureMessages":[],"fullName":"Federation System Module Registration Validation should handle factory throwing error","invocations":1,"location":null,"numPassingAsserts":1,"retryReasons":[],"status":"passed","title":"should handle factory throwing error"},{"ancestorTitles":["Federation System","Module Registration Validation"],"duration":1,"failureDetails":[],"failureMessages":[],"fullName":"Federation System Module Registration Validation should handle factory returning non-promise","invocations":1,"location":null,"numPassingAsserts":1,"retryReasons":[],"status":"passed","title":"should handle factory returning non-promise"},{"ancestorTitles":["Federation System","Module Registration Validation"],"duration":1,"failureDetails":[],"failureMessages":[],"fullName":"Federation System Module Registration Validation should handle script loading with empty URL","invocations":1,"location":null,"numPassingAsserts":1,"retryReasons":[],"status":"passed","title":"should handle script loading with empty URL"},{"ancestorTitles":["Federation System","Module Registration Validation"],"duration":2,"failureDetails":[],"failureMessages":[],"fullName":"Federation System Module Registration Validation should handle script loading with null URL","invocations":1,"location":null,"numPassingAsserts":1,"retryReasons":[],"status":"passed","title":"should handle script loading with null URL"},{"ancestorTitles":["Federation System","Module Registration Validation"],"duration":1,"failureDetails":[],"failureMessages":[],"fullName":"Federation System Module Registration Validation should handle script loading with undefined URL","invocations":1,"location":null,"numPassingAsserts":1,"retryReasons":[],"status":"passed","title":"should handle script loading with undefined URL"}],"endTime":1738952772919,"message":"","name":"/opt/mExpress/src/__tests__/federation.test.ts","startTime":1738952772139,"status":"passed","summary":""},{"assertionResults":[{"ancestorTitles":["ContainerOrchestrator Integration","Service Mesh Integration"],"duration":12,"failureDetails":[],"failureMessages":[],"fullName":"ContainerOrchestrator Integration Service Mesh Integration should deploy service with mesh configuration","invocations":1,"location":null,"numPassingAsserts":5,"retryReasons":[],"status":"passed","title":"should deploy service with mesh configuration"},{"ancestorTitles":["ContainerOrchestrator Integration","Service Mesh Integration"],"duration":4,"failureDetails":[],"failureMessages":[],"fullName":"ContainerOrchestrator Integration Service Mesh Integration should update service mesh configuration","invocations":1,"location":null,"numPassingAsserts":5,"retryReasons":[],"status":"passed","title":"should update service mesh configuration"},{"ancestorTitles":["ContainerOrchestrator Integration","Service Mesh Integration"],"duration":173,"failureDetails":[],"failureMessages":[],"fullName":"ContainerOrchestrator Integration Service Mesh Integration should handle service mesh failures gracefully","invocations":1,"location":null,"numPassingAsserts":1,"retryReasons":[],"status":"passed","title":"should handle service mesh failures gracefully"},{"ancestorTitles":["ContainerOrchestrator Integration","Service Mesh Integration"],"duration":12,"failureDetails":[],"failureMessages":[],"fullName":"ContainerOrchestrator Integration Service Mesh Integration should remove service with mesh configuration","invocations":1,"location":null,"numPassingAsserts":2,"retryReasons":[],"status":"passed","title":"should remove service with mesh configuration"},{"ancestorTitles":["ContainerOrchestrator Integration","End-to-End Service Lifecycle"],"duration":14,"failureDetails":[],"failureMessages":[],"fullName":"ContainerOrchestrator Integration End-to-End Service Lifecycle should handle complete service lifecycle with mesh","invocations":1,"location":null,"numPassingAsserts":8,"retryReasons":[],"status":"passed","title":"should handle complete service lifecycle with mesh"}],"endTime":1738952772958,"message":"","name":"/opt/mExpress/src/tests/infrastructure/container-orchestrator-integration.test.ts","startTime":1738952772172,"status":"passed","summary":""},{"assertionResults":[{"ancestorTitles":["ServiceMesh","Configuration Setup"],"duration":8,"failureDetails":[],"failureMessages":[],"fullName":"ServiceMesh Configuration Setup should create valid service mesh configuration","invocations":1,"location":null,"numPassingAsserts":5,"retryReasons":[],"status":"passed","title":"should create valid service mesh configuration"},{"ancestorTitles":["ServiceMesh","Configuration Setup"],"duration":53,"failureDetails":[],"failureMessages":[],"fullName":"ServiceMesh Configuration Setup should throw error for invalid configuration","invocations":1,"location":null,"numPassingAsserts":1,"retryReasons":[],"status":"passed","title":"should throw error for invalid configuration"},{"ancestorTitles":["ServiceMesh","Proxy Management"],"duration":62,"failureDetails":[],"failureMessages":[],"fullName":"ServiceMesh Proxy Management should configure proxy with circuit breaker","invocations":1,"location":null,"numPassingAsserts":4,"retryReasons":[],"status":"passed","title":"should configure proxy with circuit breaker"},{"ancestorTitles":["ServiceMesh","Proxy Management"],"duration":2,"failureDetails":[],"failureMessages":[],"fullName":"ServiceMesh Proxy Management should validate proxy configuration","invocations":1,"location":null,"numPassingAsserts":1,"retryReasons":[],"status":"passed","title":"should validate proxy configuration"},{"ancestorTitles":["ServiceMesh","Route Management"],"duration":2,"failureDetails":[],"failureMessages":[],"fullName":"ServiceMesh Route Management should configure route with load balancer","invocations":1,"location":null,"numPassingAsserts":3,"retryReasons":[],"status":"passed","title":"should configure route with load balancer"},{"ancestorTitles":["ServiceMesh","Route Management"],"duration":12,"failureDetails":[],"failureMessages":[],"fullName":"ServiceMesh Route Management should validate route configuration","invocations":1,"location":null,"numPassingAsserts":1,"retryReasons":[],"status":"passed","title":"should validate route configuration"},{"ancestorTitles":["ServiceMesh","Policy Management"],"duration":2,"failureDetails":[],"failureMessages":[],"fullName":"ServiceMesh Policy Management should configure rate limit policy","invocations":1,"location":null,"numPassingAsserts":3,"retryReasons":[],"status":"passed","title":"should configure rate limit policy"},{"ancestorTitles":["ServiceMesh","Policy Management"],"duration":2,"failureDetails":[],"failureMessages":[],"fullName":"ServiceMesh Policy Management should validate policy configuration","invocations":1,"location":null,"numPassingAsserts":1,"retryReasons":[],"status":"passed","title":"should validate policy configuration"},{"ancestorTitles":["ServiceMesh","Metrics and Monitoring"],"duration":1,"failureDetails":[],"failureMessages":[],"fullName":"ServiceMesh Metrics and Monitoring should configure metrics collection","invocations":1,"location":null,"numPassingAsserts":3,"retryReasons":[],"status":"passed","title":"should configure metrics collection"},{"ancestorTitles":["ServiceMesh","Metrics and Monitoring"],"duration":11,"failureDetails":[],"failureMessages":[],"fullName":"ServiceMesh Metrics and Monitoring should validate metrics configuration","invocations":1,"location":null,"numPassingAsserts":1,"retryReasons":[],"status":"passed","title":"should validate metrics configuration"},{"ancestorTitles":["ServiceMesh","Service Discovery"],"duration":1,"failureDetails":[],"failureMessages":[],"fullName":"ServiceMesh Service Discovery should configure service discovery","invocations":1,"location":null,"numPassingAsserts":3,"retryReasons":[],"status":"passed","title":"should configure service discovery"},{"ancestorTitles":["ServiceMesh","Service Discovery"],"duration":3,"failureDetails":[],"failureMessages":[],"fullName":"ServiceMesh Service Discovery should validate discovery configuration","invocations":1,"location":null,"numPassingAsserts":1,"retryReasons":[],"status":"passed","title":"should validate discovery configuration"}],"endTime":1738952773278,"message":"","name":"/opt/mExpress/src/tests/infrastructure/service-mesh.test.ts","startTime":1738952772531,"status":"passed","summary":""},{"assertionResults":[{"ancestorTitles":["Module Check","Test Environment"],"duration":8,"failureDetails":[],"failureMessages":[],"fullName":"Module Check Test Environment should identify test main module by ID pattern","invocations":1,"location":null,"numPassingAsserts":1,"retryReasons":[],"status":"passed","title":"should identify test main module by ID pattern"},{"ancestorTitles":["Module Check","Test Environment"],"duration":2,"failureDetails":[],"failureMessages":[],"fullName":"Module Check Test Environment should handle Windows-style paths in test","invocations":1,"location":null,"numPassingAsserts":1,"retryReasons":[],"status":"passed","title":"should handle Windows-style paths in test"},{"ancestorTitles":["Module Check","Test Environment"],"duration":1,"failureDetails":[],"failureMessages":[],"fullName":"Module Check Test Environment should handle paths with .js extension in test","invocations":1,"location":null,"numPassingAsserts":1,"retryReasons":[],"status":"passed","title":"should handle paths with .js extension in test"},{"ancestorTitles":["Module Check","Test Environment"],"duration":2,"failureDetails":[],"failureMessages":[],"fullName":"Module Check Test Environment should handle paths with duplicate slashes in test","invocations":1,"location":null,"numPassingAsserts":1,"retryReasons":[],"status":"passed","title":"should handle paths with duplicate slashes in test"},{"ancestorTitles":["Module Check","Test Environment"],"duration":1,"failureDetails":[],"failureMessages":[],"fullName":"Module Check Test Environment should handle paths with trailing slash in test","invocations":1,"location":null,"numPassingAsserts":1,"retryReasons":[],"status":"passed","title":"should handle paths with trailing slash in test"},{"ancestorTitles":["Module Check","Test Environment"],"duration":2,"failureDetails":[],"failureMessages":[],"fullName":"Module Check Test Environment should handle paths without leading slash in test","invocations":1,"location":null,"numPassingAsserts":1,"retryReasons":[],"status":"passed","title":"should handle paths without leading slash in test"},{"ancestorTitles":["Module Check","Production Environment"],"duration":2,"failureDetails":[],"failureMessages":[],"fullName":"Module Check Production Environment should identify main module by direct instance","invocations":1,"location":null,"numPassingAsserts":1,"retryReasons":[],"status":"passed","title":"should identify main module by direct instance"},{"ancestorTitles":["Module Check","Production Environment"],"duration":2,"failureDetails":[],"failureMessages":[],"fullName":"Module Check Production Environment should identify main module by matching ID","invocations":1,"location":null,"numPassingAsserts":1,"retryReasons":[],"status":"passed","title":"should identify main module by matching ID"},{"ancestorTitles":["Module Check","Production Environment"],"duration":2,"failureDetails":[],"failureMessages":[],"fullName":"Module Check Production Environment should identify main module by matching filename when IDs differ","invocations":1,"location":null,"numPassingAsserts":1,"retryReasons":[],"status":"passed","title":"should identify main module by matching filename when IDs differ"},{"ancestorTitles":["Module Check","Production Environment"],"duration":5,"failureDetails":[],"failureMessages":[],"fullName":"Module Check Production Environment should handle Windows-style paths in production","invocations":1,"location":null,"numPassingAsserts":1,"retryReasons":[],"status":"passed","title":"should handle Windows-style paths in production"},{"ancestorTitles":["Module Check","Production Environment"],"duration":2,"failureDetails":[],"failureMessages":[],"fullName":"Module Check Production Environment should handle paths with duplicate slashes in production","invocations":1,"location":null,"numPassingAsserts":1,"retryReasons":[],"status":"passed","title":"should handle paths with duplicate slashes in production"},{"ancestorTitles":["Module Check","Production Environment"],"duration":2,"failureDetails":[],"failureMessages":[],"fullName":"Module Check Production Environment should handle paths with trailing slash in production","invocations":1,"location":null,"numPassingAsserts":1,"retryReasons":[],"status":"passed","title":"should handle paths with trailing slash in production"},{"ancestorTitles":["Module Check","Production Environment"],"duration":1,"failureDetails":[],"failureMessages":[],"fullName":"Module Check Production Environment should handle paths without leading slash in production","invocations":1,"location":null,"numPassingAsserts":1,"retryReasons":[],"status":"passed","title":"should handle paths without leading slash in production"},{"ancestorTitles":["Module Check","Production Environment"],"duration":1,"failureDetails":[],"failureMessages":[],"fullName":"Module Check Production Environment should handle missing IDs but matching filenames","invocations":1,"location":null,"numPassingAsserts":1,"retryReasons":[],"status":"passed","title":"should handle missing IDs but matching filenames"},{"ancestorTitles":["Module Check","Production Environment"],"duration":11,"failureDetails":[],"failureMessages":[],"fullName":"Module Check Production Environment should handle missing filenames","invocations":1,"location":null,"numPassingAsserts":1,"retryReasons":[],"status":"passed","title":"should handle missing filenames"},{"ancestorTitles":["Module Check","Production Environment"],"duration":2,"failureDetails":[],"failureMessages":[],"fullName":"Module Check Production Environment should return false when no matching criteria","invocations":1,"location":null,"numPassingAsserts":1,"retryReasons":[],"status":"passed","title":"should return false when no matching criteria"},{"ancestorTitles":["Module Check","Edge Cases"],"duration":4,"failureDetails":[],"failureMessages":[],"fullName":"Module Check Edge Cases should normalize empty id to empty string","invocations":1,"location":null,"numPassingAsserts":1,"retryReasons":[],"status":"passed","title":"should normalize empty id to empty string"},{"ancestorTitles":["Module Check","Edge Cases"],"duration":2,"failureDetails":[],"failureMessages":[],"fullName":"Module Check Edge Cases should handle cross-comparison between id and filename","invocations":1,"location":null,"numPassingAsserts":1,"retryReasons":[],"status":"passed","title":"should handle cross-comparison between id and filename"},{"ancestorTitles":["Module Check","Edge Cases"],"duration":8,"failureDetails":[],"failureMessages":[],"fullName":"Module Check Edge Cases should handle undefined module","invocations":1,"location":null,"numPassingAsserts":1,"retryReasons":[],"status":"passed","title":"should handle undefined module"},{"ancestorTitles":["Module Check","Edge Cases"],"duration":4,"failureDetails":[],"failureMessages":[],"fullName":"Module Check Edge Cases should handle undefined require.main","invocations":1,"location":null,"numPassingAsserts":1,"retryReasons":[],"status":"passed","title":"should handle undefined require.main"},{"ancestorTitles":["Module Check","Edge Cases"],"duration":2,"failureDetails":[],"failureMessages":[],"fullName":"Module Check Edge Cases should handle module with empty properties","invocations":1,"location":null,"numPassingAsserts":1,"retryReasons":[],"status":"passed","title":"should handle module with empty properties"},{"ancestorTitles":["Module Check","Edge Cases"],"duration":17,"failureDetails":[],"failureMessages":[],"fullName":"Module Check Edge Cases should handle module with non-normalized path","invocations":1,"location":null,"numPassingAsserts":1,"retryReasons":[],"status":"passed","title":"should handle module with non-normalized path"}],"endTime":1738952773506,"message":"","name":"/opt/mExpress/src/utils/__tests__/moduleCheck.test.ts","startTime":1738952772969,"status":"passed","summary":""},{"assertionResults":[{"ancestorTitles":["Pipeline Integration","Container Orchestration Integration"],"duration":22,"failureDetails":[],"failureMessages":[],"fullName":"Pipeline Integration Container Orchestration Integration should integrate with container orchestrator for deployment","invocations":1,"location":null,"numPassingAsserts":3,"retryReasons":[],"status":"passed","title":"should integrate with container orchestrator for deployment"},{"ancestorTitles":["Pipeline Integration","Container Orchestration Integration"],"duration":315,"failureDetails":[],"failureMessages":[],"fullName":"Pipeline Integration Container Orchestration Integration should handle rollback through orchestrator","invocations":1,"location":null,"numPassingAsserts":3,"retryReasons":[],"status":"passed","title":"should handle rollback through orchestrator"},{"ancestorTitles":["Pipeline Integration","Service Mesh Integration"],"duration":9,"failureDetails":[],"failureMessages":[],"fullName":"Pipeline Integration Service Mesh Integration should configure service mesh during deployment","invocations":1,"location":null,"numPassingAsserts":2,"retryReasons":[],"status":"passed","title":"should configure service mesh during deployment"},{"ancestorTitles":["Pipeline Integration","Service Mesh Integration"],"duration":2,"failureDetails":[],"failureMessages":[],"fullName":"Pipeline Integration Service Mesh Integration should update traffic routing during deployment","invocations":1,"location":null,"numPassingAsserts":2,"retryReasons":[],"status":"passed","title":"should update traffic routing during deployment"},{"ancestorTitles":["Pipeline Integration","Container Runtime Integration"],"duration":11,"failureDetails":[],"failureMessages":[],"fullName":"Pipeline Integration Container Runtime Integration should build and cache images through runtime","invocations":1,"location":null,"numPassingAsserts":2,"retryReasons":[],"status":"passed","title":"should build and cache images through runtime"},{"ancestorTitles":["Pipeline Integration","Container Runtime Integration"],"duration":19,"failureDetails":[],"failureMessages":[],"fullName":"Pipeline Integration Container Runtime Integration should utilize runtime cache for builds","invocations":1,"location":null,"numPassingAsserts":4,"retryReasons":[],"status":"passed","title":"should utilize runtime cache for builds"},{"ancestorTitles":["Pipeline Integration","Service Deployment Integration"],"duration":16,"failureDetails":[],"failureMessages":[],"fullName":"Pipeline Integration Service Deployment Integration should coordinate deployment across components","invocations":1,"location":null,"numPassingAsserts":5,"retryReasons":[],"status":"passed","title":"should coordinate deployment across components"},{"ancestorTitles":["Pipeline Integration","Service Deployment Integration"],"duration":809,"failureDetails":[],"failureMessages":[],"fullName":"Pipeline Integration Service Deployment Integration should handle rollback across components","invocations":1,"location":null,"numPassingAsserts":5,"retryReasons":[],"status":"passed","title":"should handle rollback across components"}],"endTime":1738952773805,"message":"","name":"/opt/mExpress/src/tests/infrastructure/pipeline-integration.test.ts","startTime":1738952768921,"status":"passed","summary":""},{"assertionResults":[{"ancestorTitles":["ServiceMeshConfig","Basic Configuration"],"duration":5,"failureDetails":[],"failureMessages":[],"fullName":"ServiceMeshConfig Basic Configuration should correctly initialize with options","invocations":1,"location":null,"numPassingAsserts":6,"retryReasons":[],"status":"passed","title":"should correctly initialize with options"},{"ancestorTitles":["ServiceMeshConfig","Basic Configuration"],"duration":2,"failureDetails":[],"failureMessages":[],"fullName":"ServiceMeshConfig Basic Configuration should return complete configuration","invocations":1,"location":null,"numPassingAsserts":1,"retryReasons":[],"status":"passed","title":"should return complete configuration"},{"ancestorTitles":["ServiceMeshConfig","Basic Configuration"],"duration":2,"failureDetails":[],"failureMessages":[],"fullName":"ServiceMeshConfig Basic Configuration should create deep copy of monitoring and security settings","invocations":1,"location":null,"numPassingAsserts":2,"retryReasons":[],"status":"passed","title":"should create deep copy of monitoring and security settings"},{"ancestorTitles":["ServiceMeshConfig","Validation"],"duration":21,"failureDetails":[],"failureMessages":[],"fullName":"ServiceMeshConfig Validation should throw error for missing namespace","invocations":1,"location":null,"numPassingAsserts":1,"retryReasons":[],"status":"passed","title":"should throw error for missing namespace"},{"ancestorTitles":["ServiceMeshConfig","Validation"],"duration":2,"failureDetails":[],"failureMessages":[],"fullName":"ServiceMeshConfig Validation should throw error for missing version","invocations":1,"location":null,"numPassingAsserts":1,"retryReasons":[],"status":"passed","title":"should throw error for missing version"},{"ancestorTitles":["ServiceMeshConfig","Validation"],"duration":3,"failureDetails":[],"failureMessages":[],"fullName":"ServiceMeshConfig Validation should throw error for invalid monitoring config","invocations":1,"location":null,"numPassingAsserts":1,"retryReasons":[],"status":"passed","title":"should throw error for invalid monitoring config"},{"ancestorTitles":["ServiceMeshConfig","Validation"],"duration":2,"failureDetails":[],"failureMessages":[],"fullName":"ServiceMeshConfig Validation should throw error for invalid security config","invocations":1,"location":null,"numPassingAsserts":1,"retryReasons":[],"status":"passed","title":"should throw error for invalid security config"},{"ancestorTitles":["ServiceMeshConfig","Default Values"],"duration":9,"failureDetails":[],"failureMessages":[],"fullName":"ServiceMeshConfig Default Values should use default monitoring values if not provided","invocations":1,"location":null,"numPassingAsserts":2,"retryReasons":[],"status":"passed","title":"should use default monitoring values if not provided"},{"ancestorTitles":["ServiceMeshConfig","Default Values"],"duration":1,"failureDetails":[],"failureMessages":[],"fullName":"ServiceMeshConfig Default Values should use default security values if not provided","invocations":1,"location":null,"numPassingAsserts":2,"retryReasons":[],"status":"passed","title":"should use default security values if not provided"}],"endTime":1738952774025,"message":"","name":"/opt/mExpress/src/__tests__/lib/config.test.ts","startTime":1738952773395,"status":"passed","summary":""},{"assertionResults":[{"ancestorTitles":["ContainerOrchestrator","Orchestration Setup"],"duration":5,"failureDetails":[],"failureMessages":[],"fullName":"ContainerOrchestrator Orchestration Setup should initialize all components","invocations":1,"location":null,"numPassingAsserts":4,"retryReasons":[],"status":"passed","title":"should initialize all components"},{"ancestorTitles":["ContainerOrchestrator","Orchestration Setup"],"duration":111,"failureDetails":[],"failureMessages":[],"fullName":"ContainerOrchestrator Orchestration Setup should throw error for invalid configuration","invocations":1,"location":null,"numPassingAsserts":1,"retryReasons":[],"status":"passed","title":"should throw error for invalid configuration"},{"ancestorTitles":["ContainerOrchestrator","Service Deployment"],"duration":19,"failureDetails":[],"failureMessages":[],"fullName":"ContainerOrchestrator Service Deployment should deploy service with HA configuration","invocations":1,"location":null,"numPassingAsserts":4,"retryReasons":[],"status":"passed","title":"should deploy service with HA configuration"},{"ancestorTitles":["ContainerOrchestrator","Service Deployment"],"duration":5,"failureDetails":[],"failureMessages":[],"fullName":"ContainerOrchestrator Service Deployment should validate service configuration","invocations":1,"location":null,"numPassingAsserts":1,"retryReasons":[],"status":"passed","title":"should validate service configuration"},{"ancestorTitles":["ContainerOrchestrator","Resource Management"],"duration":3,"failureDetails":[],"failureMessages":[],"fullName":"ContainerOrchestrator Resource Management should manage cluster resources","invocations":1,"location":null,"numPassingAsserts":4,"retryReasons":[],"status":"passed","title":"should manage cluster resources"},{"ancestorTitles":["ContainerOrchestrator","Resource Management"],"duration":14,"failureDetails":[],"failureMessages":[],"fullName":"ContainerOrchestrator Resource Management should enforce resource limits","invocations":1,"location":null,"numPassingAsserts":1,"retryReasons":[],"status":"passed","title":"should enforce resource limits"},{"ancestorTitles":["ContainerOrchestrator","Service Lifecycle"],"duration":2,"failureDetails":[],"failureMessages":[],"fullName":"ContainerOrchestrator Service Lifecycle should handle complete deployment lifecycle","invocations":1,"location":null,"numPassingAsserts":4,"retryReasons":[],"status":"passed","title":"should handle complete deployment lifecycle"}],"endTime":1738952774017,"message":"","name":"/opt/mExpress/src/tests/infrastructure/container-orchestrator.test.ts","startTime":1738952773327,"status":"passed","summary":""},{"assertionResults":[{"ancestorTitles":["GitWorkflow","Configuration Setup"],"duration":11,"failureDetails":[],"failureMessages":[],"fullName":"GitWorkflow Configuration Setup should create valid workflow configuration","invocations":1,"location":null,"numPassingAsserts":5,"retryReasons":[],"status":"passed","title":"should create valid workflow configuration"},{"ancestorTitles":["GitWorkflow","Configuration Setup"],"duration":34,"failureDetails":[],"failureMessages":[],"fullName":"GitWorkflow Configuration Setup should throw error for invalid configuration","invocations":1,"location":null,"numPassingAsserts":1,"retryReasons":[],"status":"passed","title":"should throw error for invalid configuration"},{"ancestorTitles":["GitWorkflow","Branch Management"],"duration":2,"failureDetails":[],"failureMessages":[],"fullName":"GitWorkflow Branch Management should create feature branch with correct naming","invocations":1,"location":null,"numPassingAsserts":3,"retryReasons":[],"status":"passed","title":"should create feature branch with correct naming"},{"ancestorTitles":["GitWorkflow","Branch Management"],"duration":2,"failureDetails":[],"failureMessages":[],"fullName":"GitWorkflow Branch Management should validate branch name format","invocations":1,"location":null,"numPassingAsserts":2,"retryReasons":[],"status":"passed","title":"should validate branch name format"},{"ancestorTitles":["GitWorkflow","Commit Message Validation"],"duration":2,"failureDetails":[],"failureMessages":[],"fullName":"GitWorkflow Commit Message Validation should validate conventional commit message","invocations":1,"location":null,"numPassingAsserts":2,"retryReasons":[],"status":"passed","title":"should validate conventional commit message"},{"ancestorTitles":["GitWorkflow","Commit Message Validation"],"duration":20,"failureDetails":[],"failureMessages":[],"fullName":"GitWorkflow Commit Message Validation should reject invalid commit message","invocations":1,"location":null,"numPassingAsserts":3,"retryReasons":[],"status":"passed","title":"should reject invalid commit message"},{"ancestorTitles":["GitWorkflow","Review Process"],"duration":1,"failureDetails":[],"failureMessages":[],"fullName":"GitWorkflow Review Process should assign reviewers automatically","invocations":1,"location":null,"numPassingAsserts":3,"retryReasons":[],"status":"passed","title":"should assign reviewers automatically"},{"ancestorTitles":["GitWorkflow","Review Process"],"duration":1,"failureDetails":[],"failureMessages":[],"fullName":"GitWorkflow Review Process should validate review requirements","invocations":1,"location":null,"numPassingAsserts":2,"retryReasons":[],"status":"passed","title":"should validate review requirements"}],"endTime":1738952774192,"message":"","name":"/opt/mExpress/src/tests/infrastructure/git-workflow.test.ts","startTime":1738952773778,"status":"passed","summary":""},{"assertionResults":[{"ancestorTitles":["MetricsCollector","recordMetric"],"duration":2,"failureDetails":[],"failureMessages":[],"fullName":"MetricsCollector recordMetric should record a metric with timestamp","invocations":1,"location":null,"numPassingAsserts":2,"retryReasons":[],"status":"passed","title":"should record a metric with timestamp"},{"ancestorTitles":["MetricsCollector","recordMetric"],"duration":1,"failureDetails":[],"failureMessages":[],"fullName":"MetricsCollector recordMetric should add timestamp if not provided","invocations":1,"location":null,"numPassingAsserts":1,"retryReasons":[],"status":"passed","title":"should add timestamp if not provided"},{"ancestorTitles":["MetricsCollector","recordMetric"],"duration":0,"failureDetails":[],"failureMessages":[],"fullName":"MetricsCollector recordMetric should record metrics with tags","invocations":1,"location":null,"numPassingAsserts":1,"retryReasons":[],"status":"passed","title":"should record metrics with tags"},{"ancestorTitles":["MetricsCollector","getMetrics"],"duration":1,"failureDetails":[],"failureMessages":[],"fullName":"MetricsCollector getMetrics should return all recorded metrics","invocations":1,"location":null,"numPassingAsserts":2,"retryReasons":[],"status":"passed","title":"should return all recorded metrics"},{"ancestorTitles":["MetricsCollector","getMetrics"],"duration":0,"failureDetails":[],"failureMessages":[],"fullName":"MetricsCollector getMetrics should return empty array when no metrics recorded","invocations":1,"location":null,"numPassingAsserts":1,"retryReasons":[],"status":"passed","title":"should return empty array when no metrics recorded"},{"ancestorTitles":["MetricsCollector","clearMetrics"],"duration":22,"failureDetails":[],"failureMessages":[],"fullName":"MetricsCollector clearMetrics should clear all recorded metrics","invocations":1,"location":null,"numPassingAsserts":2,"retryReasons":[],"status":"passed","title":"should clear all recorded metrics"},{"ancestorTitles":["MetricsCollector","getAverageValue"],"duration":1,"failureDetails":[],"failureMessages":[],"fullName":"MetricsCollector getAverageValue should calculate average for specified metric","invocations":1,"location":null,"numPassingAsserts":1,"retryReasons":[],"status":"passed","title":"should calculate average for specified metric"},{"ancestorTitles":["MetricsCollector","getAverageValue"],"duration":1,"failureDetails":[],"failureMessages":[],"fullName":"MetricsCollector getAverageValue should return 0 when no metrics found","invocations":1,"location":null,"numPassingAsserts":1,"retryReasons":[],"status":"passed","title":"should return 0 when no metrics found"},{"ancestorTitles":["MetricsCollector","getLatestValue"],"duration":1,"failureDetails":[],"failureMessages":[],"fullName":"MetricsCollector getLatestValue should return latest value for specified metric","invocations":1,"location":null,"numPassingAsserts":1,"retryReasons":[],"status":"passed","title":"should return latest value for specified metric"},{"ancestorTitles":["MetricsCollector","getLatestValue"],"duration":8,"failureDetails":[],"failureMessages":[],"fullName":"MetricsCollector getLatestValue should return null when no metrics found","invocations":1,"location":null,"numPassingAsserts":1,"retryReasons":[],"status":"passed","title":"should return null when no metrics found"}],"endTime":1738952774415,"message":"","name":"/opt/mExpress/src/utils/__tests__/monitoring.test.ts","startTime":1738952774071,"status":"passed","summary":""},{"assertionResults":[{"ancestorTitles":["IstioClient","Traffic Management"],"duration":5,"failureDetails":[],"failureMessages":[],"fullName":"IstioClient Traffic Management should configure traffic management with timeouts","invocations":1,"location":null,"numPassingAsserts":2,"retryReasons":[],"status":"passed","title":"should configure traffic management with timeouts"},{"ancestorTitles":["IstioClient","Traffic Management"],"duration":1,"failureDetails":[],"failureMessages":[],"fullName":"IstioClient Traffic Management should configure traffic management with circuit breaker","invocations":1,"location":null,"numPassingAsserts":2,"retryReasons":[],"status":"passed","title":"should configure traffic management with circuit breaker"},{"ancestorTitles":["IstioClient","Tracing Configuration"],"duration":3,"failureDetails":[],"failureMessages":[],"fullName":"IstioClient Tracing Configuration should enable tracing with custom sampling rate","invocations":1,"location":null,"numPassingAsserts":4,"retryReasons":[],"status":"passed","title":"should enable tracing with custom sampling rate"},{"ancestorTitles":["IstioClient","Tracing Configuration"],"duration":26,"failureDetails":[],"failureMessages":[],"fullName":"IstioClient Tracing Configuration should enable tracing with minimal configuration","invocations":1,"location":null,"numPassingAsserts":3,"retryReasons":[],"status":"passed","title":"should enable tracing with minimal configuration"},{"ancestorTitles":["IstioClient","End-to-End Testing"],"duration":12,"failureDetails":[],"failureMessages":[],"fullName":"IstioClient End-to-End Testing should run comprehensive e2e tests","invocations":1,"location":null,"numPassingAsserts":5,"retryReasons":[],"status":"passed","title":"should run comprehensive e2e tests"},{"ancestorTitles":["IstioClient","End-to-End Testing"],"duration":2,"failureDetails":[],"failureMessages":[],"fullName":"IstioClient End-to-End Testing should validate all components during e2e test","invocations":1,"location":null,"numPassingAsserts":2,"retryReasons":[],"status":"passed","title":"should validate all components during e2e test"},{"ancestorTitles":["IstioClient","Control Plane Deployment"],"duration":1,"failureDetails":[],"failureMessages":[],"fullName":"IstioClient Control Plane Deployment should deploy control plane with default components","invocations":1,"location":null,"numPassingAsserts":3,"retryReasons":[],"status":"passed","title":"should deploy control plane with default components"},{"ancestorTitles":["IstioClient","Control Plane Deployment"],"duration":1,"failureDetails":[],"failureMessages":[],"fullName":"IstioClient Control Plane Deployment should deploy control plane with all required components","invocations":1,"location":null,"numPassingAsserts":2,"retryReasons":[],"status":"passed","title":"should deploy control plane with all required components"}],"endTime":1738952774422,"message":"","name":"/opt/mExpress/src/tests/infrastructure/istio-client.test.ts","startTime":1738952774119,"status":"passed","summary":""},{"assertionResults":[{"ancestorTitles":["Environment","Basic Configuration"],"duration":4,"failureDetails":[],"failureMessages":[],"fullName":"Environment Basic Configuration should correctly initialize with config","invocations":1,"location":null,"numPassingAsserts":3,"retryReasons":[],"status":"passed","title":"should correctly initialize with config"},{"ancestorTitles":["Environment","Basic Configuration"],"duration":2,"failureDetails":[],"failureMessages":[],"fullName":"Environment Basic Configuration should return complete configuration","invocations":1,"location":null,"numPassingAsserts":1,"retryReasons":[],"status":"passed","title":"should return complete configuration"},{"ancestorTitles":["Environment","Basic Configuration"],"duration":1,"failureDetails":[],"failureMessages":[],"fullName":"Environment Basic Configuration should create deep copy of services","invocations":1,"location":null,"numPassingAsserts":1,"retryReasons":[],"status":"passed","title":"should create deep copy of services"},{"ancestorTitles":["Environment","Environment Validation"],"duration":59,"failureDetails":[],"failureMessages":[],"fullName":"Environment Environment Validation should throw error for missing environment","invocations":1,"location":null,"numPassingAsserts":1,"retryReasons":[],"status":"passed","title":"should throw error for missing environment"},{"ancestorTitles":["Environment","Environment Validation"],"duration":3,"failureDetails":[],"failureMessages":[],"fullName":"Environment Environment Validation should throw error for invalid environment","invocations":1,"location":null,"numPassingAsserts":1,"retryReasons":[],"status":"passed","title":"should throw error for invalid environment"},{"ancestorTitles":["Environment","Environment Validation"],"duration":5,"failureDetails":[],"failureMessages":[],"fullName":"Environment Environment Validation should throw error for invalid log level","invocations":1,"location":null,"numPassingAsserts":1,"retryReasons":[],"status":"passed","title":"should throw error for invalid log level"},{"ancestorTitles":["Environment","Default Values"],"duration":2,"failureDetails":[],"failureMessages":[],"fullName":"Environment Default Values should set debug based on environment","invocations":1,"location":null,"numPassingAsserts":2,"retryReasons":[],"status":"passed","title":"should set debug based on environment"},{"ancestorTitles":["Environment","Default Values"],"duration":1,"failureDetails":[],"failureMessages":[],"fullName":"Environment Default Values should set log level based on environment","invocations":1,"location":null,"numPassingAsserts":2,"retryReasons":[],"status":"passed","title":"should set log level based on environment"},{"ancestorTitles":["Environment","Default Values"],"duration":29,"failureDetails":[],"failureMessages":[],"fullName":"Environment Default Values should use default service settings","invocations":1,"location":null,"numPassingAsserts":1,"retryReasons":[],"status":"passed","title":"should use default service settings"},{"ancestorTitles":["Environment","Service Configuration"],"duration":3,"failureDetails":[],"failureMessages":[],"fullName":"Environment Service Configuration should throw error for missing service URL","invocations":1,"location":null,"numPassingAsserts":1,"retryReasons":[],"status":"passed","title":"should throw error for missing service URL"},{"ancestorTitles":["Environment","Service Configuration"],"duration":23,"failureDetails":[],"failureMessages":[],"fullName":"Environment Service Configuration should throw error for invalid timeout","invocations":1,"location":null,"numPassingAsserts":1,"retryReasons":[],"status":"passed","title":"should throw error for invalid timeout"},{"ancestorTitles":["Environment","Service Configuration"],"duration":2,"failureDetails":[],"failureMessages":[],"fullName":"Environment Service Configuration should throw error for invalid retries","invocations":1,"location":null,"numPassingAsserts":1,"retryReasons":[],"status":"passed","title":"should throw error for invalid retries"},{"ancestorTitles":["Environment","Service Configuration"],"duration":1,"failureDetails":[],"failureMessages":[],"fullName":"Environment Service Configuration should get all services","invocations":1,"location":null,"numPassingAsserts":2,"retryReasons":[],"status":"passed","title":"should get all services"},{"ancestorTitles":["Environment","Service Configuration"],"duration":1,"failureDetails":[],"failureMessages":[],"fullName":"Environment Service Configuration should handle missing service","invocations":1,"location":nul
[...]
"column":4},"end":{"line":32,"column":16}},"loc":{"start":{"line":32,"column":41},"end":{"line":34,"column":5}}},"1":{"name":"(anonymous_1)","decl":{"start":{"line":36,"column":4},"end":{"line":36,"column":9}},"loc":{"start":{"line":36,"column":20},"end":{"line":46,"column":5}}},"2":{"name":"(anonymous_2)","decl":{"start":{"line":48,"column":4},"end":{"line":48,"column":9}},"loc":{"start":{"line":48,"column":60},"end":{"line":59,"column":5}}},"3":{"name":"(anonymous_3)","decl":{"start":{"line":61,"column":12},"end":{"line":61,"column":17}},"loc":{"start":{"line":61,"column":31},"end":{"line":66,"column":5}}},"4":{"name":"(anonymous_4)","decl":{"start":{"line":68,"column":12},"end":{"line":68,"column":17}},"loc":{"start":{"line":68,"column":35},"end":{"line":73,"column":5}}},"5":{"name":"(anonymous_5)","decl":{"start":{"line":75,"column":12},"end":{"line":75,"column":17}},"loc":{"start":{"line":75,"column":45},"end":{"line":80,"column":5}}},"6":{"name":"(anonymous_6)","decl":{"start":{"line":82,"column":12},"end":{"line":82,"column":17}},"loc":{"start":{"line":82,"column":43},"end":{"line":87,"column":5}}},"7":{"name":"(anonymous_7)","decl":{"start":{"line":89,"column":12},"end":{"line":89,"column":17}},"loc":{"start":{"line":89,"column":73},"end":{"line":98,"column":5}}},"8":{"name":"(anonymous_8)","decl":{"start":{"line":100,"column":12},"end":{"line":100,"column":17}},"loc":{"start":{"line":100,"column":72},"end":{"line":104,"column":5}}},"9":{"name":"(anonymous_9)","decl":{"start":{"line":106,"column":12},"end":{"line":106,"column":17}},"loc":{"start":{"line":106,"column":56},"end":{"line":110,"column":5}}},"10":{"name":"(anonymous_10)","decl":{"start":{"line":112,"column":12},"end":{"line":112,"column":17}},"loc":{"start":{"line":112,"column":55},"end":{"line":117,"column":5}}},"11":{"name":"(anonymous_11)","decl":{"start":{"line":119,"column":12},"end":{"line":119,"column":17}},"loc":{"start":{"line":119,"column":51},"end":{"line":124,"column":5}}}},"branchMap":{"0":{"loc":{"start":{"line":38,"column":8},"end":{"line":44,"column":9}},"type":"if","locations":[{"start":{"line":38,"column":8},"end":{"line":44,"column":9}}]},"1":{"loc":{"start":{"line":50,"column":8},"end":{"line":57,"column":9}},"type":"if","locations":[{"start":{"line":50,"column":8},"end":{"line":57,"column":9}}]},"2":{"loc":{"start":{"line":91,"column":8},"end":{"line":93,"column":9}},"type":"if","locations":[{"start":{"line":91,"column":8},"end":{"line":93,"column":9}}]},"3":{"loc":{"start":{"line":91,"column":12},"end":{"line":91,"column":75}},"type":"binary-expr","locations":[{"start":{"line":91,"column":12},"end":{"line":91,"column":41}},{"start":{"line":91,"column":45},"end":{"line":91,"column":75}}]},"4":{"loc":{"start":{"line":95,"column":8},"end":{"line":97,"column":9}},"type":"if","locations":[{"start":{"line":95,"column":8},"end":{"line":97,"column":9}}]},"5":{"loc":{"start":{"line":95,"column":12},"end":{"line":95,"column":69}},"type":"binary-expr","locations":[{"start":{"line":95,"column":12},"end":{"line":95,"column":40}},{"start":{"line":95,"column":44},"end":{"line":95,"column":69}}]}},"s":{"0":17,"1":17,"2":3,"3":2,"4":2,"5":1,"6":6,"7":5,"8":3,"9":3,"10":1,"11":2,"12":2,"13":2,"14":5,"15":1,"16":4,"17":1,"18":3,"19":3,"20":3,"21":4,"22":2},"f":{"0":17,"1":3,"2":6,"3":2,"4":2,"5":2,"6":2,"7":5,"8":3,"9":3,"10":3,"11":4},"b":{"0":[2],"1":[5],"2":[1],"3":[5,1],"4":[1],"5":[4,4]}},"/opt/mExpress/src/shell/app.ts":{"path":"/opt/mExpress/src/shell/app.ts","statementMap":{"0":{"start":{"line":2,"column":0},"end":{"line":2,"column":70}},"1":{"start":{"line":3,"column":0},"end":{"line":3,"column":59}},"2":{"start":{"line":10,"column":30},"end":{"line":107,"column":1}},"3":{"start":{"line":11,"column":28},"end":{"line":11,"column":34}},"4":{"start":{"line":13,"column":2},"end":{"line":15,"column":3}},"5":{"start":{"line":14,"column":4},"end":{"line":14,"column":77}},"6":{"start":{"line":18,"column":2},"end":{"line":18,"column":32}},"7":{"start":{"line":21,"column":54},"end":{"line":21,"column":56}},"8":{"start":{"line":24,"column":59},"end":{"line":24,"column":68}},"9":{"start":{"line":29,"column":16},"end":{"line":69,"column":3}},"10":{"start":{"line":30,"column":4},"end":{"line":68,"column":5}},"11":{"start":{"line":32,"column":20},"end":{"line":32,"column":36}},"12":{"start":{"line":35,"column":26},"end":{"line":35,"column":83}},"13":{"start":{"line":36,"column":6},"end":{"line":36,"column":64}},"14":{"start":{"line":39,"column":6},"end":{"line":52,"column":8}},"15":{"start":{"line":41,"column":25},"end":{"line":41,"column":59}},"16":{"start":{"line":42,"column":10},"end":{"line":42,"column":45}},"17":{"start":{"line":43,"column":10},"end":{"line":43,"column":31}},"18":{"start":{"line":46,"column":10},"end":{"line":50,"column":11}},"19":{"start":{"line":47,"column":12},"end":{"line":47,"column":55}},"20":{"start":{"line":49,"column":12},"end":{"line":49,"column":51}},"21":{"start":{"line":55,"column":26},"end":{"line":60,"column":8}},"22":{"start":{"line":57,"column":8},"end":{"line":59,"column":11}},"23":{"start":{"line":58,"column":10},"end":{"line":58,"column":31}},"24":{"start":{"line":63,"column":7},"end":{"line":63,"column":61}},"25":{"start":{"line":66,"column":27},"end":{"line":66,"column":83}},"26":{"start":{"line":67,"column":6},"end":{"line":67,"column":76}},"27":{"start":{"line":74,"column":18},"end":{"line":99,"column":3}},"28":{"start":{"line":75,"column":4},"end":{"line":98,"column":5}},"29":{"start":{"line":77,"column":6},"end":{"line":77,"column":31}},"30":{"start":{"line":80,"column":6},"end":{"line":82,"column":7}},"31":{"start":{"line":81,"column":9},"end":{"line":81,"column":51}},"32":{"start":{"line":85,"column":6},"end":{"line":94,"column":8}},"33":{"start":{"line":89,"column":12},"end":{"line":91,"column":13}},"34":{"start":{"line":90,"column":14},"end":{"line":90,"column":37}},"35":{"start":{"line":92,"column":12},"end":{"line":92,"column":45}},"36":{"start":{"line":96,"column":27},"end":{"line":96,"column":83}},"37":{"start":{"line":97,"column":6},"end":{"line":97,"column":78}},"38":{"start":{"line":101,"column":2},"end":{"line":106,"column":4}},"39":{"start":{"line":10,"column":13},"end":{"line":10,"column":30}}},"fnMap":{"0":{"name":"(anonymous_0)","decl":{"start":{"line":10,"column":30},"end":{"line":10,"column":31}},"loc":{"start":{"line":10,"column":64},"end":{"line":107,"column":1}}},"1":{"name":"(anonymous_1)","decl":{"start":{"line":29,"column":16},"end":{"line":29,"column":21}},"loc":{"start":{"line":29,"column":42},"end":{"line":69,"column":3}}},"2":{"name":"(anonymous_2)","decl":{"start":{"line":40,"column":20},"end":{"line":40,"column":25}},"loc":{"start":{"line":40,"column":41},"end":{"line":51,"column":9}}},"3":{"name":"(anonymous_3)","decl":{"start":{"line":55,"column":43},"end":{"line":55,"column":44}},"loc":{"start":{"line":55,"column":56},"end":{"line":60,"column":7}}},"4":{"name":"(anonymous_4)","decl":{"start":{"line":57,"column":33},"end":{"line":57,"column":43}},"loc":{"start":{"line":57,"column":46},"end":{"line":59,"column":9}}},"5":{"name":"(anonymous_5)","decl":{"start":{"line":74,"column":18},"end":{"line":74,"column":23}},"loc":{"start":{"line":74,"column":44},"end":{"line":99,"column":3}}},"6":{"name":"(anonymous_6)","decl":{"start":{"line":88,"column":15},"end":{"line":88,"column":20}},"loc":{"start":{"line":88,"column":46},"end":{"line":93,"column":11}}}},"branchMap":{"0":{"loc":{"start":{"line":13,"column":2},"end":{"line":15,"column":3}},"type":"if","locations":[{"start":{"line":13,"column":2},"end":{"line":15,"column":3}}]},"1":{"loc":{"start":{"line":36,"column":32},"end":{"line":36,"column":62}},"type":"cond-expr","locations":[{"start":{"line":36,"column":46},"end":{"line":36,"column":52}},{"start":{"line":36,"column":55},"end":{"line":36,"column":62}}]},"2":{"loc":{"start":{"line":46,"column":10},"end":{"line":50,"column":11}},"type":"if","locations":[{"start":{"line":46,"column":10},"end":{"line":50,"column":11}}]},"3":{"loc":{"start":{"line":66,"column":27},"end":{"line":66,"column":83}},"type":"cond-expr","locations":[{"start":{"line":66,"column":52},"end":{"line":66,"column":65}},{"start":{"line":66,"column":68},"end":{"line":66,"column":83}}]},"4":{"loc":{"start":{"line":80,"column":6},"end":{"line":82,"column":7}},"type":"if","locations":[{"start":{"line":80,"column":6},"end":{"line":82,"column":7}}]},"5":{"loc":{"start":{"line":89,"column":12},"end":{"line":91,"column":13}},"type":"if","locations":[{"start":{"line":89,"column":12},"end":{"line":91,"column":13}}]},"6":{"loc":{"start":{"line":96,"column":27},"end":{"line":96,"column":83}},"type":"cond-expr","locations":[{"start":{"line":96,"column":52},"end":{"line":96,"column":65}},{"start":{"line":96,"column":68},"end":{"line":96,"column":83}}]}},"s":{"0":1,"1":1,"2":1,"3":12,"4":12,"5":1,"6":11,"7":11,"8":11,"9":11,"10":10,"11":10,"12":10,"13":10,"14":10,"15":12,"16":10,"17":10,"18":10,"19":9,"20":9,"21":8,"22":81,"23":59,"24":8,"25":2,"26":2,"27":11,"28":4,"29":4,"30":4,"31":4,"32":4,"33":9,"34":4,"35":7,"36":2,"37":2,"38":11,"39":1},"f":{"0":12,"1":10,"2":12,"3":81,"4":59,"5":4,"6":9},"b":{"0":[1],"1":[2,8],"2":[9],"3":[1,1],"4":[4],"5":[4],"6":[1,1]}},"/opt/mExpress/src/shell/state.ts":{"path":"/opt/mExpress/src/shell/state.ts","statementMap":{"0":{"start":{"line":2,"column":0},"end":{"line":2,"column":36}},"1":{"start":{"line":4,"column":20},"end":{"line":33,"column":1}},"2":{"start":{"line":5,"column":26},"end":{"line":31,"column":4}},"3":{"start":{"line":10,"column":6},"end":{"line":10,"column":24}},"4":{"start":{"line":11,"column":6},"end":{"line":11,"column":31}},"5":{"start":{"line":14,"column":6},"end":{"line":14,"column":26}},"6":{"start":{"line":15,"column":6},"end":{"line":15,"column":31}},"7":{"start":{"line":18,"column":6},"end":{"line":24,"column":8}},"8":{"start":{"line":25,"column":6},"end":{"line":25,"column":31}},"9":{"start":{"line":28,"column":6},"end":{"line":28,"column":75}},"10":{"start":{"line":28,"column":62},"end":{"line":28,"column":73}},"11":{"start":{"line":29,"column":6},"end":{"line":29,"column":31}},"12":{"start":{"line":32,"column":2},"end":{"line":32,"column":15}},"13":{"start":{"line":42,"column":23},"end":{"line":42,"column":42}},"14":{"start":{"line":45,"column":20},"end":{"line":45,"column":56}},"15":{"start":{"line":48,"column":26},"end":{"line":58,"column":1}},"16":{"start":{"line":50,"column":2},"end":{"line":54,"column":5}},"17":{"start":{"line":51,"column":4},"end":{"line":51,"column":28}},"18":{"start":{"line":52,"column":4},"end":{"line":52,"column":30}},"19":{"start":{"line":53,"column":4},"end":{"line":53,"column":51}},"20":{"start":{"line":57,"column":2},"end":{"line":57,"column":55}},"21":{"start":{"line":57,"column":36},"end":{"line":57,"column":53}},"22":{"start":{"line":60,"column":31},"end":{"line":80,"column":1}},"23":{"start":{"line":61,"column":16},"end":{"line":61,"column":29}},"24":{"start":{"line":62,"column":2},"end":{"line":62,"column":28}},"25":{"start":{"line":64,"column":2},"end":{"line":79,"column":4}},"26":{"start":{"line":65,"column":20},"end":{"line":65,"column":25}},"27":{"start":{"line":67,"column":22},"end":{"line":67,"column":31}},"28":{"start":{"line":68,"column":6},"end":{"line":68,"column":36}},"29":{"start":{"line":69,"column":6},"end":{"line":69,"column":31}},"30":{"start":{"line":72,"column":6},"end":{"line":72,"column":32}},"31":{"start":{"line":74,"column":6},"end":{"line":74,"column":22}},"32":{"start":{"line":75,"column":6},"end":{"line":77,"column":8}},"33":{"start":{"line":76,"column":8},"end":{"line":76,"column":37}},"34":{"start":{"line":60,"column":13},"end":{"line":60,"column":31}},"35":{"start":{"line":83,"column":20},"end":{"line":83,"column":37}},"36":{"start":{"line":89,"column":30},"end":{"line":89,"column":47}},"37":{"start":{"line":89,"column":36},"end":{"line":89,"column":47}},"38":{"start":{"line":89,"column":13},"end":{"line":89,"column":30}},"39":{"start":{"line":96,"column":32},"end":{"line":98,"column":1}},"40":{"start":{"line":97,"column":2},"end":{"line":97,"column":41}},"41":{"start":{"line":96,"column":13},"end":{"line":96,"column":32}},"42":{"start":{"line":103,"column":32},"end":{"line":113,"column":1}},"43":{"start":{"line":105,"column":2},"end":{"line":109,"column":6}},"44":{"start":{"line":105,"column":30},"end":{"line":109,"column":4}},"45":{"start":{"line":112,"column":2},"end":{"line":112,"column":44}},"46":{"start":{"line":103,"column":13},"end":{"line":103,"column":32}}},"fnMap":{"0":{"name":"(anonymous_0)","decl":{"start":{"line":4,"column":20},"end":{"line":4,"column":33}},"loc":{"start":{"line":4,"column":35},"end":{"line":33,"column":1}}},"1":{"name":"(anonymous_1)","decl":{"start":{"line":9,"column":13},"end":{"line":9,"column":22}},"loc":{"start":{"line":9,"column":26},"end":{"line":12,"column":5}}},"2":{"name":"(anonymous_2)","decl":{"start":{"line":13,"column":14},"end":{"line":13,"column":23}},"loc":{"start":{"line":13,"column":28},"end":{"line":16,"column":5}}},"3":{"name":"(anonymous_3)","decl":{"start":{"line":17,"column":21},"end":{"line":17,"column":30}},"loc":{"start":{"line":17,"column":42},"end":{"line":26,"column":5}}},"4":{"name":"(anonymous_4)","decl":{"start":{"line":27,"column":24},"end":{"line":27,"column":33}},"loc":{"start":{"line":27,"column":35},"end":{"line":30,"column":5}}},"5":{"name":"(anonymous_5)","decl":{"start":{"line":28,"column":55},"end":{"line":28,"column":56}},"loc":{"start":{"line":28,"column":62},"end":{"line":28,"column":73}}},"6":{"name":"(anonymous_6)","decl":{"start":{"line":48,"column":26},"end":{"line":48,"column":27}},"loc":{"start":{"line":48,"column":46},"end":{"line":58,"column":1}}},"7":{"name":"(anonymous_7)","decl":{"start":{"line":50,"column":25},"end":{"line":50,"column":30}},"loc":{"start":{"line":50,"column":33},"end":{"line":54,"column":3}}},"8":{"name":"(anonymous_8)","decl":{"start":{"line":57,"column":22},"end":{"line":57,"column":32}},"loc":{"start":{"line":57,"column":36},"end":{"line":57,"column":53}}},"9":{"name":"(anonymous_9)","decl":{"start":{"line":60,"column":31},"end":{"line":60,"column":44}},"loc":{"start":{"line":60,"column":46},"end":{"line":80,"column":1}}},"10":{"name":"(anonymous_10)","decl":{"start":{"line":65,"column":14},"end":{"line":65,"column":17}},"loc":{"start":{"line":65,"column":20},"end":{"line":65,"column":25}}},"11":{"name":"(anonymous_11)","decl":{"start":{"line":66,"column":14},"end":{"line":66,"column":15}},"loc":{"start":{"line":66,"column":61},"end":{"line":70,"column":5}}},"12":{"name":"(anonymous_12)","decl":{"start":{"line":71,"column":15},"end":{"line":71,"column":16}},"loc":{"start":{"line":71,"column":55},"end":{"line":78,"column":5}}},"13":{"name":"(anonymous_13)","decl":{"start":{"line":75,"column":13},"end":{"line":75,"column":16}},"loc":{"start":{"line":75,"column":18},"end":{"line":77,"column":7}}},"14":{"name":"(anonymous_14)","decl":{"start":{"line":89,"column":30},"end":{"line":89,"column":33}},"loc":{"start":{"line":89,"column":36},"end":{"line":89,"column":47}}},"15":{"name":"(anonymous_15)","decl":{"start":{"line":96,"column":32},"end":{"line":96,"column":33}},"loc":{"start":{"line":96,"column":72},"end":{"line":98,"column":1}}},"16":{"name":"(anonymous_16)","decl":{"start":{"line":103,"column":32},"end":{"line":103,"column":35}},"loc":{"start":{"line":103,"column":37},"end":{"line":113,"column":1}}},"17":{"name":"(anonymous_17)","decl":{"start":{"line":105,"column":23},"end":{"line":105,"column":26}},"loc":{"start":{"line":105,"column":30},"end":{"line":109,"column":4}}}},"branchMap":{},"s":{"0":1,"1":1,"2":8,"3":3,"4":3,"5":16,"6":16,"7":2,"8":2,"9":1,"10":1,"11":1,"12":8,"13":1,"14":1,"15":1,"16":24,"17":98,"18":98,"19":98,"20":24,"21":74,"22":1,"23":8,"24":8,"25":8,"26":40,"27":1,"28":1,"29":1,"30":9,"31":9,"32":9,"33":5,"34":1,"35":1,"36":1,"37":10,"38":1,"39":1,"40":9,"41":1,"42":1,"43":1,"44":1,"45":1,"46":1},"f":{"0":8,"1":3,"2":16,"3":2,"4":1,"5":1,"6":24,"7":98,"8":74,"9":8,"10":40,"11":1,"12":9,"13":5,"14":10,"15":9,"16":1,"17":1},"b":{}},"/opt/mExpress/src/lib/monitoring.ts":{"path":"/opt/mExpress/src/lib/monitoring.ts","statementMap":{"0":{"start":{"line":22,"column":21},"end":{"line":22,"column":72}},"1":{"start":{"line":25,"column":8},"end":{"line":25,"column":29}},"2":{"start":{"line":30,"column":8},"end":{"line":30,"column":65}},"3":{"start":{"line":31,"column":8},"end":{"line":31,"column":64}},"4":{"start":{"line":33,"column":8},"end":{"line":36,"column":10}},"5":{"start":{"line":41,"column":24},"end":{"line":41,"column":62}},"6":{"start":{"line":43,"column":8},"end":{"line":48,"column":10}},"7":{"start":{"line":52,"column":8},"end":{"line":56,"column":9}},"8":{"start":{"line":54,"column":12},"end":{"line":54,"column":54}},"9":{"start":{"line":55,"column":12},"end":{"line":55,"column":46}},"10":{"start":{"line":61,"column":27},"end":{"line":61,"column":63}},"11":{"start":{"line":62,"column":8},"end":{"line":62,"column":53}},"12":{"start":{"line":67,"column":8},"end":{"line":69,"column":9}},"13":{"start":{"line":74,"column":8},"end":{"line":76,"column":9}},"14":{"start":{"line":81,"column":8},"end":{"line":83,"column":11}},"15":{"start":{"line":82,"column":12},"end":{"line":82,"column":46}},"16":{"start":{"line":92,"column":8},"end":{"line":97,"column":10}},"17":{"start":{"line":20,"column":0},"end":{"line":20,"column":13}}},"fnMap":{"0":{"name":"(anonymous_0)","decl":{"start":{"line":24,"column":4},"end":{"line":24,"column":16}},"loc":{"start":{"line":24,"column":41},"end":{"line":26,"column":5}}},"1":{"name":"(anonymous_1)","decl":{"start":{"line":28,"column":4},"end":{"line":28,"column":9}},"loc":{"start":{"line":28,"column":48},"end":{"line":37,"column":5}}},"2":{"name":"(anonymous_2)","decl":{"start":{"line":39,"column":4},"end":{"line":39,"column":9}},"loc":{"start":{"line":39,"column":28},"end":{"line":49,"column":5}}},"3":{"name":"(anonymous_3)","decl":{"start":{"line":51,"column":12},"end":{"line":51,"column":17}},"loc":{"start":{"line":51,"column":61},"end":{"line":57,"column":5}}},"4":{"name":"(anonymous_4)","decl":{"start":{"line":59,"column":12},"end":{"line":59,"column":17}},"loc":{"start":{"line":59,"column":58},"end":{"line":63,"column":5}}},"5":{"name":"(anonymous_5)","decl":{"start":{"line":65,"column":12},"end":{"line":65,"column":17}},"loc":{"start":{"line":65,"column":46},"end":{"line":70,"column":5}}},"6":{"name":"(anonymous_6)","decl":{"start":{"line":72,"column":12},"end":{"line":72,"column":17}},"loc":{"start":{"line":72,"column":38},"end":{"line":77,"column":5}}},"7":{"name":"(anonymous_7)","decl":{"start":{"line":79,"column":12},"end":{"line":79,"column":17}},"loc":{"start":{"line":79,"column":57},"end":{"line":84,"column":5}}},"8":{"name":"(anonymous_8)","decl":{"start":{"line":81,"column":24},"end":{"line":81,"column":29}},"loc":{"start":{"line":81,"column":41},"end":{"line":83,"column":9}}},"9":{"name":"(anonymous_9)","decl":{"start":{"line":86,"column":12},"end":{"line":86,"column":17}},"loc":{"start":{"line":86,"column":47},"end":{"line":88,"column":5}}},"10":{"name":"(anonymous_10)","decl":{"start":{"line":90,"column":12},"end":{"line":90,"column":17}},"loc":{"start":{"line":90,"column":43},"end":{"line":98,"column":5}}}},"branchMap":{"0":{"loc":{"start":{"line":52,"column":8},"end":{"line":56,"column":9}},"type":"if","locations":[{"start":{"line":52,"column":8},"end":{"line":56,"column":9}}]},"1":{"loc":{"start":{"line":67,"column":8},"end":{"line":69,"column":9}},"type":"if","locations":[{"start":{"line":67,"column":8},"end":{"line":69,"column":9}}]},"2":{"loc":{"start":{"line":74,"column":8},"end":{"line":76,"column":9}},"type":"if","locations":[{"start":{"line":74,"column":8},"end":{"line":76,"column":9}}]}},"s":{"0":8,"1":8,"2":1,"3":1,"4":1,"5":1,"6":1,"7":1,"8":1,"9":1,"10":1,"11":1,"12":1,"13":1,"14":1,"15":6,"16":1,"17":1},"f":{"0":8,"1":1,"2":1,"3":1,"4":1,"5":1,"6":1,"7":1,"8":6,"9":6,"10":1},"b":{"0":[1],"1":[1],"2":[1]}}}}
