{"numFailedTestSuites":3,"numFailedTests":1,"numPassedTestSuites":10,"numPassedTests":126,"numPendingTestSuites":0,"numPendingTests":0,"numRuntimeErrorTestSuites":2,"numTodoTests":0,"numTotalTestSuites":13,"numTotalTests":127,"openHandles":[],"snapshot":{"added":0,"didUpdate":false,"failure":false,"filesAdded":0,"filesRemoved":0,"filesRemovedList":[],"filesUnmatched":0,"filesUpdated":0,"matched":0,"total":0,"unchecked":0,"uncheckedKeysByFile":[],"unmatched":0,"updated":0},"startTime":1739804077883,"success":false,"testResults":[{"assertionResults":[{"ancestorTitles":["MetricsCollector","recordMetric"],"duration":15,"failureDetails":[],"failureMessages":[],"fullName":"MetricsCollector recordMetric should record a metric with timestamp","invocations":1,"location":null,"numPassingAsserts":2,"retryReasons":[],"status":"passed","title":"should record a metric with timestamp"},{"ancestorTitles":["MetricsCollector","recordMetric"],"duration":1,"failureDetails":[],"failureMessages":[],"fullName":"MetricsCollector recordMetric should add timestamp if not provided","invocations":1,"location":null,"numPassingAsserts":1,"retryReasons":[],"status":"passed","title":"should add timestamp if not provided"},{"ancestorTitles":["MetricsCollector","recordMetric"],"duration":1,"failureDetails":[],"failureMessages":[],"fullName":"MetricsCollector recordMetric should record metrics with tags","invocations":1,"location":null,"numPassingAsserts":1,"retryReasons":[],"status":"passed","title":"should record metrics with tags"},{"ancestorTitles":["MetricsCollector","getMetrics"],"duration":1,"failureDetails":[],"failureMessages":[],"fullName":"MetricsCollector getMetrics should return all recorded metrics","invocations":1,"location":null,"numPassingAsserts":2,"retryReasons":[],"status":"passed","title":"should return all recorded metrics"},{"ancestorTitles":["MetricsCollector","getMetrics"],"duration":37,"failureDetails":[],"failureMessages":[],"fullName":"MetricsCollector getMetrics should return empty array when no metrics recorded","invocations":1,"location":null,"numPassingAsserts":1,"retryReasons":[],"status":"passed","title":"should return empty array when no metrics recorded"},{"ancestorTitles":["MetricsCollector","clearMetrics"],"duration":2,"failureDetails":[],"failureMessages":[],"fullName":"MetricsCollector clearMetrics should clear all recorded metrics","invocations":1,"location":null,"numPassingAsserts":2,"retryReasons":[],"status":"passed","title":"should clear all recorded metrics"},{"ancestorTitles":["MetricsCollector","getAverageValue"],"duration":2,"failureDetails":[],"failureMessages":[],"fullName":"MetricsCollector getAverageValue should calculate average for specified metric","invocations":1,"location":null,"numPassingAsserts":1,"retryReasons":[],"status":"passed","title":"should calculate average for specified metric"},{"ancestorTitles":["MetricsCollector","getAverageValue"],"duration":1,"failureDetails":[],"failureMessages":[],"fullName":"MetricsCollector getAverageValue should return 0 when no metrics found","invocations":1,"location":null,"numPassingAsserts":1,"retryReasons":[],"status":"passed","title":"should return 0 when no metrics found"},{"ancestorTitles":["MetricsCollector","getLatestValue"],"duration":2,"failureDetails":[],"failureMessages":[],"fullName":"MetricsCollector getLatestValue should return latest value for specified metric","invocations":1,"location":null,"numPassingAsserts":1,"retryReasons":[],"status":"passed","title":"should return latest value for specified metric"},{"ancestorTitles":["MetricsCollector","getLatestValue"],"duration":2,"failureDetails":[],"failureMessages":[],"fullName":"MetricsCollector getLatestValue should return null when no metrics found","invocations":1,"location":null,"numPassingAsserts":1,"retryReasons":[],"status":"passed","title":"should return null when no metrics found"}],"endTime":1739804099300,"message":"","name":"/opt/mExpress/src/utils/__tests__/monitoring.test.ts","startTime":1739804078721,"status":"passed","summary":""},{"assertionResults":[{"ancestorTitles":["ServiceMeshConfig","Basic Configuration"],"duration":142,"failureDetails":[],"failureMessages":[],"fullName":"ServiceMeshConfig Basic Configuration should correctly initialize with options","invocations":1,"location":null,"numPassingAsserts":6,"retryReasons":[],"status":"passed","title":"should correctly initialize with options"},{"ancestorTitles":["ServiceMeshConfig","Basic Configuration"],"duration":4,"failureDetails":[],"failureMessages":[],"fullName":"ServiceMeshConfig Basic Configuration should return complete configuration","invocations":1,"location":null,"numPassingAsserts":1,"retryReasons":[],"status":"passed","title":"should return complete configuration"},{"ancestorTitles":["ServiceMeshConfig","Basic Configuration"],"duration":2,"failureDetails":[],"failureMessages":[],"fullName":"ServiceMeshConfig Basic Configuration should create deep copy of monitoring and security settings","invocations":1,"location":null,"numPassingAsserts":2,"retryReasons":[],"status":"passed","title":"should create deep copy of monitoring and security settings"},{"ancestorTitles":["ServiceMeshConfig","Validation"],"duration":43,"failureDetails":[],"failureMessages":[],"fullName":"ServiceMeshConfig Validation should throw error for missing namespace","invocations":1,"location":null,"numPassingAsserts":1,"retryReasons":[],"status":"passed","title":"should throw error for missing namespace"},{"ancestorTitles":["ServiceMeshConfig","Validation"],"duration":7,"failureDetails":[],"failureMessages":[],"fullName":"ServiceMeshConfig Validation should throw error for missing version","invocations":1,"location":null,"numPassingAsserts":1,"retryReasons":[],"status":"passed","title":"should throw error for missing version"},{"ancestorTitles":["ServiceMeshConfig","Validation"],"duration":168,"failureDetails":[],"failureMessages":[],"fullName":"ServiceMeshConfig Validation should throw error for invalid monitoring config","invocations":1,"location":null,"numPassingAsserts":1,"retryReasons":[],"status":"passed","title":"should throw error for invalid monitoring config"},{"ancestorTitles":["ServiceMeshConfig","Validation"],"duration":4,"failureDetails":[],"failureMessages":[],"fullName":"ServiceMeshConfig Validation should throw error for invalid security config","invocations":1,"location":null,"numPassingAsserts":1,"retryReasons":[],"status":"passed","title":"should throw error for invalid security config"},{"ancestorTitles":["ServiceMeshConfig","Default Values"],"duration":2,"failureDetails":[],"failureMessages":[],"fullName":"ServiceMeshConfig Default Values should use default monitoring values if not provided","invocations":1,"location":null,"numPassingAsserts":2,"retryReasons":[],"status":"passed","title":"should use default monitoring values if not provided"},{"ancestorTitles":["ServiceMeshConfig","Default Values"],"duration":1,"failureDetails":[],"failureMessages":[],"fullName":"ServiceMeshConfig Default Values should use default security values if not provided","invocations":1,"location":null,"numPassingAsserts":2,"retryReasons":[],"status":"passed","title":"should use default security values if not provided"}],"endTime":1739804099730,"message":"","name":"/opt/mExpress/src/__tests__/lib/config.test.ts","startTime":1739804078739,"status":"passed","summary":""},{"assertionResults":[{"ancestorTitles":["ProductService","create"],"duration":13,"failureDetails":[],"failureMessages":[],"fullName":"ProductService create should create a new product with required fields","invocations":1,"location":null,"numPassingAsserts":1,"retryReasons":[],"status":"passed","title":"should create a new product with required fields"},{"ancestorTitles":["ProductService","create"],"duration":2,"failureDetails":[],"failureMessages":[],"fullName":"ProductService create should create a product with optional fields","invocations":1,"location":null,"numPassingAsserts":1,"retryReasons":[],"status":"passed","title":"should create a product with optional fields"},{"ancestorTitles":["ProductService","read"],"duration":1,"failureDetails":[],"failureMessages":[],"fullName":"ProductService read should retrieve an existing product","invocations":1,"location":null,"numPassingAsserts":1,"retryReasons":[],"status":"passed","title":"should retrieve an existing product"},{"ancestorTitles":["ProductService","read"],"duration":87,"failureDetails":[],"failureMessages":[],"fullName":"ProductService read should throw error for non-existent product","invocations":1,"location":null,"numPassingAsserts":1,"retryReasons":[],"status":"passed","title":"should throw error for non-existent product"},{"ancestorTitles":["ProductService","update"],"duration":5,"failureDetails":[{"matcherResult":{"message":"\u001b[2mexpect(\u001b[22m\u001b[31mreceived\u001b[39m\u001b[2m).\u001b[22mtoBeGreaterThan\u001b[2m(\u001b[22m\u001b[32mexpected\u001b[39m\u001b[2m)\u001b[22m\n\nExpected: > \u001b[32m1739804099910\u001b[39m\nReceived:   \u001b[31m1739804099910\u001b[39m","pass":false}}],"failureMessages":["Error: \u001b[2mexpect(\u001b[22m\u001b[31mreceived\u001b[39m\u001b[2m).\u001b[22mtoBeGreaterThan\u001b[2m(\u001b[22m\u001b[32mexpected\u001b[39m\u001b[2m)\u001b[22m\n\nExpected: > \u001b[32m1739804099910\u001b[39m\nReceived:   \u001b[31m1739804099910\u001b[39m\n    at Object.<anonymous> (/opt/mExpress/src/services/__tests__/product.service.test.ts:100:49)\n    at processTicksAndRejections (node:internal/process/task_queues:95:5)"],"fullName":"ProductService update should update an existing product","invocations":1,"location":null,"numPassingAsserts":1,"retryReasons":[],"status":"failed","title":"should update an existing product"},{"ancestorTitles":["ProductService","update"],"duration":3,"failureDetails":[],"failureMessages":[],"fullName":"ProductService update should throw error for non-existent product","invocations":1,"location":null,"numPassingAsserts":1,"retryReasons":[],"status":"passed","title":"should throw error for non-existent product"},{"ancestorTitles":["ProductService","delete"],"duration":3,"failureDetails":[],"failureMessages":[],"fullName":"ProductService delete should delete an existing product","invocations":1,"location":null,"numPassingAsserts":1,"retryReasons":[],"status":"passed","title":"should delete an existing product"},{"ancestorTitles":["ProductService","delete"],"duration":135,"failureDetails":[],"failureMessages":[],"fullName":"ProductService delete should throw error for non-existent product","invocations":1,"location":null,"numPassingAsserts":1,"retryReasons":[],"status":"passed","title":"should throw error for non-existent product"},{"ancestorTitles":["ProductService","list"],"duration":42,"failureDetails":[],"failureMessages":[],"fullName":"ProductService list should list all products with default pagination","invocations":1,"location":null,"numPassingAsserts":5,"retryReasons":[],"status":"passed","title":"should list all products with default pagination"},{"ancestorTitles":["ProductService","list"],"duration":6,"failureDetails":[],"failureMessages":[],"fullName":"ProductService list should apply pagination correctly","invocations":1,"location":null,"numPassingAsserts":5,"retryReasons":[],"status":"passed","title":"should apply pagination correctly"},{"ancestorTitles":["ProductService","list"],"duration":4,"failureDetails":[],"failureMessages":[],"fullName":"ProductService list should apply sorting correctly","invocations":1,"location":null,"numPassingAsserts":3,"retryReasons":[],"status":"passed","title":"should apply sorting correctly"},{"ancestorTitles":["ProductService","list"],"duration":4,"failureDetails":[],"failureMessages":[],"fullName":"ProductService list should apply filtering correctly","invocations":1,"location":null,"numPassingAsserts":2,"retryReasons":[],"status":"passed","title":"should apply filtering correctly"},{"ancestorTitles":["ProductService","list"],"duration":29,"failureDetails":[],"failureMessages":[],"fullName":"ProductService list should filter by multiple criteria","invocations":1,"location":null,"numPassingAsserts":2,"retryReasons":[],"status":"passed","title":"should filter by multiple criteria"}],"endTime":1739804100234,"message":"\u001b[1m\u001b[31m  \u001b[1m● \u001b[22m\u001b[1mProductService › update › should update an existing product\u001b[39m\u001b[22m\n\n    \u001b[2mexpect(\u001b[22m\u001b[31mreceived\u001b[39m\u001b[2m).\u001b[22mtoBeGreaterThan\u001b[2m(\u001b[22m\u001b[32mexpected\u001b[39m\u001b[2m)\u001b[22m\n\n    Expected: > \u001b[32m1739804099910\u001b[39m\n    Received:   \u001b[31m1739804099910\u001b[39m\n\u001b[2m\u001b[22m\n\u001b[2m    \u001b[0m \u001b[90m  98 |\u001b[39m                 updatedAt\u001b[33m:\u001b[39m expect\u001b[33m.\u001b[39many(\u001b[33mDate\u001b[39m)\u001b[22m\n\u001b[2m     \u001b[90m  99 |\u001b[39m             })\u001b[33m;\u001b[39m\u001b[22m\n\u001b[2m    \u001b[31m\u001b[1m>\u001b[22m\u001b[2m\u001b[39m\u001b[90m 100 |\u001b[39m             expect(updated\u001b[33m.\u001b[39mupdatedAt\u001b[33m.\u001b[39mgetTime())\u001b[33m.\u001b[39mtoBeGreaterThan(created\u001b[33m.\u001b[39mupdatedAt\u001b[33m.\u001b[39mgetTime())\u001b[33m;\u001b[39m\u001b[22m\n\u001b[2m     \u001b[90m     |\u001b[39m                                                 \u001b[31m\u001b[1m^\u001b[22m\u001b[2m\u001b[39m\u001b[22m\n\u001b[2m     \u001b[90m 101 |\u001b[39m         })\u001b[33m;\u001b[39m\u001b[22m\n\u001b[2m     \u001b[90m 102 |\u001b[39m\u001b[22m\n\u001b[2m     \u001b[90m 103 |\u001b[39m         it(\u001b[32m'should throw error for non-existent product'\u001b[39m\u001b[33m,\u001b[39m \u001b[36masync\u001b[39m () \u001b[33m=>\u001b[39m {\u001b[0m\u001b[22m\n\u001b[2m\u001b[22m\n\u001b[2m      \u001b[2mat Object.<anonymous> (\u001b[22m\u001b[2m\u001b[0m\u001b[36msrc/services/__tests__/product.service.test.ts\u001b[39m\u001b[0m\u001b[2m:100:49)\u001b[22m\u001b[2m\u001b[22m\n","name":"/opt/mExpress/src/services/__tests__/product.service.test.ts","startTime":1739804078606,"status":"failed","summary":""},{"assertionResults":[{"ancestorTitles":["Module Check","Test Environment"],"duration":54,"failureDetails":[],"failureMessages":[],"fullName":"Module Check Test Environment should identify test main module by ID pattern","invocations":1,"location":null,"numPassingAsserts":1,"retryReasons":[],"status":"passed","title":"should identify test main module by ID pattern"},{"ancestorTitles":["Module Check","Test Environment"],"duration":2,"failureDetails":[],"failureMessages":[],"fullName":"Module Check Test Environment should handle Windows-style paths in test","invocations":1,"location":null,"numPassingAsserts":1,"retryReasons":[],"status":"passed","title":"should handle Windows-style paths in test"},{"ancestorTitles":["Module Check","Test Environment"],"duration":1,"failureDetails":[],"failureMessages":[],"fullName":"Module Check Test Environment should handle paths with .js extension in test","invocations":1,"location":null,"numPassingAsserts":1,"retryReasons":[],"status":"passed","title":"should handle paths with .js extension in test"},{"ancestorTitles":["Module Check","Test Environment"],"duration":2,"failureDetails":[],"failureMessages":[],"fullName":"Module Check Test Environment should handle paths with duplicate slashes in test","invocations":1,"location":null,"numPassingAsserts":1,"retryReasons":[],"status":"passed","title":"should handle paths with duplicate slashes in test"},{"ancestorTitles":["Module Check","Test Environment"],"duration":1,"failureDetails":[],"failureMessages":[],"fullName":"Module Check Test Environment should handle paths with trailing slash in test","invocations":1,"location":null,"numPassingAsserts":1,"retryReasons":[],"status":"passed","title":"should handle paths with trailing slash in test"},{"ancestorTitles":["Module Check","Test Environment"],"duration":1,"failureDetails":[],"failureMessages":[],"fullName":"Module Check Test Environment should handle paths without leading slash in test","invocations":1,"location":null,"numPassingAsserts":1,"retryReasons":[],"status":"passed","title":"should handle paths without leading slash in test"},{"ancestorTitles":["Module Check","Production Environment"],"duration":1,"failureDetails":[],"failureMessages":[],"fullName":"Module Check Production Environment should identify main module by direct instance","invocations":1,"location":null,"numPassingAsserts":1,"retryReasons":[],"status":"passed","title":"should identify main module by direct instance"},{"ancestorTitles":["Module Check","Production Environment"],"duration":1,"failureDetails":[],"failureMessages":[],"fullName":"Module Check Production Environment should identify main module by matching ID","invocations":1,"location":null,"numPassingAsserts":1,"retryReasons":[],"status":"passed","title":"should identify main module by matching ID"},{"ancestorTitles":["Module Check","Production Environment"],"duration":4,"failureDetails":[],"failureMessages":[],"fullName":"Module Check Production Environment should identify main module by matching filename when IDs differ","invocations":1,"location":null,"numPassingAsserts":1,"retryReasons":[],"status":"passed","title":"should identify main module by matching filename when IDs differ"},{"ancestorTitles":["Module Check","Production Environment"],"duration":1,"failureDetails":[],"failureMessages":[],"fullName":"Module Check Production Environment should handle Windows-style paths in production","invocations":1,"location":null,"numPassingAsserts":1,"retryReasons":[],"status":"passed","title":"should handle Windows-style paths in production"},{"ancestorTitles":["Module Check","Production Environment"],"duration":1,"failureDetails":[],"failureMessages":[],"fullName":"Module Check Production Environment should handle paths with duplicate slashes in production","invocations":1,"location":null,"numPassingAsserts":1,"retryReasons":[],"status":"passed","title":"should handle paths with duplicate slashes in production"},{"ancestorTitles":["Module Check","Production Environment"],"duration":1,"failureDetails":[],"failureMessages":[],"fullName":"Module Check Production Environment should handle paths with trailing slash in production","invocations":1,"location":null,"numPassingAsserts":1,"retryReasons":[],"status":"passed","title":"should handle paths with trailing slash in production"},{"ancestorTitles":["Module Check","Production Environment"],"duration":1,"failureDetails":[],"failureMessages":[],"fullName":"Module Check Production Environment should handle paths without leading slash in production","invocations":1,"location":null,"numPassingAsserts":1,"retryReasons":[],"status":"passed","title":"should handle paths without leading slash in production"},{"ancestorTitles":["Module Check","Production Environment"],"duration":1,"failureDetails":[],"failureMessages":[],"fullName":"Module Check Production Environment should handle missing IDs but matching filenames","invocations":1,"location":null,"numPassingAsserts":1,"retryReasons":[],"status":"passed","title":"should handle missing IDs but matching filenames"},{"ancestorTitles":["Module Check","Production Environment"],"duration":1,"failureDetails":[],"failureMessages":[],"fullName":"Module Check Production Environment should handle missing filenames","invocations":1,"location":null,"numPassingAsserts":1,"retryReasons":[],"status":"passed","title":"should handle missing filenames"},{"ancestorTitles":["Module Check","Production Environment"],"duration":1,"failureDetails":[],"failureMessages":[],"fullName":"Module Check Production Environment should return false when no matching criteria","invocations":1,"location":null,"numPassingAsserts":1,"retryReasons":[],"status":"passed","title":"should return false when no matching criteria"},{"ancestorTitles":["Module Check","Edge Cases"],"duration":1,"failureDetails":[],"failureMessages":[],"fullName":"Module Check Edge Cases should normalize empty id to empty string","invocations":1,"location":null,"numPassingAsserts":1,"retryReasons":[],"status":"passed","title":"should normalize empty id to empty string"},{"ancestorTitles":["Module Check","Edge Cases"],"duration":1,"failureDetails":[],"failureMessages":[],"fullName":"Module Check Edge Cases should handle cross-comparison between id and filename","invocations":1,"location":null,"numPassingAsserts":1,"retryReasons":[],"status":"passed","title":"should handle cross-comparison between id and filename"},{"ancestorTitles":["Module Check","Edge Cases"],"duration":1,"failureDetails":[],"failureMessages":[],"fullName":"Module Check Edge Cases should handle undefined module","invocations":1,"location":null,"numPassingAsserts":1,"retryReasons":[],"status":"passed","title":"should handle undefined module"},{"ancestorTitles":["Module Check","Edge Cases"],"duration":3,"failureDetails":[],"failureMessages":[],"fullName":"Module Check Edge Cases should handle undefined require.main","invocations":1,"location":null,"numPassingAsserts":1,"retryReasons":[],"status":"passed","title":"should handle undefined require.main"},{"ancestorTitles":["Module Check","Edge Cases"],"duration":1,"failureDetails":[],"failureMessages":[],"fullName":"Module Check Edge Cases should handle module with empty properties","invocations":1,"location":null,"numPassingAsserts":1,"retryReasons":[],"status":"passed","title":"should handle module with empty properties"},{"ancestorTitles":["Module Check","Edge Cases"],"duration":1,"failureDetails":[],"failureMessages":[],"fullName":"Module Check Edge Cases should handle module with non-normalized path","invocations":1,"location":null,"numPassingAsserts":1,"retryReasons":[],"status":"passed","title":"should handle module with non-normalized path"}],"endTime":1739804100253,"message":"","name":"/opt/mExpress/src/utils/__tests__/moduleCheck.test.ts","startTime":1739804078611,"status":"passed","summary":""},{"assertionResults":[{"ancestorTitles":["Logger","info"],"duration":4,"failureDetails":[],"failureMessages":[],"fullName":"Logger info should log info message","invocations":1,"location":null,"numPassingAsserts":1,"retryReasons":[],"status":"passed","title":"should log info message"},{"ancestorTitles":["Logger","info"],"duration":1,"failureDetails":[],"failureMessages":[],"fullName":"Logger info should handle additional arguments","invocations":1,"location":null,"numPassingAsserts":2,"retryReasons":[],"status":"passed","title":"should handle additional arguments"},{"ancestorTitles":["Logger","error"],"duration":9,"failureDetails":[],"failureMessages":[],"fullName":"Logger error should log error message","invocations":1,"location":null,"numPassingAsserts":2,"retryReasons":[],"status":"passed","title":"should log error message"},{"ancestorTitles":["Logger","error"],"duration":1,"failureDetails":[],"failureMessages":[],"fullName":"Logger error should handle string error messages","invocations":1,"location":null,"numPassingAsserts":1,"retryReasons":[],"status":"passed","title":"should handle string error messages"},{"ancestorTitles":["Logger","error"],"duration":2,"failureDetails":[],"failureMessages":[],"fullName":"Logger error should handle additional arguments","invocations":1,"location":null,"numPassingAsserts":2,"retryReasons":[],"status":"passed","title":"should handle additional arguments"},{"ancestorTitles":["Logger","warn"],"duration":1,"failureDetails":[],"failureMessages":[],"fullName":"Logger warn should log warning message","invocations":1,"location":null,"numPassingAsserts":1,"retryReasons":[],"status":"passed","title":"should log warning message"},{"ancestorTitles":["Logger","warn"],"duration":1,"failureDetails":[],"failureMessages":[],"fullName":"Logger warn should handle additional arguments","invocations":1,"location":null,"numPassingAsserts":2,"retryReasons":[],"status":"passed","title":"should handle additional arguments"},{"ancestorTitles":["Logger","debug"],"duration":1,"failureDetails":[],"failureMessages":[],"fullName":"Logger debug should log debug message when DEBUG env is true","invocations":1,"location":null,"numPassingAsserts":1,"retryReasons":[],"status":"passed","title":"should log debug message when DEBUG env is true"},{"ancestorTitles":["Logger","debug"],"duration":2,"failureDetails":[],"failureMessages":[],"fullName":"Logger debug should not log debug message when DEBUG env is not set","invocations":1,"location":null,"numPassingAsserts":1,"retryReasons":[],"status":"passed","title":"should not log debug message when DEBUG env is not set"},{"ancestorTitles":["Logger","debug"],"duration":1,"failureDetails":[],"failureMessages":[],"fullName":"Logger debug should handle additional arguments when debug is enabled","invocations":1,"location":null,"numPassingAsserts":2,"retryReasons":[],"status":"passed","title":"should handle additional arguments when debug is enabled"}],"endTime":1739804100847,"message":"","name":"/opt/mExpress/src/utils/__tests__/logger.test.ts","startTime":1739804100342,"status":"passed","summary":""},{"assertionResults":[{"ancestorTitles":["Service Mesh Infrastructure","Istio Deployment"],"duration":12,"failureDetails":[],"failureMessages":[],"fullName":"Service Mesh Infrastructure Istio Deployment should deploy Istio control plane","invocations":1,"location":null,"numPassingAsserts":3,"retryReasons":[],"status":"passed","title":"should deploy Istio control plane"},{"ancestorTitles":["Service Mesh Infrastructure","Istio Deployment"],"duration":40,"failureDetails":[],"failureMessages":[],"fullName":"Service Mesh Infrastructure Istio Deployment should configure traffic management","invocations":1,"location":null,"numPassingAsserts":2,"retryReasons":[],"status":"passed","title":"should configure traffic management"},{"ancestorTitles":["Service Mesh Infrastructure","Istio Deployment"],"duration":1,"failureDetails":[],"failureMessages":[],"fullName":"Service Mesh Infrastructure Istio Deployment should enable distributed tracing","invocations":1,"location":null,"numPassingAsserts":3,"retryReasons":[],"status":"passed","title":"should enable distributed tracing"},{"ancestorTitles":["Service Mesh Infrastructure","Monitoring Integration"],"duration":2,"failureDetails":[],"failureMessages":[],"fullName":"Service Mesh Infrastructure Monitoring Integration should configure metrics collection","invocations":1,"location":null,"numPassingAsserts":2,"retryReasons":[],"status":"passed","title":"should configure metrics collection"},{"ancestorTitles":["Service Mesh Infrastructure","Monitoring Integration"],"duration":1,"failureDetails":[],"failureMessages":[],"fullName":"Service Mesh Infrastructure Monitoring Integration should validate performance metrics","invocations":1,"location":null,"numPassingAsserts":2,"retryReasons":[],"status":"passed","title":"should validate performance metrics"},{"ancestorTitles":["Service Mesh Infrastructure","Security Configuration"],"duration":1,"failureDetails":[],"failureMessages":[],"fullName":"Service Mesh Infrastructure Security Configuration should enable mTLS","invocations":1,"location":null,"numPassingAsserts":2,"retryReasons":[],"status":"passed","title":"should enable mTLS"},{"ancestorTitles":["Service Mesh Infrastructure","Security Configuration"],"duration":13,"failureDetails":[],"failureMessages":[],"fullName":"Service Mesh Infrastructure Security Configuration should configure authorization policies","invocations":1,"location":null,"numPassingAsserts":2,"retryReasons":[],"status":"passed","title":"should configure authorization policies"},{"ancestorTitles":["Service Mesh Infrastructure","Integration Tests"],"duration":3,"failureDetails":[],"failureMessages":[],"fullName":"Service Mesh Infrastructure Integration Tests should verify end-to-end service mesh setup","invocations":1,"location":null,"numPassingAsserts":5,"retryReasons":[],"status":"passed","title":"should verify end-to-end service mesh setup"}],"endTime":1739804101550,"message":"","name":"/opt/mExpress/src/__tests__/infrastructure/service-mesh.test.ts","startTime":1739804100432,"status":"passed","summary":""},{"assertionResults":[{"ancestorTitles":["Environment","Basic Configuration"],"duration":3,"failureDetails":[],"failureMessages":[],"fullName":"Environment Basic Configuration should correctly initialize with config","invocations":1,"location":null,"numPassingAsserts":3,"retryReasons":[],"status":"passed","title":"should correctly initialize with config"},{"ancestorTitles":["Environment","Basic Configuration"],"duration":1,"failureDetails":[],"failureMessages":[],"fullName":"Environment Basic Configuration should return complete configuration","invocations":1,"location":null,"numPassingAsserts":1,"retryReasons":[],"status":"passed","title":"should return complete configuration"},{"ancestorTitles":["Environment","Basic Configuration"],"duration":0,"failureDetails":[],"failureMessages":[],"fullName":"Environment Basic Configuration should create deep copy of services","invocations":1,"location":null,"numPassingAsserts":1,"retryReasons":[],"status":"passed","title":"should create deep copy of services"},{"ancestorTitles":["Environment","Environment Validation"],"duration":102,"failureDetails":[],"failureMessages":[],"fullName":"Environment Environment Validation should throw error for missing environment","invocations":1,"location":null,"numPassingAsserts":1,"retryReasons":[],"status":"passed","title":"should throw error for missing environment"},{"ancestorTitles":["Environment","Environment Validation"],"duration":34,"failureDetails":[],"failureMessages":[],"fullName":"Environment Environment Validation should throw error for invalid environment","invocations":1,"location":null,"numPassingAsserts":1,"retryReasons":[],"status":"passed","title":"should throw error for invalid environment"},{"ancestorTitles":["Environment","Environment Validation"],"duration":1,"failureDetails":[],"failureMessages":[],"fullName":"Environment Environment Validation should throw error for invalid log level","invocations":1,"location":null,"numPassingAsserts":1,"retryReasons":[],"status":"passed","title":"should throw error for invalid log level"},{"ancestorTitles":["Environment","Default Values"],"duration":1,"failureDetails":[],"failureMessages":[],"fullName":"Environment Default Values should set debug based on environment","invocations":1,"location":null,"numPassingAsserts":2,"retryReasons":[],"status":"passed","title":"should set debug based on environment"},{"ancestorTitles":["Environment","Default Values"],"duration":1,"failureDetails":[],"failureMessages":[],"fullName":"Environment Default Values should set log level based on environment","invocations":1,"location":null,"numPassingAsserts":2,"retryReasons":[],"status":"passed","title":"should set log level based on environment"},{"ancestorTitles":["Environment","Default Values"],"duration":1,"failureDetails":[],"failureMessages":[],"fullName":"Environment Default Values should use default service settings","invocations":1,"location":null,"numPassingAsserts":1,"retryReasons":[],"status":"passed","title":"should use default service settings"},{"ancestorTitles":["Environment","Service Configuration"],"duration":2,"failureDetails":[],"failureMessages":[],"fullName":"Environment Service Configuration should throw error for missing service URL","invocations":1,"location":null,"numPassingAsserts":1,"retryReasons":[],"status":"passed","title":"should throw error for missing service URL"},{"ancestorTitles":["Environment","Service Configuration"],"duration":2,"failureDetails":[],"failureMessages":[],"fullName":"Environment Service Configuration should throw error for invalid timeout","invocations":1,"location":null,"numPassingAsserts":1,"retryReasons":[],"status":"passed","title":"should throw error for invalid timeout"},{"ancestorTitles":["Environment","Service Configuration"],"duration":2,"failureDetails":[],"failureMessages":[],"fullName":"Environment Service Configuration should throw error for invalid retries","invocations":1,"location":null,"numPassingAsserts":1,"retryReasons":[],"status":"passed","title":"should throw error for invalid retries"},{"ancestorTitles":["Environment","Service Configuration"],"duration":1,"failureDetails":[],"failureMessages":[],"fullName":"Environment Service Configuration should get all services","invocations":1,"location":null,"numPassingAsserts":2,"retryReasons":[],"status":"passed","title":"should get all services"},{"ancestorTitles":["Environment","Service Configuration"],"duration":0,"failureDetails":[],"failureMessages":[],"fullName":"Environment Service Configuration should handle missing service","invocations":1,"location":null,"numPassingAsserts":1,"retryReasons":[],"status":"passed","title":"should handle missing service"}],"endTime":1739804101620,"message":"","name":"/opt/mExpress/src/__tests__/lib/environment.test.ts","startTime":1739804100902,"status":"passed","summary":""},{"assertionResults":[{"ancestorTitles":["RateLimiter"],"duration":121,"failureDetails":[],"failureMessages":[],"fullName":"RateLimiter should allow requests within rate limit","invocations":1,"location":null,"numPassingAsserts":4,"retryReasons":[],"status":"passed","title":"should allow requests within rate limit"},{"ancestorTitles":["RateLimiter"],"duration":130,"failureDetails":[],"failureMessages":[],"fullName":"RateLimiter should throw error when rate limit exceeded","invocations":1,"location":null,"numPassingAsserts":1,"retryReasons":[],"status":"passed","title":"should throw error when rate limit exceeded"},{"ancestorTitles":["RateLimiter"],"duration":219,"failureDetails":[],"failureMessages":[],"fullName":"RateLimiter should clean up old requests outside window","invocations":1,"location":null,"numPassingAsserts":3,"retryReasons":[],"status":"passed","title":"should clean up old requests outside window"},{"ancestorTitles":["RateLimiter"],"duration":68,"failureDetails":[],"failureMessages":[],"fullName":"RateLimiter should set proper expiration for rate limit keys","invocations":1,"location":null,"numPassingAsserts":1,"retryReasons":[],"status":"passed","title":"should set proper expiration for rate limit keys"},{"ancestorTitles":["RateLimiter"],"duration":195,"failureDetails":[],"failureMessages":[],"fullName":"RateLimiter should properly calculate remaining requests","invocations":1,"location":null,"numPassingAsserts":4,"retryReasons":[],"status":"passed","title":"should properly calculate remaining requests"}],"endTime":1739804102035,"message":"","name":"/opt/mExpress/src/utils/__tests__/rate-limiter.test.ts","startTime":1739804099791,"status":"passed","summary":""},{"assertionResults":[{"ancestorTitles":["Application Entry Point","bootstrap"],"duration":16,"failureDetails":[],"failureMessages":[],"fullName":"Application Entry Point bootstrap should log startup message","invocations":1,"location":null,"numPassingAsserts":1,"retryReasons":[],"status":"passed","title":"should log startup message"},{"ancestorTitles":["Application Entry Point","bootstrap"],"duration":5,"failureDetails":[],"failureMessages":[],"fullName":"Application Entry Point bootstrap should handle errors through handleBootstrapError","invocations":1,"location":null,"numPassingAsserts":2,"retryReasons":[],"status":"passed","title":"should handle errors through handleBootstrapError"},{"ancestorTitles":["Application Entry Point","handleBootstrapError"],"duration":19,"failureDetails":[],"failureMessages":[],"fullName":"Application Entry Point handleBootstrapError should log error and exit","invocations":1,"location":null,"numPassingAsserts":2,"retryReasons":[],"status":"passed","title":"should log error and exit"},{"ancestorTitles":["Application Entry Point","handleBootstrapError"],"duration":2,"failureDetails":[],"failureMessages":[],"fullName":"Application Entry Point handleBootstrapError should handle logging errors","invocations":1,"location":null,"numPassingAsserts":3,"retryReasons":[],"status":"passed","title":"should handle logging errors"},{"ancestorTitles":["Application Entry Point","initializeApp"],"duration":1,"failureDetails":[],"failureMessages":[],"fullName":"Application Entry Point initializeApp should run when forceMain is true","invocations":1,"location":null,"numPassingAsserts":1,"retryReasons":[],"status":"passed","title":"should run when forceMain is true"},{"ancestorTitles":["Application Entry Point","initializeApp"],"duration":2,"failureDetails":[],"failureMessages":[],"fullName":"Application Entry Point initializeApp should not run when forceMain is false","invocations":1,"location":null,"numPassingAsserts":1,"retryReasons":[],"status":"passed","title":"should not run when forceMain is false"},{"ancestorTitles":["Application Entry Point","initializeApp"],"duration":1,"failureDetails":[],"failureMessages":[],"fullName":"Application Entry Point initializeApp should run when isMainModule returns true","invocations":1,"location":null,"numPassingAsserts":1,"retryReasons":[],"status":"passed","title":"should run when isMainModule returns true"},{"ancestorTitles":["Application Entry Point","initializeApp"],"duration":1,"failureDetails":[],"failureMessages":[],"fullName":"Application Entry Point initializeApp should not run when isMainModule returns false","invocations":1,"location":null,"numPassingAsserts":1,"retryReasons":[],"status":"passed","title":"should not run when isMainModule returns false"},{"ancestorTitles":["Application Entry Point","initializeApp"],"duration":32,"failureDetails":[],"failureMessages":[],"fullName":"Application Entry Point initializeApp should handle bootstrap errors","invocations":1,"location":null,"numPassingAsserts":2,"retryReasons":[],"status":"passed","title":"should handle bootstrap errors"},{"ancestorTitles":["Application Entry Point","initializeApp"],"duration":17,"failureDetails":[],"failureMessages":[],"fullName":"Application Entry Point initializeApp should initialize when loaded as main module","invocations":1,"location":null,"numPassingAsserts":1,"retryReasons":[],"status":"passed","title":"should initialize when loaded as main module"},{"ancestorTitles":["Application Entry Point","isMainModule"],"duration":5,"failureDetails":[],"failureMessages":[],"fullName":"Application Entry Point isMainModule should be re-exported from moduleCheck","invocations":1,"location":null,"numPassingAsserts":1,"retryReasons":[],"status":"passed","title":"should be re-exported from moduleCheck"}],"endTime":1739804102829,"message":"","name":"/opt/mExpress/src/__tests__/index.test.ts","startTime":1739804101658,"status":"passed","summary":""},{"assertionResults":[],"coverage":{},"endTime":1739804140690,"message":"  \u001b[1m● \u001b[22mTest suite failed to run\n\n    \u001b[96msrc/__tests__/shell.test.ts\u001b[0m:\u001b[93m26\u001b[0m:\u001b[93m23\u001b[0m - \u001b[91merror\u001b[0m\u001b[90m TS2304: \u001b[0mCannot find name 'window'.\n\n    \u001b[7m26\u001b[0m Object.defineProperty(window, 'matchMedia', {\n    \u001b[7m  \u001b[0m \u001b[91m                      ~~~~~~\u001b[0m\n    \u001b[96msrc/__tests__/shell.test.ts\u001b[0m:\u001b[93m185\u001b[0m:\u001b[93m29\u001b[0m - \u001b[91merror\u001b[0m\u001b[90m TS2304: \u001b[0mCannot find name 'window'.\n\n    \u001b[7m185\u001b[0m       Object.defineProperty(window, 'matchMedia', {\n    \u001b[7m   \u001b[0m \u001b[91m                            ~~~~~~\u001b[0m\n","name":"/opt/mExpress/src/__tests__/shell.test.ts","startTime":1739804140690,"status":"failed","summary":""},{"assertionResults":[],"coverage":{},"endTime":1739804140690,"message":"  \u001b[1m● \u001b[22mTest suite failed to run\n\n    \u001b[96msrc/__tests__/federation.test.ts\u001b[0m:\u001b[93m15\u001b[0m:\u001b[93m19\u001b[0m - \u001b[91merror\u001b[0m\u001b[90m TS2304: \u001b[0mCannot find name 'HTMLScriptElement'.\n\n    \u001b[7m15\u001b[0m   let mockScript: HTMLScriptElement;\n    \u001b[7m  \u001b[0m \u001b[91m                  ~~~~~~~~~~~~~~~~~\u001b[0m\n    \u001b[96msrc/__tests__/federation.test.ts\u001b[0m:\u001b[93m26\u001b[0m:\u001b[93m18\u001b[0m - \u001b[91merror\u001b[0m\u001b[90m TS2584: \u001b[0mCannot find name 'document'. Do you need to change your target library? Try changing the 'lib' compiler option to include 'dom'.\n\n    \u001b[7m26\u001b[0m     mockScript = document.createElement('script');\n    \u001b[7m  \u001b[0m \u001b[91m                 ~~~~~~~~\u001b[0m\n    \u001b[96msrc/__tests__/federation.test.ts\u001b[0m:\u001b[93m27\u001b[0m:\u001b[93m32\u001b[0m - \u001b[91merror\u001b[0m\u001b[90m TS2584: \u001b[0mCannot find name 'document'. Do you need to change your target library? Try changing the 'lib' compiler option to include 'dom'.\n\n    \u001b[7m27\u001b[0m     createElement = jest.spyOn(document, 'createElement').mockReturnValue(mockScript);\n    \u001b[7m  \u001b[0m \u001b[91m                               ~~~~~~~~\u001b[0m\n    \u001b[96msrc/__tests__/federation.test.ts\u001b[0m:\u001b[93m28\u001b[0m:\u001b[93m30\u001b[0m - \u001b[91merror\u001b[0m\u001b[90m TS2584: \u001b[0mCannot find name 'document'. Do you need to change your target library? Try changing the 'lib' compiler option to include 'dom'.\n\n    \u001b[7m28\u001b[0m     appendChild = jest.spyOn(document.head, 'appendChild').mockReturnValue(mockScript);\n    \u001b[7m  \u001b[0m \u001b[91m                             ~~~~~~~~\u001b[0m\n    \u001b[96msrc/__tests__/federation.test.ts\u001b[0m:\u001b[93m31\u001b[0m:\u001b[93m6\u001b[0m - \u001b[91merror\u001b[0m\u001b[90m TS2304: \u001b[0mCannot find name 'window'.\n\n    \u001b[7m31\u001b[0m     (window as any).testScope = mockContainer;\n    \u001b[7m  \u001b[0m \u001b[91m     ~~~~~~\u001b[0m\n    \u001b[96msrc/__tests__/federation.test.ts\u001b[0m:\u001b[93m267\u001b[0m:\u001b[93m8\u001b[0m - \u001b[91merror\u001b[0m\u001b[90m TS2304: \u001b[0mCannot find name 'window'.\n\n    \u001b[7m267\u001b[0m       (window as any).module1 = container;\n    \u001b[7m   \u001b[0m \u001b[91m       ~~~~~~\u001b[0m\n    \u001b[96msrc/__tests__/federation.test.ts\u001b[0m:\u001b[93m296\u001b[0m:\u001b[93m15\u001b[0m - \u001b[91merror\u001b[0m\u001b[90m TS2304: \u001b[0mCannot find name 'window'.\n\n    \u001b[7m296\u001b[0m       delete (window as any).test;\n    \u001b[7m   \u001b[0m \u001b[91m              ~~~~~~\u001b[0m\n    \u001b[96msrc/__tests__/federation.test.ts\u001b[0m:\u001b[93m308\u001b[0m:\u001b[93m8\u001b[0m - \u001b[91merror\u001b[0m\u001b[90m TS2304: \u001b[0mCannot find name 'window'.\n\n    \u001b[7m308\u001b[0m       (window as any).test = {};\n    \u001b[7m   \u001b[0m \u001b[91m       ~~~~~~\u001b[0m\n    \u001b[96msrc/__tests__/federation.test.ts\u001b[0m:\u001b[93m320\u001b[0m:\u001b[93m8\u001b[0m - \u001b[91merror\u001b[0m\u001b[90m TS2304: \u001b[0mCannot find name 'window'.\n\n    \u001b[7m320\u001b[0m       (window as any).test = { init: jest.fn() };\n    \u001b[7m   \u001b[0m \u001b[91m       ~~~~~~\u001b[0m\n","name":"/opt/mExpress/src/__tests__/federation.test.ts","startTime":1739804140690,"status":"failed","summary":""},{"assertionResults":[{"ancestorTitles":["Customer Model"],"duration":225,"failureDetails":[],"failureMessages":[],"fullName":"Customer Model should create a valid customer","invocations":1,"location":null,"numPassingAsserts":10,"retryReasons":[],"status":"passed","title":"should create a valid customer"},{"ancestorTitles":["Customer Model"],"duration":15,"failureDetails":[],"failureMessages":[],"fullName":"Customer Model should require firstName","invocations":1,"location":null,"numPassingAsserts":1,"retryReasons":[],"status":"passed","title":"should require firstName"},{"ancestorTitles":["Customer Model"],"duration":12,"failureDetails":[],"failureMessages":[],"fullName":"Customer Model should require lastName","invocations":1,"location":null,"numPassingAsserts":1,"retryReasons":[],"status":"passed","title":"should require lastName"},{"ancestorTitles":["Customer Model"],"duration":13,"failureDetails":[],"failureMessages":[],"fullName":"Customer Model should require valid email","invocations":1,"location":null,"numPassingAsserts":1,"retryReasons":[],"status":"passed","title":"should require valid email"},{"ancestorTitles":["Customer Model"],"duration":12,"failureDetails":[],"failureMessages":[],"fullName":"Customer Model should require valid phone number","invocations":1,"location":null,"numPassingAsserts":1,"retryReasons":[],"status":"passed","title":"should require valid phone number"},{"ancestorTitles":["Customer Model"],"duration":66,"failureDetails":[],"failureMessages":[],"fullName":"Customer Model should enforce unique email addresses","invocations":1,"location":null,"numPassingAsserts":1,"retryReasons":[],"status":"passed","title":"should enforce unique email addresses"},{"ancestorTitles":["Customer Model"],"duration":26,"failureDetails":[],"failureMessages":[],"fullName":"Customer Model should allow optional external IDs","invocations":1,"location":null,"numPassingAsserts":2,"retryReasons":[],"status":"passed","title":"should allow optional external IDs"},{"ancestorTitles":["Customer Model"],"duration":16,"failureDetails":[],"failureMessages":[],"fullName":"Customer Model should default verificationStatus to pending","invocations":1,"location":null,"numPassingAsserts":1,"retryReasons":[],"status":"passed","title":"should default verificationStatus to pending"},{"ancestorTitles":["Customer Model"],"duration":15,"failureDetails":[],"failureMessages":[],"fullName":"Customer Model should default syncStatus to pending","invocations":1,"location":null,"numPassingAsserts":2,"retryReasons":[],"status":"passed","title":"should default syncStatus to pending"},{"ancestorTitles":["Customer Model"],"duration":127,"failureDetails":[],"failureMessages":[],"fullName":"Customer Model should update timestamps on modification","invocations":1,"location":null,"numPassingAsserts":1,"retryReasons":[],"status":"passed","title":"should update timestamps on modification"}],"endTime":1739804114635,"message":"","name":"/opt/mExpress/src/models/__tests__/customer.test.ts","startTime":1739804099407,"status":"passed","summary":""},{"assertionResults":[{"ancestorTitles":["CustomerService","createCustomer"],"duration":212,"failureDetails":[],"failureMessages":[],"fullName":"CustomerService createCustomer should create a customer successfully","invocations":1,"location":null,"numPassingAsserts":8,"retryReasons":[],"status":"passed","title":"should create a customer successfully"},{"ancestorTitles":["CustomerService","createCustomer"],"duration":54,"failureDetails":[],"failureMessages":[],"fullName":"CustomerService createCustomer should check rate limit before creating customer","invocations":1,"location":null,"numPassingAsserts":1,"retryReasons":[],"status":"passed","title":"should check rate limit before creating customer"},{"ancestorTitles":["CustomerService","createCustomer"],"duration":39,"failureDetails":[],"failureMessages":[],"fullName":"CustomerService createCustomer should throw error when rate limit exceeded","invocations":1,"location":null,"numPassingAsserts":1,"retryReasons":[],"status":"passed","title":"should throw error when rate limit exceeded"},{"ancestorTitles":["CustomerService","createCustomer"],"duration":62,"failureDetails":[],"failureMessages":[],"fullName":"CustomerService createCustomer should throw error for duplicate email","invocations":1,"location":null,"numPassingAsserts":1,"retryReasons":[],"status":"passed","title":"should throw error for duplicate email"},{"ancestorTitles":["CustomerService","getCustomerById"],"duration":29,"failureDetails":[],"failureMessages":[],"fullName":"CustomerService getCustomerById should retrieve customer by ID","invocations":1,"location":null,"numPassingAsserts":2,"retryReasons":[],"status":"passed","title":"should retrieve customer by ID"},{"ancestorTitles":["CustomerService","getCustomerById"],"duration":9,"failureDetails":[],"failureMessages":[],"fullName":"CustomerService getCustomerById should return null for non-existent ID","invocations":1,"location":null,"numPassingAsserts":1,"retryReasons":[],"status":"passed","title":"should return null for non-existent ID"},{"ancestorTitles":["CustomerService","updateCustomer"],"duration":46,"failureDetails":[],"failureMessages":[],"fullName":"CustomerService updateCustomer should update customer successfully","invocations":1,"location":null,"numPassingAsserts":4,"retryReasons":[],"status":"passed","title":"should update customer successfully"},{"ancestorTitles":["CustomerService","updateCustomer"],"duration":28,"failureDetails":[],"failureMessages":[],"fullName":"CustomerService updateCustomer should check rate limit before updating","invocations":1,"location":null,"numPassingAsserts":1,"retryReasons":[],"status":"passed","title":"should check rate limit before updating"},{"ancestorTitles":["CustomerService","deleteCustomer"],"duration":35,"failureDetails":[],"failureMessages":[],"fullName":"CustomerService deleteCustomer should delete customer successfully","invocations":1,"location":null,"numPassingAsserts":2,"retryReasons":[],"status":"passed","title":"should delete customer successfully"},{"ancestorTitles":["CustomerService","deleteCustomer"],"duration":8,"failureDetails":[],"failureMessages":[],"fullName":"CustomerService deleteCustomer should return false for non-existent ID","invocations":1,"location":null,"numPassingAsserts":1,"retryReasons":[],"status":"passed","title":"should return false for non-existent ID"},{"ancestorTitles":["CustomerService","searchCustomers"],"duration":74,"failureDetails":[],"failureMessages":[],"fullName":"CustomerService searchCustomers should search customers by firstName","invocations":1,"location":null,"numPassingAsserts":2,"retryReasons":[],"status":"passed","title":"should search customers by firstName"},{"ancestorTitles":["CustomerService","searchCustomers"],"duration":37,"failureDetails":[],"failureMessages":[],"fullName":"CustomerService searchCustomers should search customers by email pattern","invocations":1,"location":null,"numPassingAsserts":2,"retryReasons":[],"status":"passed","title":"should search customers by email pattern"},{"ancestorTitles":["CustomerService","searchCustomers"],"duration":43,"failureDetails":[],"failureMessages":[],"fullName":"CustomerService searchCustomers should return empty array for no matches","invocations":1,"location":null,"numPassingAsserts":1,"retryReasons":[],"status":"passed","title":"should return empty array for no matches"},{"ancestorTitles":["CustomerService","verifyCustomer"],"duration":22,"failureDetails":[],"failureMessages":[],"fullName":"CustomerService verifyCustomer should update verification status to verified","invocations":1,"location":null,"numPassingAsserts":2,"retryReasons":[],"status":"passed","title":"should update verification status to verified"},{"ancestorTitles":["CustomerService","updateSyncStatus"],"duration":29,"failureDetails":[],"failureMessages":[],"fullName":"CustomerService updateSyncStatus should update sync status for specified system","invocations":1,"location":null,"numPassingAsserts":3,"retryReasons":[],"status":"passed","title":"should update sync status for specified system"}],"endTime":1739804114813,"message":"","name":"/opt/mExpress/src/services/__tests__/customer.service.test.ts","startTime":1739804078741,"status":"passed","summary":""}],"wasInterrupted":false,"coverageMap":{"/opt/mExpress/src/utils/monitoring.ts":{"path":"/opt/mExpress/src/utils/monitoring.ts","statementMap":{"0":{"start":{"line":9,"column":10},"end":{"line":9,"column":37}},"1":{"start":{"line":12,"column":4},"end":{"line":15,"column":7}},"2":{"start":{"line":19,"column":4},"end":{"line":19,"column":24}},"3":{"start":{"line":23,"column":4},"end":{"line":23,"column":22}},"4":{"start":{"line":27,"column":28},"end":{"line":27,"column":75}},"5":{"start":{"line":27,"column":53},"end":{"line":27,"column":74}},"6":{"start":{"line":28,"column":4},"end":{"line":28,"column":47}},"7":{"start":{"line":28,"column":38},"end":{"line":28,"column":47}},"8":{"start":{"line":30,"column":16},"end":{"line":30,"column":74}},"9":{"start":{"line":30,"column":54},"end":{"line":30,"column":70}},"10":{"start":{"line":31,"column":4},"end":{"line":31,"column":40}},"11":{"start":{"line":35,"column":28},"end":{"line":37,"column":48}},"12":{"start":{"line":36,"column":19},"end":{"line":36,"column":40}},"13":{"start":{"line":37,"column":22},"end":{"line":37,"column":47}},"14":{"start":{"line":39,"column":4},"end":{"line":39,"column":45}},"15":{"start":{"line":8,"column":0},"end":{"line":8,"column":13}}},"fnMap":{"0":{"name":"(anonymous_0)","decl":{"start":{"line":8,"column":0},"end":{"line":8,"column":13}},"loc":{"start":{"line":8,"column":0},"end":{"line":41,"column":1}}},"1":{"name":"(anonymous_1)","decl":{"start":{"line":11,"column":9},"end":{"line":11,"column":21}},"loc":{"start":{"line":11,"column":38},"end":{"line":16,"column":3}}},"2":{"name":"(anonymous_2)","decl":{"start":{"line":18,"column":9},"end":{"line":18,"column":19}},"loc":{"start":{"line":18,"column":19},"end":{"line":20,"column":3}}},"3":{"name":"(anonymous_3)","decl":{"start":{"line":22,"column":9},"end":{"line":22,"column":21}},"loc":{"start":{"line":22,"column":21},"end":{"line":24,"column":3}}},"4":{"name":"(anonymous_4)","decl":{"start":{"line":26,"column":9},"end":{"line":26,"column":24}},"loc":{"start":{"line":26,"column":43},"end":{"line":32,"column":3}}},"5":{"name":"(anonymous_5)","decl":{"start":{"line":27,"column":48},"end":{"line":27,"column":49}},"loc":{"start":{"line":27,"column":53},"end":{"line":27,"column":74}}},"6":{"name":"(anonymous_6)","decl":{"start":{"line":30,"column":39},"end":{"line":30,"column":40}},"loc":{"start":{"line":30,"column":54},"end":{"line":30,"column":70}}},"7":{"name":"(anonymous_7)","decl":{"start":{"line":34,"column":9},"end":{"line":34,"column":23}},"loc":{"start":{"line":34,"column":42},"end":{"line":40,"column":3}}},"8":{"name":"(anonymous_8)","decl":{"start":{"line":36,"column":14},"end":{"line":36,"column":15}},"loc":{"start":{"line":36,"column":19},"end":{"line":36,"column":40}}},"9":{"name":"(anonymous_9)","decl":{"start":{"line":37,"column":12},"end":{"line":37,"column":13}},"loc":{"start":{"line":37,"column":22},"end":{"line":37,"column":47}}}},"branchMap":{"0":{"loc":{"start":{"line":14,"column":17},"end":{"line":14,"column":45}},"type":"binary-expr","locations":[{"start":{"line":14,"column":17},"end":{"line":14,"column":31}},{"start":{"line":14,"column":35},"end":{"line":14,"column":45}}]},"1":{"loc":{"start":{"line":28,"column":4},"end":{"line":28,"column":47}},"type":"if","locations":[{"start":{"line":28,"column":4},"end":{"line":28,"column":47}}]},"2":{"loc":{"start":{"line":39,"column":11},"end":{"line":39,"column":44}},"type":"binary-expr","locations":[{"start":{"line":39,"column":11},"end":{"line":39,"column":36}},{"start":{"line":39,"column":40},"end":{"line":39,"column":44}}]}},"s":{"0":10,"1":12,"2":7,"3":1,"4":2,"5":3,"6":2,"7":1,"8":1,"9":2,"10":1,"11":2,"12":3,"13":2,"14":2,"15":1},"f":{"0":10,"1":12,"2":7,"3":1,"4":2,"5":3,"6":2,"7":2,"8":3,"9":2},"b":{"0":[12,1],"1":[1],"2":[2,1]}},"/opt/mExpress/src/lib/config.ts":{"path":"/opt/mExpress/src/lib/config.ts","statementMap":{"0":{"start":{"line":27,"column":8},"end":{"line":27,"column":38}},"1":{"start":{"line":29,"column":8},"end":{"line":29,"column":43}},"2":{"start":{"line":30,"column":8},"end":{"line":30,"column":39}},"3":{"start":{"line":31,"column":8},"end":{"line":34,"column":10}},"4":{"start":{"line":35,"column":8},"end":{"line":38,"column":10}},"5":{"start":{"line":42,"column":8},"end":{"line":44,"column":9}},"6":{"start":{"line":43,"column":12},"end":{"line":43,"column":53}},"7":{"start":{"line":45,"column":8},"end":{"line":47,"column":9}},"8":{"start":{"line":46,"column":12},"end":{"line":46,"column":51}},"9":{"start":{"line":48,"column":8},"end":{"line":50,"column":9}},"10":{"start":{"line":49,"column":12},"end":{"line":49,"column":68}},"11":{"start":{"line":51,"column":8},"end":{"line":53,"column":9}},"12":{"start":{"line":52,"column":12},"end":{"line":52,"column":66}},"13":{"start":{"line":57,"column":8},"end":{"line":57,"column":30}},"14":{"start":{"line":61,"column":8},"end":{"line":61,"column":28}},"15":{"start":{"line":65,"column":8},"end":{"line":65,"column":39}},"16":{"start":{"line":69,"column":8},"end":{"line":69,"column":39}},"17":{"start":{"line":73,"column":8},"end":{"line":73,"column":34}},"18":{"start":{"line":77,"column":8},"end":{"line":77,"column":43}},"19":{"start":{"line":81,"column":8},"end":{"line":86,"column":10}},"20":{"start":{"line":14,"column":0},"end":{"line":14,"column":13}}},"fnMap":{"0":{"name":"(anonymous_0)","decl":{"start":{"line":26,"column":4},"end":{"line":26,"column":16}},"loc":{"start":{"line":26,"column":49},"end":{"line":39,"column":5}}},"1":{"name":"(anonymous_1)","decl":{"start":{"line":41,"column":12},"end":{"line":41,"column":27}},"loc":{"start":{"line":41,"column":61},"end":{"line":54,"column":5}}},"2":{"name":"(anonymous_2)","decl":{"start":{"line":56,"column":4},"end":{"line":56,"column":16}},"loc":{"start":{"line":56,"column":16},"end":{"line":58,"column":5}}},"3":{"name":"(anonymous_3)","decl":{"start":{"line":60,"column":4},"end":{"line":60,"column":14}},"loc":{"start":{"line":60,"column":14},"end":{"line":62,"column":5}}},"4":{"name":"(anonymous_4)","decl":{"start":{"line":64,"column":4},"end":{"line":64,"column":20}},"loc":{"start":{"line":64,"column":20},"end":{"line":66,"column":5}}},"5":{"name":"(anonymous_5)","decl":{"start":{"line":68,"column":4},"end":{"line":68,"column":20}},"loc":{"start":{"line":68,"column":20},"end":{"line":70,"column":5}}},"6":{"name":"(anonymous_6)","decl":{"start":{"line":72,"column":4},"end":{"line":72,"column":17}},"loc":{"start":{"line":72,"column":17},"end":{"line":74,"column":5}}},"7":{"name":"(anonymous_7)","decl":{"start":{"line":76,"column":4},"end":{"line":76,"column":26}},"loc":{"start":{"line":76,"column":26},"end":{"line":78,"column":5}}},"8":{"name":"(anonymous_8)","decl":{"start":{"line":80,"column":4},"end":{"line":80,"column":13}},"loc":{"start":{"line":80,"column":13},"end":{"line":87,"column":5}}}},"branchMap":{"0":{"loc":{"start":{"line":32,"column":21},"end":{"line":32,"column":57}},"type":"binary-expr","locations":[{"start":{"line":32,"column":21},"end":{"line":32,"column":48}},{"start":{"line":32,"column":52},"end":{"line":32,"column":57}}]},"1":{"loc":{"start":{"line":33,"column":21},"end":{"line":33,"column":57}},"type":"binary-expr","locations":[{"start":{"line":33,"column":21},"end":{"line":33,"column":48}},{"start":{"line":33,"column":52},"end":{"line":33,"column":57}}]},"2":{"loc":{"start":{"line":36,"column":18},"end":{"line":36,"column":49}},"type":"binary-expr","locations":[{"start":{"line":36,"column":18},"end":{"line":36,"column":40}},{"start":{"line":36,"column":44},"end":{"line":36,"column":49}}]},"3":{"loc":{"start":{"line":37,"column":27},"end":{"line":37,"column":67}},"type":"binary-expr","locations":[{"start":{"line":37,"column":27},"end":{"line":37,"column":58}},{"start":{"line":37,"column":62},"end":{"line":37,"column":67}}]},"4":{"loc":{"start":{"line":42,"column":8},"end":{"line":44,"column":9}},"type":"if","locations":[{"start":{"line":42,"column":8},"end":{"line":44,"column":9}}]},"5":{"loc":{"start":{"line":45,"column":8},"end":{"line":47,"column":9}},"type":"if","locations":[{"start":{"line":45,"column":8},"end":{"line":47,"column":9}}]},"6":{"loc":{"start":{"line":48,"column":8},"end":{"line":50,"column":9}},"type":"if","locations":[{"start":{"line":48,"column":8},"end":{"line":50,"column":9}}]},"7":{"loc":{"start":{"line":51,"column":8},"end":{"line":53,"column":9}},"type":"if","locations":[{"start":{"line":51,"column":8},"end":{"line":53,"column":9}}]}},"s":{"0":23,"1":19,"2":19,"3":19,"4":19,"5":23,"6":1,"7":22,"8":1,"9":21,"10":1,"11":20,"12":1,"13":1,"14":1,"15":5,"16":2,"17":4,"18":3,"19":2,"20":2},"f":{"0":23,"1":23,"2":1,"3":1,"4":5,"5":2,"6":4,"7":3,"8":2},"b":{"0":[19,1],"1":[19,1],"2":[19,1],"3":[19,1],"4":[1],"5":[1],"6":[1],"7":[1]}},"/opt/mExpress/src/services/product.service.ts":{"path":"/opt/mExpress/src/services/product.service.ts","statementMap":{"0":{"start":{"line":2,"column":0},"end":{"line":2,"column":36}},"1":{"start":{"line":8,"column":12},"end":{"line":8,"column":55}},"2":{"start":{"line":11,"column":20},"end":{"line":11,"column":30}},"3":{"start":{"line":12,"column":33},"end":{"line":17,"column":10}},"4":{"start":{"line":18,"column":8},"end":{"line":18,"column":47}},"5":{"start":{"line":19,"column":8},"end":{"line":19,"column":23}},"6":{"start":{"line":23,"column":24},"end":{"line":23,"column":45}},"7":{"start":{"line":24,"column":8},"end":{"line":26,"column":9}},"8":{"start":{"line":25,"column":12},"end":{"line":25,"column":56}},"9":{"start":{"line":27,"column":8},"end":{"line":27,"column":23}},"10":{"start":{"line":31,"column":24},"end":{"line":31,"column":43}},"11":{"start":{"line":32,"column":33},"end":{"line":37,"column":10}},"12":{"start":{"line":38,"column":8},"end":{"line":38,"column":39}},"13":{"start":{"line":39,"column":8},"end":{"line":39,"column":23}},"14":{"start":{"line":43,"column":8},"end":{"line":45,"column":9}},"15":{"start":{"line":44,"column":12},"end":{"line":44,"column":56}},"16":{"start":{"line":46,"column":8},"end":{"line":46,"column":33}},"17":{"start":{"line":55,"column":12},"end":{"line":55,"column":19}},"18":{"start":{"line":57,"column":20},"end":{"line":57,"column":54}},"19":{"start":{"line":60,"column":8},"end":{"line":91,"column":9}},"20":{"start":{"line":61,"column":12},"end":{"line":90,"column":15}},"21":{"start":{"line":62,"column":16},"end":{"line":89,"column":19}},"22":{"start":{"line":64,"column":39},"end":{"line":64,"column":59}},"23":{"start":{"line":65,"column":38},"end":{"line":65,"column":54}},"24":{"start":{"line":68,"column":20},"end":{"line":68,"column":76}},"25":{"start":{"line":68,"column":45},"end":{"line":68,"column":76}},"26":{"start":{"line":69,"column":20},"end":{"line":69,"column":62}},"27":{"start":{"line":69,"column":49},"end":{"line":69,"column":62}},"28":{"start":{"line":72,"column":20},"end":{"line":74,"column":21}},"29":{"start":{"line":73,"column":24},"end":{"line":73,"column":71}},"30":{"start":{"line":77,"column":20},"end":{"line":79,"column":21}},"31":{"start":{"line":78,"column":24},"end":{"line":78,"column":71}},"32":{"start":{"line":78,"column":48},"end":{"line":78,"column":69}},"33":{"start":{"line":82,"column":20},"end":{"line":85,"column":21}},"34":{"start":{"line":83,"column":41},"end":{"line":83,"column":54}},"35":{"start":{"line":84,"column":24},"end":{"line":84,"column":74}},"36":{"start":{"line":88,"column":20},"end":{"line":88,"column":47}},"37":{"start":{"line":94,"column":8},"end":{"line":118,"column":9}},"38":{"start":{"line":95,"column":12},"end":{"line":117,"column":15}},"39":{"start":{"line":96,"column":29},"end":{"line":96,"column":42}},"40":{"start":{"line":97,"column":29},"end":{"line":97,"column":42}},"41":{"start":{"line":98,"column":30},"end":{"line":98,"column":59}},"42":{"start":{"line":101,"column":16},"end":{"line":101,"column":71}},"43":{"start":{"line":101,"column":62},"end":{"line":101,"column":71}},"44":{"start":{"line":102,"column":16},"end":{"line":102,"column":53}},"45":{"start":{"line":102,"column":40},"end":{"line":102,"column":53}},"46":{"start":{"line":103,"column":16},"end":{"line":103,"column":54}},"47":{"start":{"line":103,"column":40},"end":{"line":103,"column":54}},"48":{"start":{"line":106,"column":16},"end":{"line":108,"column":17}},"49":{"start":{"line":107,"column":20},"end":{"line":107,"column":69}},"50":{"start":{"line":111,"column":16},"end":{"line":113,"column":17}},"51":{"start":{"line":112,"column":20},"end":{"line":112,"column":61}},"52":{"start":{"line":116,"column":16},"end":{"line":116,"column":70}},"53":{"start":{"line":120,"column":22},"end":{"line":120,"column":34}},"54":{"start":{"line":121,"column":27},"end":{"line":121,"column":51}},"55":{"start":{"line":122,"column":22},"end":{"line":122,"column":40}},"56":{"start":{"line":123,"column":20},"end":{"line":123,"column":33}},"57":{"start":{"line":125,"column":8},"end":{"line":131,"column":10}},"58":{"start":{"line":7,"column":0},"end":{"line":7,"column":13}}},"fnMap":{"0":{"name":"(anonymous_0)","decl":{"start":{"line":7,"column":0},"end":{"line":7,"column":13}},"loc":{"start":{"line":7,"column":0},"end":{"line":133,"column":1}}},"1":{"name":"(anonymous_1)","decl":{"start":{"line":10,"column":4},"end":{"line":10,"column":9}},"loc":{"start":{"line":10,"column":70},"end":{"line":20,"column":5}}},"2":{"name":"(anonymous_2)","decl":{"start":{"line":22,"column":4},"end":{"line":22,"column":9}},"loc":{"start":{"line":22,"column":25},"end":{"line":28,"column":5}}},"3":{"name":"(anonymous_3)","decl":{"start":{"line":30,"column":4},"end":{"line":30,"column":9}},"loc":{"start":{"line":30,"column":51},"end":{"line":40,"column":5}}},"4":{"name":"(anonymous_4)","decl":{"start":{"line":42,"column":4},"end":{"line":42,"column":9}},"loc":{"start":{"line":42,"column":27},"end":{"line":47,"column":5}}},"5":{"name":"(anonymous_5)","decl":{"start":{"line":49,"column":4},"end":{"line":49,"column":9}},"loc":{"start":{"line":49,"column":49},"end":{"line":132,"column":5}}},"6":{"name":"(anonymous_6)","decl":{"start":{"line":61,"column":33},"end":{"line":61,"column":37}},"loc":{"start":{"line":61,"column":40},"end":{"line":90,"column":13}}},"7":{"name":"(anonymous_7)","decl":{"start":{"line":62,"column":52},"end":{"line":62,"column":53}},"loc":{"start":{"line":62,"column":69},"end":{"line":89,"column":17}}},"8":{"name":"(anonymous_8)","decl":{"start":{"line":78,"column":43},"end":{"line":78,"column":44}},"loc":{"start":{"line":78,"column":48},"end":{"line":78,"column":69}}},"9":{"name":"(anonymous_9)","decl":{"start":{"line":95,"column":23},"end":{"line":95,"column":24}},"loc":{"start":{"line":95,"column":32},"end":{"line":117,"column":13}}}},"branchMap":{"0":{"loc":{"start":{"line":24,"column":8},"end":{"line":26,"column":9}},"type":"if","locations":[{"start":{"line":24,"column":8},"end":{"line":26,"column":9}}]},"1":{"loc":{"start":{"line":43,"column":8},"end":{"line":45,"column":9}},"type":"if","locations":[{"start":{"line":43,"column":8},"end":{"line":45,"column":9}}]},"2":{"loc":{"start":{"line":49,"column":15},"end":{"line":49,"column":49}},"type":"default-arg","locations":[{"start":{"line":49,"column":47},"end":{"line":49,"column":49}}]},"3":{"loc":{"start":{"line":51,"column":12},"end":{"line":51,"column":20}},"type":"default-arg","locations":[{"start":{"line":51,"column":19},"end":{"line":51,"column":20}}]},"4":{"loc":{"start":{"line":52,"column":12},"end":{"line":52,"column":22}},"type":"default-arg","locations":[{"start":{"line":52,"column":20},"end":{"line":52,"column":22}}]},"5":{"loc":{"start":{"line":60,"column":8},"end":{"line":91,"column":9}},"type":"if","locations":[{"start":{"line":60,"column":8},"end":{"line":91,"column":9}}]},"6":{"loc":{"start":{"line":68,"column":20},"end":{"line":68,"column":76}},"type":"if","locations":[{"start":{"line":68,"column":20},"end":{"line":68,"column":76}}]},"7":{"loc":{"start":{"line":69,"column":20},"end":{"line":69,"column":62}},"type":"if","locations":[{"start":{"line":69,"column":20},"end":{"line":69,"column":62}}]},"8":{"loc":{"start":{"line":72,"column":20},"end":{"line":74,"column":21}},"type":"if","locations":[{"start":{"line":72,"column":20},"end":{"line":74,"column":21}}]},"9":{"loc":{"start":{"line":72,"column":24},"end":{"line":72,"column":74}},"type":"binary-expr","locations":[{"start":{"line":72,"column":24},"end":{"line":72,"column":49}},{"start":{"line":72,"column":53},"end":{"line":72,"column":74}}]},"10":{"loc":{"start":{"line":77,"column":20},"end":{"line":79,"column":21}},"type":"if","locations":[{"start":{"line":77,"column":20},"end":{"line":79,"column":21}}]},"11":{"loc":{"start":{"line":77,"column":24},"end":{"line":77,"column":72}},"type":"binary-expr","locations":[{"start":{"line":77,"column":24},"end":{"line":77,"column":48}},{"start":{"line":77,"column":52},"end":{"line":77,"column":72}}]},"12":{"loc":{"start":{"line":82,"column":20},"end":{"line":85,"column":21}},"type":"if","locations":[{"start":{"line":82,"column":20},"end":{"line":85,"column":21}}]},"13":{"loc":{"start":{"line":82,"column":24},"end":{"line":82,"column":72}},"type":"binary-expr","locations":[{"start":{"line":82,"column":24},"end":{"line":82,"column":46}},{"start":{"line":82,"column":50},"end":{"line":82,"column":72}}]},"14":{"loc":{"start":{"line":84,"column":31},"end":{"line":84,"column":73}},"type":"binary-expr","locations":[{"start":{"line":84,"column":31},"end":{"line":84,"column":47}},{"start":{"line":84,"column":51},"end":{"line":84,"column":73}}]},"15":{"loc":{"start":{"line":94,"column":8},"end":{"line":118,"column":9}},"type":"if","locations":[{"start":{"line":94,"column":8},"end":{"line":118,"column":9}}]},"16":{"loc":{"start":{"line":98,"column":30},"end":{"line":98,"column":59}},"type":"cond-expr","locations":[{"start":{"line":98,"column":53},"end":{"line":98,"column":54}},{"start":{"line":98,"column":57},"end":{"line":98,"column":59}}]},"17":{"loc":{"start":{"line":101,"column":16},"end":{"line":101,"column":71}},"type":"if","locations":[{"start":{"line":101,"column":16},"end":{"line":101,"column":71}}]},"18":{"loc":{"start":{"line":101,"column":20},"end":{"line":101,"column":60}},"type":"binary-expr","locations":[{"start":{"line":101,"column":20},"end":{"line":101,"column":38}},{"start":{"line":101,"column":42},"end":{"line":101,"column":60}}]},"19":{"loc":{"start":{"line":102,"column":16},"end":{"line":102,"column":53}},"type":"if","locations":[{"start":{"line":102,"column":16},"end":{"line":102,"column":53}}]},"20":{"loc":{"start":{"line":103,"column":16},"end":{"line":103,"column":54}},"type":"if","locations":[{"start":{"line":103,"column":16},"end":{"line":103,"column":54}}]},"21":{"loc":{"start":{"line":106,"column":16},"end":{"line":108,"column":17}},"type":"if","locations":[{"start":{"line":106,"column":16},"end":{"line":108,"column":17}}]},"22":{"loc":{"start":{"line":106,"column":20},"end":{"line":106,"column":64}},"type":"binary-expr","locations":[{"start":{"line":106,"column":20},"end":{"line":106,"column":40}},{"start":{"line":106,"column":44},"end":{"line":106,"column":64}}]},"23":{"loc":{"start":{"line":111,"column":16},"end":{"line":113,"column":17}},"type":"if","locations":[{"start":{"line":111,"column":16},"end":{"line":113,"column":17}}]},"24":{"loc":{"start":{"line":111,"column":20},"end":{"line":111,"column":62}},"type":"binary-expr","locations":[{"start":{"line":111,"column":20},"end":{"line":111,"column":39}},{"start":{"line":111,"column":43},"end":{"line":111,"column":62}}]},"25":{"loc":{"start":{"line":116,"column":23},"end":{"line":116,"column":69}},"type":"cond-expr","locations":[{"start":{"line":116,"column":37},"end":{"line":116,"column":43}},{"start":{"line":116,"column":46},"end":{"line":116,"column":69}}]},"26":{"loc":{"start":{"line":116,"column":46},"end":{"line":116,"column":69}},"type":"cond-expr","locations":[{"start":{"line":116,"column":60},"end":{"line":116,"column":65}},{"start":{"line":116,"column":68},"end":{"line":116,"column":69}}]}},"s":{"0":1,"1":13,"2":20,"3":20,"4":20,"5":20,"6":5,"7":5,"8":3,"9":2,"10":2,"11":1,"12":1,"13":1,"14":2,"15":1,"16":1,"17":5,"18":5,"19":5,"20":2,"21":6,"22":8,"23":8,"24":8,"25":0,"26":8,"27":0,"28":8,"29":0,"30":8,"31":0,"32":0,"33":8,"34":2,"35":2,"36":6,"37":5,"38":1,"39":2,"40":2,"41":2,"42":2,"43":0,"44":2,"45":0,"46":2,"47":0,"48":2,"49":0,"50":2,"51":0,"52":2,"53":5,"54":5,"55":5,"56":5,"57":5,"58":1},"f":{"0":13,"1":20,"2":5,"3":2,"4":2,"5":5,"6":6,"7":8,"8":0,"9":2},"b":{"0":[3],"1":[1],"2":[1],"3":[4],"4":[4],"5":[2],"6":[0],"7":[0],"8":[0],"9":[8,0],"10":[0],"11":[8,0],"12":[2],"13":[8,8],"14":[2,2],"15":[1],"16":[0,2],"17":[0],"18":[2,0],"19":[0],"20":[0],"21":[0],"22":[2,0],"23":[0],"24":[2,0],"25":[0,2],"26":[2,0]}},"/opt/mExpress/src/utils/moduleCheck.ts":{"path":"/opt/mExpress/src/utils/moduleCheck.ts","statementMap":{"0":{"start":{"line":4,"column":28},"end":{"line":119,"column":1}},"1":{"start":{"line":6,"column":2},"end":{"line":8,"column":3}},"2":{"start":{"line":7,"column":4},"end":{"line":7,"column":17}},"3":{"start":{"line":11,"column":22},"end":{"line":11,"column":66}},"4":{"start":{"line":14,"column":2},"end":{"line":16,"column":3}},"5":{"start":{"line":15,"column":4},"end":{"line":15,"column":17}},"6":{"start":{"line":19,"column":18},"end":{"line":20,"column":35}},"7":{"start":{"line":20,"column":4},"end":{"line":20,"column":35}},"8":{"start":{"line":23,"column":28},"end":{"line":24,"column":27}},"9":{"start":{"line":24,"column":4},"end":{"line":24,"column":27}},"10":{"start":{"line":27,"column":22},"end":{"line":53,"column":3}},"11":{"start":{"line":29,"column":4},"end":{"line":31,"column":5}},"12":{"start":{"line":30,"column":6},"end":{"line":30,"column":16}},"13":{"start":{"line":34,"column":21},"end":{"line":34,"column":57}},"14":{"start":{"line":37,"column":4},"end":{"line":37,"column":52}},"15":{"start":{"line":40,"column":4},"end":{"line":40,"column":50}},"16":{"start":{"line":43,"column":4},"end":{"line":45,"column":26}},"17":{"start":{"line":48,"column":4},"end":{"line":50,"column":5}},"18":{"start":{"line":49,"column":6},"end":{"line":49,"column":36}},"19":{"start":{"line":52,"column":4},"end":{"line":52,"column":22}},"20":{"start":{"line":56,"column":2},"end":{"line":60,"column":3}},"21":{"start":{"line":57,"column":19},"end":{"line":57,"column":52}},"22":{"start":{"line":58,"column":23},"end":{"line":58,"column":40}},"23":{"start":{"line":59,"column":4},"end":{"line":59,"column":33}},"24":{"start":{"line":65,"column":21},"end":{"line":65,"column":36}},"25":{"start":{"line":66,"column":22},"end":{"line":66,"column":44}},"26":{"start":{"line":69,"column":27},"end":{"line":69,"column":83}},"27":{"start":{"line":70,"column":28},"end":{"line":70,"column":98}},"28":{"start":{"line":73,"column":2},"end":{"line":75,"column":3}},"29":{"start":{"line":74,"column":4},"end":{"line":74,"column":17}},"30":{"start":{"line":78,"column":2},"end":{"line":80,"column":3}},"31":{"start":{"line":79,"column":4},"end":{"line":79,"column":16}},"32":{"start":{"line":83,"column":2},"end":{"line":96,"column":3}},"33":{"start":{"line":85,"column":4},"end":{"line":87,"column":5}},"34":{"start":{"line":86,"column":6},"end":{"line":86,"column":18}},"35":{"start":{"line":90,"column":26},"end":{"line":90,"column":51}},"36":{"start":{"line":91,"column":27},"end":{"line":91,"column":59}},"37":{"start":{"line":93,"column":4},"end":{"line":95,"column":5}},"38":{"start":{"line":94,"column":6},"end":{"line":94,"column":18}},"39":{"start":{"line":99,"column":2},"end":{"line":105,"column":3}},"40":{"start":{"line":100,"column":18},"end":{"line":100,"column":37}},"41":{"start":{"line":101,"column":19},"end":{"line":101,"column":45}},"42":{"start":{"line":102,"column":4},"end":{"line":104,"column":5}},"43":{"start":{"line":103,"column":6},"end":{"line":103,"column":18}},"44":{"start":{"line":108,"column":16},"end":{"line":108,"column":49}},"45":{"start":{"line":109,"column":17},"end":{"line":109,"column":64}},"46":{"start":{"line":110,"column":22},"end":{"line":110,"column":67}},"47":{"start":{"line":111,"column":23},"end":{"line":111,"column":82}},"48":{"start":{"line":113,"column":2},"end":{"line":116,"column":3}},"49":{"start":{"line":115,"column":4},"end":{"line":115,"column":16}},"50":{"start":{"line":118,"column":2},"end":{"line":118,"column":15}},"51":{"start":{"line":4,"column":13},"end":{"line":4,"column":28}}},"fnMap":{"0":{"name":"(anonymous_0)","decl":{"start":{"line":4,"column":28},"end":{"line":4,"column":29}},"loc":{"start":{"line":4,"column":58},"end":{"line":119,"column":1}}},"1":{"name":"(anonymous_1)","decl":{"start":{"line":19,"column":18},"end":{"line":19,"column":19}},"loc":{"start":{"line":20,"column":4},"end":{"line":20,"column":35}}},"2":{"name":"(anonymous_2)","decl":{"start":{"line":23,"column":28},"end":{"line":23,"column":29}},"loc":{"start":{"line":24,"column":4},"end":{"line":24,"column":27}}},"3":{"name":"(anonymous_3)","decl":{"start":{"line":27,"column":22},"end":{"line":27,"column":23}},"loc":{"start":{"line":27,"column":45},"end":{"line":53,"column":3}}}},"branchMap":{"0":{"loc":{"start":{"line":6,"column":2},"end":{"line":8,"column":3}},"type":"if","locations":[{"start":{"line":6,"column":2},"end":{"line":8,"column":3}}]},"1":{"loc":{"start":{"line":11,"column":22},"end":{"line":11,"column":66}},"type":"binary-expr","locations":[{"start":{"line":11,"column":22},"end":{"line":11,"column":50}},{"start":{"line":11,"column":54},"end":{"line":11,"column":66}}]},"2":{"loc":{"start":{"line":14,"column":2},"end":{"line":16,"column":3}},"type":"if","locations":[{"start":{"line":14,"column":2},"end":{"line":16,"column":3}}]},"3":{"loc":{"start":{"line":20,"column":4},"end":{"line":20,"column":35}},"type":"binary-expr","locations":[{"start":{"line":20,"column":4},"end":{"line":20,"column":8}},{"start":{"line":20,"column":12},"end":{"line":20,"column":35}}]},"4":{"loc":{"start":{"line":29,"column":4},"end":{"line":31,"column":5}},"type":"if","locations":[{"start":{"line":29,"column":4},"end":{"line":31,"column":5}}]},"5":{"loc":{"start":{"line":48,"column":4},"end":{"line":50,"column":5}},"type":"if","locations":[{"start":{"line":48,"column":4},"end":{"line":50,"column":5}}]},"6":{"loc":{"start":{"line":56,"column":2},"end":{"line":60,"column":3}},"type":"if","locations":[{"start":{"line":56,"column":2},"end":{"line":60,"column":3}}]},"7":{"loc":{"start":{"line":57,"column":19},"end":{"line":57,"column":52}},"type":"cond-expr","locations":[{"start":{"line":57,"column":28},"end":{"line":57,"column":47}},{"start":{"line":57,"column":50},"end":{"line":57,"column":52}}]},"8":{"loc":{"start":{"line":69,"column":27},"end":{"line":69,"column":83}},"type":"binary-expr","locations":[{"start":{"line":69,"column":27},"end":{"line":69,"column":48}},{"start":{"line":69,"column":52},"end":{"line":69,"column":83}}]},"9":{"loc":{"start":{"line":70,"column":28},"end":{"line":70,"column":98}},"type":"binary-expr","locations":[{"start":{"line":70,"column":28},"end":{"line":70,"column":56}},{"start":{"line":70,"column":60},"end":{"line":70,"column":98}}]},"10":{"loc":{"start":{"line":73,"column":2},"end":{"line":75,"column":3}},"type":"if","locations":[{"start":{"line":73,"column":2},"end":{"line":75,"column":3}}]},"11":{"loc":{"start":{"line":73,"column":6},"end":{"line":73,"column":72}},"type":"binary-expr","locations":[{"start":{"line":73,"column":6},"end":{"line":73,"column":16}},{"start":{"line":73,"column":20},"end":{"line":73,"column":31}},{"start":{"line":73,"column":35},"end":{"line":73,"column":51}},{"start":{"line":73,"column":55},"end":{"line":73,"column":72}}]},"12":{"loc":{"start":{"line":78,"column":2},"end":{"line":80,"column":3}},"type":"if","locations":[{"start":{"line":78,"column":2},"end":{"line":80,"column":3}}]},"13":{"loc":{"start":{"line":78,"column":6},"end":{"line":78,"column":65}},"type":"binary-expr","locations":[{"start":{"line":78,"column":6},"end":{"line":78,"column":24}},{"start":{"line":78,"column":28},"end":{"line":78,"column":65}}]},"14":{"loc":{"start":{"line":83,"column":2},"end":{"line":96,"column":3}},"type":"if","locations":[{"start":{"line":83,"column":2},"end":{"line":96,"column":3}}]},"15":{"loc":{"start":{"line":83,"column":6},"end":{"line":83,"column":45}},"type":"binary-expr","locations":[{"start":{"line":83,"column":6},"end":{"line":83,"column":23}},{"start":{"line":83,"column":27},"end":{"line":83,"column":45}}]},"16":{"loc":{"start":{"line":85,"column":4},"end":{"line":87,"column":5}},"type":"if","locations":[{"start":{"line":85,"column":4},"end":{"line":87,"column":5}}]},"17":{"loc":{"start":{"line":93,"column":4},"end":{"line":95,"column":5}},"type":"if","locations":[{"start":{"line":93,"column":4},"end":{"line":95,"column":5}}]},"18":{"loc":{"s
[...]
l":{"start":{"line":195,"column":78},"end":{"line":195,"column":81}},"loc":{"start":{"line":195,"column":83},"end":{"line":213,"column":9}}},"43":{"name":"(anonymous_43)","decl":{"start":{"line":208,"column":52},"end":{"line":208,"column":55}},"loc":{"start":{"line":208,"column":57},"end":{"line":212,"column":13}}}},"branchMap":{},"s":{"0":0,"1":0,"2":0,"3":0,"4":0,"5":0,"6":0,"7":0,"8":0,"9":0,"10":0,"11":0,"12":0,"13":0,"14":0,"15":0,"16":0,"17":0,"18":0,"19":0,"20":0,"21":0,"22":0,"23":0,"24":0,"25":0,"26":0,"27":0,"28":0,"29":0,"30":0,"31":0,"32":0,"33":0,"34":0,"35":0,"36":0,"37":0,"38":0,"39":0,"40":0,"41":0,"42":0,"43":0,"44":0,"45":0,"46":0,"47":0,"48":0,"49":0,"50":0,"51":0,"52":0,"53":0,"54":0,"55":0,"56":0,"57":0,"58":0,"59":0,"60":0,"61":0,"62":0,"63":0,"64":0,"65":0,"66":0,"67":0,"68":0,"69":0,"70":0,"71":0,"72":0,"73":0,"74":0,"75":0,"76":0,"77":0,"78":0,"79":0,"80":0,"81":0,"82":0,"83":0,"84":0,"85":0,"86":0,"87":0,"88":0,"89":0,"90":0,"91":0,"92":0,"93":0,"94":0,"95":0,"96":0,"97":0,"98":0,"99":0,"100":0,"101":0,"102":0,"103":0,"104":0,"105":0,"106":0,"107":0,"108":0,"109":0,"110":0,"111":0,"112":0,"113":0,"114":0,"115":0,"116":0,"117":0,"118":0,"119":0,"120":0,"121":0,"122":0,"123":0,"124":0,"125":0,"126":0,"127":0,"128":0,"129":0,"130":0,"131":0,"132":0,"133":0,"134":0,"135":0,"136":0,"137":0,"138":0,"139":0,"140":0,"141":0,"142":0,"143":0,"144":0,"145":0,"146":0,"147":0,"148":0,"149":0,"150":0,"151":0,"152":0},"f":{"0":0,"1":0,"2":0,"3":0,"4":0,"5":0,"6":0,"7":0,"8":0,"9":0,"10":0,"11":0,"12":0,"13":0,"14":0,"15":0,"16":0,"17":0,"18":0,"19":0,"20":0,"21":0,"22":0,"23":0,"24":0,"25":0,"26":0,"27":0,"28":0,"29":0,"30":0,"31":0,"32":0,"33":0,"34":0,"35":0,"36":0,"37":0,"38":0,"39":0,"40":0,"41":0,"42":0,"43":0},"b":{}},"/opt/mExpress/src/git-workflow-automation/tests/unit/core/message-queue/message-state-manager.test.ts":{"path":"/opt/mExpress/src/git-workflow-automation/tests/unit/core/message-queue/message-state-manager.test.ts","statementMap":{"0":{"start":{"line":2,"column":0},"end":{"line":2,"column":95}},"1":{"start":{"line":5,"column":0},"end":{"line":143,"column":3}},"2":{"start":{"line":8,"column":24},"end":{"line":8,"column":26}},"3":{"start":{"line":10,"column":4},"end":{"line":19,"column":7}},"4":{"start":{"line":11,"column":8},"end":{"line":11,"column":20}},"5":{"start":{"line":12,"column":8},"end":{"line":17,"column":17}},"6":{"start":{"line":14,"column":16},"end":{"line":14,"column":45}},"7":{"start":{"line":15,"column":16},"end":{"line":15,"column":41}},"8":{"start":{"line":18,"column":8},"end":{"line":18,"column":61}},"9":{"start":{"line":21,"column":4},"end":{"line":142,"column":7}},"10":{"start":{"line":22,"column":43},"end":{"line":27,"column":10}},"11":{"start":{"line":29,"column":8},"end":{"line":31,"column":11}},"12":{"start":{"line":30,"column":12},"end":{"line":30,"column":72}},"13":{"start":{"line":33,"column":8},"end":{"line":45,"column":11}},"14":{"start":{"line":34,"column":27},"end":{"line":34,"column":81}},"15":{"start":{"line":35,"column":12},"end":{"line":35,"column":46}},"16":{"start":{"line":36,"column":12},"end":{"line":36,"column":62}},"17":{"start":{"line":38,"column":27},"end":{"line":38,"column":72}},"18":{"start":{"line":39,"column":12},"end":{"line":39,"column":54}},"19":{"start":{"line":41,"column":12},"end":{"line":41,"column":43}},"20":{"start":{"line":42,"column":12},"end":{"line":42,"column":61}},"21":{"start":{"line":43,"column":12},"end":{"line":43,"column":61}},"22":{"start":{"line":44,"column":12},"end":{"line":44,"column":62}},"23":{"start":{"line":47,"column":8},"end":{"line":65,"column":11}},"24":{"start":{"line":48,"column":12},"end":{"line":48,"column":67}},"25":{"start":{"line":49,"column":26},"end":{"line":49,"column":49}},"26":{"start":{"line":50,"column":27},"end":{"line":50,"column":83}},"27":{"start":{"line":52,"column":12},"end":{"line":52,"column":46}},"28":{"start":{"line":53,"column":12},"end":{"line":53,"column":57}},"29":{"start":{"line":54,"column":12},"end":{"line":54,"column":55}},"30":{"start":{"line":55,"column":12},"end":{"line":55,"column":75}},"31":{"start":{"line":57,"column":27},"end":{"line":57,"column":72}},"32":{"start":{"line":58,"column":12},"end":{"line":58,"column":49}},"33":{"start":{"line":59,"column":12},"end":{"line":59,"column":47}},"34":{"start":{"line":60,"column":12},"end":{"line":60,"column":54}},"35":{"start":{"line":62,"column":12},"end":{"line":62,"column":43}},"36":{"start":{"line":63,"column":12},"end":{"line":63,"column":58}},"37":{"start":{"line":64,"column":12},"end":{"line":64,"column":54}},"38":{"start":{"line":67,"column":8},"end":{"line":98,"column":11}},"39":{"start":{"line":68,"column":12},"end":{"line":68,"column":67}},"40":{"start":{"line":69,"column":26},"end":{"line":69,"column":49}},"41":{"start":{"line":72,"column":12},"end":{"line":75,"column":13}},"42":{"start":{"line":72,"column":25},"end":{"line":72,"column":26}},"43":{"start":{"line":73,"column":16},"end":{"line":73,"column":73}},"44":{"start":{"line":74,"column":16},"end":{"line":74,"column":71}},"45":{"start":{"line":78,"column":35},"end":{"line":82,"column":14}},"46":{"start":{"line":83,"column":12},"end":{"line":83,"column":75}},"47":{"start":{"line":86,"column":27},"end":{"line":86,"column":86}},"48":{"start":{"line":87,"column":12},"end":{"line":87,"column":46}},"49":{"start":{"line":88,"column":12},"end":{"line":88,"column":58}},"50":{"start":{"line":89,"column":12},"end":{"line":89,"column":76}},"51":{"start":{"line":91,"column":27},"end":{"line":91,"column":72}},"52":{"start":{"line":92,"column":12},"end":{"line":92,"column":50}},"53":{"start":{"line":93,"column":12},"end":{"line":93,"column":51}},"54":{"start":{"line":94,"column":12},"end":{"line":94,"column":54}},"55":{"start":{"line":96,"column":32},"end":{"line":96,"column":79}},"56":{"start":{"line":96,"column":51},"end":{"line":96,"column":78}},"57":{"start":{"line":97,"column":12},"end":{"line":97,"column":48}},"58":{"start":{"line":100,"column":8},"end":{"line":115,"column":11}},"59":{"start":{"line":101,"column":12},"end":{"line":101,"column":67}},"60":{"start":{"line":102,"column":27},"end":{"line":102,"column":80}},"61":{"start":{"line":104,"column":12},"end":{"line":104,"column":46}},"62":{"start":{"line":105,"column":12},"end":{"line":105,"column":61}},"63":{"start":{"line":106,"column":12},"end":{"line":106,"column":62}},"64":{"start":{"line":107,"column":12},"end":{"line":107,"column":76}},"65":{"start":{"line":109,"column":27},"end":{"line":109,"column":72}},"66":{"start":{"line":110,"column":12},"end":{"line":110,"column":53}},"67":{"start":{"line":111,"column":12},"end":{"line":111,"column":54}},"68":{"start":{"line":113,"column":36},"end":{"line":113,"column":87}},"69":{"start":{"line":113,"column":55},"end":{"line":113,"column":86}},"70":{"start":{"line":114,"column":12},"end":{"line":114,"column":52}},"71":{"start":{"line":117,"column":8},"end":{"line":125,"column":11}},"72":{"start":{"line":119,"column":27},"end":{"line":119,"column":80}},"73":{"start":{"line":120,"column":12},"end":{"line":120,"column":47}},"74":{"start":{"line":121,"column":12},"end":{"line":121,"column":80}},"75":{"start":{"line":123,"column":27},"end":{"line":123,"column":72}},"76":{"start":{"line":124,"column":12},"end":{"line":124,"column":51}},"77":{"start":{"line":127,"column":8},"end":{"line":141,"column":11}},"78":{"start":{"line":129,"column":32},"end":{"line":133,"column":14}},"79":{"start":{"line":135,"column":28},"end":{"line":135,"column":58}},"80":{"start":{"line":136,"column":33},"end":{"line":136,"column":70}},"81":{"start":{"line":136,"column":53},"end":{"line":136,"column":62}},"82":{"start":{"line":137,"column":12},"end":{"line":137,"column":41}},"83":{"start":{"line":139,"column":27},"end":{"line":139,"column":72}},"84":{"start":{"line":140,"column":12},"end":{"line":140,"column":54}}},"fnMap":{"0":{"name":"(anonymous_0)","decl":{"start":{"line":5,"column":32},"end":{"line":5,"column":35}},"loc":{"start":{"line":5,"column":37},"end":{"line":143,"column":1}}},"1":{"name":"(anonymous_1)","decl":{"start":{"line":10,"column":15},"end":{"line":10,"column":18}},"loc":{"start":{"line":10,"column":20},"end":{"line":19,"column":5}}},"2":{"name":"(anonymous_2)","decl":{"start":{"line":13,"column":47},"end":{"line":13,"column":48}},"loc":{"start":{"line":13,"column":63},"end":{"line":16,"column":13}}},"3":{"name":"(anonymous_3)","decl":{"start":{"line":21,"column":34},"end":{"line":21,"column":37}},"loc":{"start":{"line":21,"column":39},"end":{"line":142,"column":5}}},"4":{"name":"(anonymous_4)","decl":{"start":{"line":29,"column":19},"end":{"line":29,"column":24}},"loc":{"start":{"line":29,"column":30},"end":{"line":31,"column":9}}},"5":{"name":"(anonymous_5)","decl":{"start":{"line":33,"column":61},"end":{"line":33,"column":66}},"loc":{"start":{"line":33,"column":72},"end":{"line":45,"column":9}}},"6":{"name":"(anonymous_6)","decl":{"start":{"line":47,"column":60},"end":{"line":47,"column":65}},"loc":{"start":{"line":47,"column":71},"end":{"line":65,"column":9}}},"7":{"name":"(anonymous_7)","decl":{"start":{"line":67,"column":70},"end":{"line":67,"column":75}},"loc":{"start":{"line":67,"column":81},"end":{"line":98,"column":9}}},"8":{"name":"(anonymous_8)","decl":{"start":{"line":96,"column":46},"end":{"line":96,"column":47}},"loc":{"start":{"line":96,"column":51},"end":{"line":96,"column":78}}},"9":{"name":"(anonymous_9)","decl":{"start":{"line":100,"column":53},"end":{"line":100,"column":58}},"loc":{"start":{"line":100,"column":64},"end":{"line":115,"column":9}}},"10":{"name":"(anonymous_10)","decl":{"start":{"line":113,"column":50},"end":{"line":113,"column":51}},"loc":{"start":{"line":113,"column":55},"end":{"line":113,"column":86}}},"11":{"name":"(anonymous_11)","decl":{"start":{"line":117,"column":57},"end":{"line":117,"column":62}},"loc":{"start":{"line":117,"column":68},"end":{"line":125,"column":9}}},"12":{"name":"(anonymous_12)","decl":{"start":{"line":127,"column":59},"end":{"line":127,"column":64}},"loc":{"start":{"line":127,"column":70},"end":{"line":141,"column":9}}},"13":{"name":"(anonymous_13)","decl":{"start":{"line":136,"column":48},"end":{"line":136,"column":49}},"loc":{"start":{"line":136,"column":53},"end":{"line":136,"column":62}}}},"branchMap":{},"s":{"0":0,"1":0,"2":0,"3":0,"4":0,"5":0,"6":0,"7":0,"8":0,"9":0,"10":0,"11":0,"12":0,"13":0,"14":0,"15":0,"16":0,"17":0,"18":0,"19":0,"20":0,"21":0,"22":0,"23":0,"24":0,"25":0,"26":0,"27":0,"28":0,"29":0,"30":0,"31":0,"32":0,"33":0,"34":0,"35":0,"36":0,"37":0,"38":0,"39":0,"40":0,"41":0,"42":0,"43":0,"44":0,"45":0,"46":0,"47":0,"48":0,"49":0,"50":0,"51":0,"52":0,"53":0,"54":0,"55":0,"56":0,"57":0,"58":0,"59":0,"60":0,"61":0,"62":0,"63":0,"64":0,"65":0,"66":0,"67":0,"68":0,"69":0,"70":0,"71":0,"72":0,"73":0,"74":0,"75":0,"76":0,"77":0,"78":0,"79":0,"80":0,"81":0,"82":0,"83":0,"84":0},"f":{"0":0,"1":0,"2":0,"3":0,"4":0,"5":0,"6":0,"7":0,"8":0,"9":0,"10":0,"11":0,"12":0,"13":0},"b":{}},"/opt/mExpress/src/git-workflow-automation/tests/unit/core/message-queue/message-queue-v2.test.ts":{"path":"/opt/mExpress/src/git-workflow-automation/tests/unit/core/message-queue/message-queue-v2.test.ts","statementMap":{"0":{"start":{"line":2,"column":0},"end":{"line":2,"column":83}},"1":{"start":{"line":5,"column":0},"end":{"line":145,"column":3}},"2":{"start":{"line":8,"column":24},"end":{"line":8,"column":26}},"3":{"start":{"line":10,"column":4},"end":{"line":19,"column":7}},"4":{"start":{"line":11,"column":8},"end":{"line":11,"column":20}},"5":{"start":{"line":12,"column":8},"end":{"line":17,"column":17}},"6":{"start":{"line":14,"column":16},"end":{"line":14,"column":45}},"7":{"start":{"line":15,"column":16},"end":{"line":15,"column":41}},"8":{"start":{"line":18,"column":8},"end":{"line":18,"column":54}},"9":{"start":{"line":21,"column":4},"end":{"line":23,"column":7}},"10":{"start":{"line":22,"column":8},"end":{"line":22,"column":37}},"11":{"start":{"line":25,"column":4},"end":{"line":144,"column":7}},"12":{"start":{"line":26,"column":8},"end":{"line":42,"column":11}},"13":{"start":{"line":27,"column":43},"end":{"line":31,"column":14}},"14":{"start":{"line":33,"column":12},"end":{"line":33,"column":48}},"15":{"start":{"line":34,"column":12},"end":{"line":34,"column":46}},"16":{"start":{"line":36,"column":27},"end":{"line":36,"column":74}},"17":{"start":{"line":37,"column":12},"end":{"line":37,"column":53}},"18":{"start":{"line":38,"column":12},"end":{"line":38,"column":54}},"19":{"start":{"line":40,"column":36},"end":{"line":40,"column":87}},"20":{"start":{"line":40,"column":55},"end":{"line":40,"column":86}},"21":{"start":{"line":41,"column":12},"end":{"line":41,"column":52}},"22":{"start":{"line":44,"column":8},"end":{"line":65,"column":11}},"23":{"start":{"line":45,"column":43},"end":{"line":49,"column":14}},"24":{"start":{"line":51,"column":12},"end":{"line":51,"column":48}},"25":{"start":{"line":54,"column":12},"end":{"line":56,"column":13}},"26":{"start":{"line":54,"column":25},"end":{"line":54,"column":26}},"27":{"start":{"line":55,"column":16},"end":{"line":55,"column":50}},"28":{"start":{"line":58,"column":27},"end":{"line":58,"column":74}},"29":{"start":{"line":59,"column":12},"end":{"line":59,"column":50}},"30":{"start":{"line":60,"column":12},"end":{"line":60,"column":51}},"31":{"start":{"line":61,"column":12},"end":{"line":61,"column":60}},"32":{"start":{"line":63,"column":32},"end":{"line":63,"column":79}},"33":{"start":{"line":63,"column":51},"end":{"line":63,"column":78}},"34":{"start":{"line":64,"column":12},"end":{"line":64,"column":48}},"35":{"start":{"line":67,"column":8},"end":{"line":103,"column":11}},"36":{"start":{"line":68,"column":46},"end":{"line":74,"column":14}},"37":{"start":{"line":77,"column":12},"end":{"line":77,"column":78}},"38":{"start":{"line":77,"column":50},"end":{"line":77,"column":75}},"39":{"start":{"line":80,"column":12},"end":{"line":82,"column":13}},"40":{"start":{"line":80,"column":25},"end":{"line":80,"column":26}},"41":{"start":{"line":81,"column":16},"end":{"line":81,"column":50}},"42":{"start":{"line":85,"column":31},"end":{"line":85,"column":58}},"43":{"start":{"line":86,"column":12},"end":{"line":89,"column":13}},"44":{"start":{"line":87,"column":28},"end":{"line":87,"column":67}},"45":{"start":{"line":88,"column":16},"end":{"line":88,"column":54}},"46":{"start":{"line":92,"column":30},"end":{"line":92,"column":48}},"47":{"start":{"line":93,"column":12},"end":{"line":96,"column":13}},"48":{"start":{"line":94,"column":28},"end":{"line":94,"column":67}},"49":{"start":{"line":95,"column":16},"end":{"line":95,"column":51}},"50":{"start":{"line":98,"column":36},"end":{"line":98,"column":87}},"51":{"start":{"line":98,"column":55},"end":{"line":98,"column":86}},"52":{"start":{"line":99,"column":12},"end":{"line":99,"column":52}},"53":{"start":{"line":101,"column":32},"end":{"line":101,"column":79}},"54":{"start":{"line":101,"column":51},"end":{"line":101,"column":78}},"55":{"start":{"line":102,"column":12},"end":{"line":102,"column":48}},"56":{"start":{"line":105,"column":8},"end":{"line":119,"column":11}},"57":{"start":{"line":106,"column":46},"end":{"line":110,"column":14}},"58":{"start":{"line":113,"column":12},"end":{"line":113,"column":78}},"59":{"start":{"line":113,"column":50},"end":{"line":113,"column":75}},"60":{"start":{"line":115,"column":36},"end":{"line":115,"column":75}},"61":{"start":{"line":116,"column":12},"end":{"line":116,"column":56}},"62":{"start":{"line":117,"column":12},"end":{"line":117,"column":56}},"63":{"start":{"line":118,"column":12},"end":{"line":118,"column":56}},"64":{"start":{"line":121,"column":8},"end":{"line":143,"column":11}},"65":{"start":{"line":122,"column":46},"end":{"line":125,"column":14}},"66":{"start":{"line":128,"column":12},"end":{"line":128,"column":78}},"67":{"start":{"line":128,"column":50},"end":{"line":128,"column":75}},"68":{"start":{"line":129,"column":12},"end":{"line":129,"column":46}},"69":{"start":{"line":132,"column":12},"end":{"line":132,"column":41}},"70":{"start":{"line":135,"column":12},"end":{"line":138,"column":13}},"71":{"start":{"line":136,"column":31},"end":{"line":136,"column":74}},"72":{"start":{"line":137,"column":16},"end":{"line":137,"column":57}},"73":{"start":{"line":141,"column":36},"end":{"line":141,"column":75}},"74":{"start":{"line":142,"column":12},"end":{"line":142,"column":52}}},"fnMap":{"0":{"name":"(anonymous_0)","decl":{"start":{"line":5,"column":28},"end":{"line":5,"column":31}},"loc":{"start":{"line":5,"column":33},"end":{"line":145,"column":1}}},"1":{"name":"(anonymous_1)","decl":{"start":{"line":10,"column":15},"end":{"line":10,"column":18}},"loc":{"start":{"line":10,"column":20},"end":{"line":19,"column":5}}},"2":{"name":"(anonymous_2)","decl":{"start":{"line":13,"column":47},"end":{"line":13,"column":48}},"loc":{"start":{"line":13,"column":63},"end":{"line":16,"column":13}}},"3":{"name":"(anonymous_3)","decl":{"start":{"line":21,"column":14},"end":{"line":21,"column":19}},"loc":{"start":{"line":21,"column":25},"end":{"line":23,"column":5}}},"4":{"name":"(anonymous_4)","decl":{"start":{"line":25,"column":33},"end":{"line":25,"column":36}},"loc":{"start":{"line":25,"column":38},"end":{"line":144,"column":5}}},"5":{"name":"(anonymous_5)","decl":{"start":{"line":26,"column":53},"end":{"line":26,"column":58}},"loc":{"start":{"line":26,"column":64},"end":{"line":42,"column":9}}},"6":{"name":"(anonymous_6)","decl":{"start":{"line":40,"column":50},"end":{"line":40,"column":51}},"loc":{"start":{"line":40,"column":55},"end":{"line":40,"column":86}}},"7":{"name":"(anonymous_7)","decl":{"start":{"line":44,"column":51},"end":{"line":44,"column":56}},"loc":{"start":{"line":44,"column":62},"end":{"line":65,"column":9}}},"8":{"name":"(anonymous_8)","decl":{"start":{"line":63,"column":46},"end":{"line":63,"column":47}},"loc":{"start":{"line":63,"column":51},"end":{"line":63,"column":78}}},"9":{"name":"(anonymous_9)","decl":{"start":{"line":67,"column":66},"end":{"line":67,"column":71}},"loc":{"start":{"line":67,"column":77},"end":{"line":103,"column":9}}},"10":{"name":"(anonymous_10)","decl":{"start":{"line":77,"column":43},"end":{"line":77,"column":46}},"loc":{"start":{"line":77,"column":50},"end":{"line":77,"column":75}}},"11":{"name":"(anonymous_11)","decl":{"start":{"line":98,"column":50},"end":{"line":98,"column":51}},"loc":{"start":{"line":98,"column":55},"end":{"line":98,"column":86}}},"12":{"name":"(anonymous_12)","decl":{"start":{"line":101,"column":46},"end":{"line":101,"column":47}},"loc":{"start":{"line":101,"column":51},"end":{"line":101,"column":78}}},"13":{"name":"(anonymous_13)","decl":{"start":{"line":105,"column":49},"end":{"line":105,"column":54}},"loc":{"start":{"line":105,"column":60},"end":{"line":119,"column":9}}},"14":{"name":"(anonymous_14)","decl":{"start":{"line":113,"column":43},"end":{"line":113,"column":46}},"loc":{"start":{"line":113,"column":50},"end":{"line":113,"column":75}}},"15":{"name":"(anonymous_15)","decl":{"start":{"line":121,"column":47},"end":{"line":121,"column":52}},"loc":{"start":{"line":121,"column":58},"end":{"line":143,"column":9}}},"16":{"name":"(anonymous_16)","decl":{"start":{"line":128,"column":43},"end":{"line":128,"column":46}},"loc":{"start":{"line":128,"column":50},"end":{"line":128,"column":75}}}},"branchMap":{},"s":{"0":0,"1":0,"2":0,"3":0,"4":0,"5":0,"6":0,"7":0,"8":0,"9":0,"10":0,"11":0,"12":0,"13":0,"14":0,"15":0,"16":0,"17":0,"18":0,"19":0,"20":0,"21":0,"22":0,"23":0,"24":0,"25":0,"26":0,"27":0,"28":0,"29":0,"30":0,"31":0,"32":0,"33":0,"34":0,"35":0,"36":0,"37":0,"38":0,"39":0,"40":0,"41":0,"42":0,"43":0,"44":0,"45":0,"46":0,"47":0,"48":0,"49":0,"50":0,"51":0,"52":0,"53":0,"54":0,"55":0,"56":0,"57":0,"58":0,"59":0,"60":0,"61":0,"62":0,"63":0,"64":0,"65":0,"66":0,"67":0,"68":0,"69":0,"70":0,"71":0,"72":0,"73":0,"74":0},"f":{"0":0,"1":0,"2":0,"3":0,"4":0,"5":0,"6":0,"7":0,"8":0,"9":0,"10":0,"11":0,"12":0,"13":0,"14":0,"15":0,"16":0},"b":{}}}}
