{"numFailedTestSuites":0,"numFailedTests":0,"numPassedTestSuites":3,"numPassedTests":30,"numPendingTestSuites":0,"numPendingTests":0,"numRuntimeErrorTestSuites":0,"numTodoTests":0,"numTotalTestSuites":3,"numTotalTests":30,"openHandles":[],"snapshot":{"added":0,"didUpdate":false,"failure":false,"filesAdded":0,"filesRemoved":0,"filesRemovedList":[],"filesUnmatched":0,"filesUpdated":0,"matched":0,"total":0,"unchecked":0,"uncheckedKeysByFile":[],"unmatched":0,"updated":0},"startTime":1739803221255,"success":true,"testResults":[{"assertionResults":[{"ancestorTitles":["RateLimiter"],"duration":37,"failureDetails":[],"failureMessages":[],"fullName":"RateLimiter should allow requests within rate limit","invocations":1,"location":null,"numPassingAsserts":4,"retryReasons":[],"status":"passed","title":"should allow requests within rate limit"},{"ancestorTitles":["RateLimiter"],"duration":99,"failureDetails":[],"failureMessages":[],"fullName":"RateLimiter should throw error when rate limit exceeded","invocations":1,"location":null,"numPassingAsserts":1,"retryReasons":[],"status":"passed","title":"should throw error when rate limit exceeded"},{"ancestorTitles":["RateLimiter"],"duration":66,"failureDetails":[],"failureMessages":[],"fullName":"RateLimiter should clean up old requests outside window","invocations":1,"location":null,"numPassingAsserts":3,"retryReasons":[],"status":"passed","title":"should clean up old requests outside window"},{"ancestorTitles":["RateLimiter"],"duration":39,"failureDetails":[],"failureMessages":[],"fullName":"RateLimiter should set proper expiration for rate limit keys","invocations":1,"location":null,"numPassingAsserts":1,"retryReasons":[],"status":"passed","title":"should set proper expiration for rate limit keys"},{"ancestorTitles":["RateLimiter"],"duration":82,"failureDetails":[],"failureMessages":[],"fullName":"RateLimiter should properly calculate remaining requests","invocations":1,"location":null,"numPassingAsserts":4,"retryReasons":[],"status":"passed","title":"should properly calculate remaining requests"}],"endTime":1739803234491,"message":"","name":"/opt/mExpress/src/utils/__tests__/rate-limiter.test.ts","startTime":1739803221740,"status":"passed","summary":""},{"assertionResults":[{"ancestorTitles":["Customer Model"],"duration":205,"failureDetails":[],"failureMessages":[],"fullName":"Customer Model should create a valid customer","invocations":1,"location":null,"numPassingAsserts":10,"retryReasons":[],"status":"passed","title":"should create a valid customer"},{"ancestorTitles":["Customer Model"],"duration":13,"failureDetails":[],"failureMessages":[],"fullName":"Customer Model should require firstName","invocations":1,"location":null,"numPassingAsserts":1,"retryReasons":[],"status":"passed","title":"should require firstName"},{"ancestorTitles":["Customer Model"],"duration":7,"failureDetails":[],"failureMessages":[],"fullName":"Customer Model should require lastName","invocations":1,"location":null,"numPassingAsserts":1,"retryReasons":[],"status":"passed","title":"should require lastName"},{"ancestorTitles":["Customer Model"],"duration":12,"failureDetails":[],"failureMessages":[],"fullName":"Customer Model should require valid email","invocations":1,"location":null,"numPassingAsserts":1,"retryReasons":[],"status":"passed","title":"should require valid email"},{"ancestorTitles":["Customer Model"],"duration":10,"failureDetails":[],"failureMessages":[],"fullName":"Customer Model should require valid phone number","invocations":1,"location":null,"numPassingAsserts":1,"retryReasons":[],"status":"passed","title":"should require valid phone number"},{"ancestorTitles":["Customer Model"],"duration":75,"failureDetails":[],"failureMessages":[],"fullName":"Customer Model should enforce unique email addresses","invocations":1,"location":null,"numPassingAsserts":1,"retryReasons":[],"status":"passed","title":"should enforce unique email addresses"},{"ancestorTitles":["Customer Model"],"duration":17,"failureDetails":[],"failureMessages":[],"fullName":"Customer Model should allow optional external IDs","invocations":1,"location":null,"numPassingAsserts":2,"retryReasons":[],"status":"passed","title":"should allow optional external IDs"},{"ancestorTitles":["Customer Model"],"duration":32,"failureDetails":[],"failureMessages":[],"fullName":"Customer Model should default verificationStatus to pending","invocations":1,"location":null,"numPassingAsserts":1,"retryReasons":[],"status":"passed","title":"should default verificationStatus to pending"},{"ancestorTitles":["Customer Model"],"duration":15,"failureDetails":[],"failureMessages":[],"fullName":"Customer Model should default syncStatus to pending","invocations":1,"location":null,"numPassingAsserts":2,"retryReasons":[],"status":"passed","title":"should default syncStatus to pending"},{"ancestorTitles":["Customer Model"],"duration":140,"failureDetails":[],"failureMessages":[],"fullName":"Customer Model should update timestamps on modification","invocations":1,"location":null,"numPassingAsserts":1,"retryReasons":[],"status":"passed","title":"should update timestamps on modification"}],"endTime":1739803236421,"message":"","name":"/opt/mExpress/src/models/__tests__/customer.test.ts","startTime":1739803221712,"status":"passed","summary":""},{"assertionResults":[{"ancestorTitles":["CustomerService","createCustomer"],"duration":156,"failureDetails":[],"failureMessages":[],"fullName":"CustomerService createCustomer should create a customer successfully","invocations":1,"location":null,"numPassingAsserts":8,"retryReasons":[],"status":"passed","title":"should create a customer successfully"},{"ancestorTitles":["CustomerService","createCustomer"],"duration":87,"failureDetails":[],"failureMessages":[],"fullName":"CustomerService createCustomer should check rate limit before creating customer","invocations":1,"location":null,"numPassingAsserts":1,"retryReasons":[],"status":"passed","title":"should check rate limit before creating customer"},{"ancestorTitles":["CustomerService","createCustomer"],"duration":58,"failureDetails":[],"failureMessages":[],"fullName":"CustomerService createCustomer should throw error when rate limit exceeded","invocations":1,"location":null,"numPassingAsserts":1,"retryReasons":[],"status":"passed","title":"should throw error when rate limit exceeded"},{"ancestorTitles":["CustomerService","createCustomer"],"duration":62,"failureDetails":[],"failureMessages":[],"fullName":"CustomerService createCustomer should throw error for duplicate email","invocations":1,"location":null,"numPassingAsserts":1,"retryReasons":[],"status":"passed","title":"should throw error for duplicate email"},{"ancestorTitles":["CustomerService","getCustomerById"],"duration":81,"failureDetails":[],"failureMessages":[],"fullName":"CustomerService getCustomerById should retrieve customer by ID","invocations":1,"location":null,"numPassingAsserts":2,"retryReasons":[],"status":"passed","title":"should retrieve customer by ID"},{"ancestorTitles":["CustomerService","getCustomerById"],"duration":8,"failureDetails":[],"failureMessages":[],"fullName":"CustomerService getCustomerById should return null for non-existent ID","invocations":1,"location":null,"numPassingAsserts":1,"retryReasons":[],"status":"passed","title":"should return null for non-existent ID"},{"ancestorTitles":["CustomerService","updateCustomer"],"duration":54,"failureDetails":[],"failureMessages":[],"fullName":"CustomerService updateCustomer should update customer successfully","invocations":1,"location":null,"numPassingAsserts":4,"retryReasons":[],"status":"passed","title":"should update customer successfully"},{"ancestorTitles":["CustomerService","updateCustomer"],"duration":51,"failureDetails":[],"failureMessages":[],"fullName":"CustomerService updateCustomer should check rate limit before updating","invocations":1,"location":null,"numPassingAsserts":1,"retryReasons":[],"status":"passed","title":"should check rate limit before updating"},{"ancestorTitles":["CustomerService","deleteCustomer"],"duration":55,"failureDetails":[],"failureMessages":[],"fullName":"CustomerService deleteCustomer should delete customer successfully","invocations":1,"location":null,"numPassingAsserts":2,"retryReasons":[],"status":"passed","title":"should delete customer successfully"},{"ancestorTitles":["CustomerService","deleteCustomer"],"duration":7,"failureDetails":[],"failureMessages":[],"fullName":"CustomerService deleteCustomer should return false for non-existent ID","invocations":1,"location":null,"numPassingAsserts":1,"retryReasons":[],"status":"passed","title":"should return false for non-existent ID"},{"ancestorTitles":["CustomerService","searchCustomers"],"duration":33,"failureDetails":[],"failureMessages":[],"fullName":"CustomerService searchCustomers should search customers by firstName","invocations":1,"location":null,"numPassingAsserts":2,"retryReasons":[],"status":"passed","title":"should search customers by firstName"},{"ancestorTitles":["CustomerService","searchCustomers"],"duration":55,"failureDetails":[],"failureMessages":[],"fullName":"CustomerService searchCustomers should search customers by email pattern","invocations":1,"location":null,"numPassingAsserts":2,"retryReasons":[],"status":"passed","title":"should search customers by email pattern"},{"ancestorTitles":["CustomerService","searchCustomers"],"duration":25,"failureDetails":[],"failureMessages":[],"fullName":"CustomerService searchCustomers should return empty array for no matches","invocations":1,"location":null,"numPassingAsserts":1,"retryReasons":[],"status":"passed","title":"should return empty array for no matches"},{"ancestorTitles":["CustomerService","verifyCustomer"],"duration":18,"failureDetails":[],"failureMessages":[],"fullName":"CustomerService verifyCustomer should update verification status to verified","invocations":1,"location":null,"numPassingAsserts":2,"retryReasons":[],"status":"passed","title":"should update verification status to verified"},{"ancestorTitles":["CustomerService","updateSyncStatus"],"duration":15,"failureDetails":[],"failureMessages":[],"fullName":"CustomerService updateSyncStatus should update sync status for specified system","invocations":1,"location":null,"numPassingAsserts":3,"retryReasons":[],"status":"passed","title":"should update sync status for specified system"}],"endTime":1739803236750,"message":"","name":"/opt/mExpress/src/services/__tests__/customer.service.test.ts","startTime":1739803221731,"status":"passed","summary":""}],"wasInterrupted":false}
