{"numFailedTestSuites":0,"numFailedTests":0,"numPassedTestSuites":1,"numPassedTests":14,"numPendingTestSuites":0,"numPendingTests":0,"numRuntimeErrorTestSuites":0,"numTodoTests":0,"numTotalTestSuites":1,"numTotalTests":14,"openHandles":[],"snapshot":{"added":0,"didUpdate":false,"failure":false,"filesAdded":0,"filesRemoved":0,"filesRemovedList":[],"filesUnmatched":0,"filesUpdated":0,"matched":0,"total":0,"unchecked":0,"uncheckedKeysByFile":[],"unmatched":0,"updated":0},"startTime":1738888560159,"success":true,"testResults":[{"assertionResults":[{"ancestorTitles":["Environment","Basic Configuration"],"duration":8,"failureDetails":[],"failureMessages":[],"fullName":"Environment Basic Configuration should correctly initialize with config","invocations":1,"location":null,"numPassingAsserts":3,"retryReasons":[],"status":"passed","title":"should correctly initialize with config"},{"ancestorTitles":["Environment","Basic Configuration"],"duration":3,"failureDetails":[],"failureMessages":[],"fullName":"Environment Basic Configuration should return complete configuration","invocations":1,"location":null,"numPassingAsserts":1,"retryReasons":[],"status":"passed","title":"should return complete configuration"},{"ancestorTitles":["Environment","Basic Configuration"],"duration":1,"failureDetails":[],"failureMessages":[],"fullName":"Environment Basic Configuration should create deep copy of services","invocations":1,"location":null,"numPassingAsserts":1,"retryReasons":[],"status":"passed","title":"should create deep copy of services"},{"ancestorTitles":["Environment","Environment Validation"],"duration":27,"failureDetails":[],"failureMessages":[],"fullName":"Environment Environment Validation should throw error for missing environment","invocations":1,"location":null,"numPassingAsserts":1,"retryReasons":[],"status":"passed","title":"should throw error for missing environment"},{"ancestorTitles":["Environment","Environment Validation"],"duration":19,"failureDetails":[],"failureMessages":[],"fullName":"Environment Environment Validation should throw error for invalid environment","invocations":1,"location":null,"numPassingAsserts":1,"retryReasons":[],"status":"passed","title":"should throw error for invalid environment"},{"ancestorTitles":["Environment","Environment Validation"],"duration":3,"failureDetails":[],"failureMessages":[],"fullName":"Environment Environment Validation should throw error for invalid log level","invocations":1,"location":null,"numPassingAsserts":1,"retryReasons":[],"status":"passed","title":"should throw error for invalid log level"},{"ancestorTitles":["Environment","Default Values"],"duration":2,"failureDetails":[],"failureMessages":[],"fullName":"Environment Default Values should set debug based on environment","invocations":1,"location":null,"numPassingAsserts":2,"retryReasons":[],"status":"passed","title":"should set debug based on environment"},{"ancestorTitles":["Environment","Default Values"],"duration":1,"failureDetails":[],"failureMessages":[],"fullName":"Environment Default Values should set log level based on environment","invocations":1,"location":null,"numPassingAsserts":2,"retryReasons":[],"status":"passed","title":"should set log level based on environment"},{"ancestorTitles":["Environment","Default Values"],"duration":1,"failureDetails":[],"failureMessages":[],"fullName":"Environment Default Values should use default service settings","invocations":1,"location":null,"numPassingAsserts":1,"retryReasons":[],"status":"passed","title":"should use default service settings"},{"ancestorTitles":["Environment","Service Configuration"],"duration":2,"failureDetails":[],"failureMessages":[],"fullName":"Environment Service Configuration should throw error for missing service URL","invocations":1,"location":null,"numPassingAsserts":1,"retryReasons":[],"status":"passed","title":"should throw error for missing service URL"},{"ancestorTitles":["Environment","Service Configuration"],"duration":2,"failureDetails":[],"failureMessages":[],"fullName":"Environment Service Configuration should throw error for invalid timeout","invocations":1,"location":null,"numPassingAsserts":1,"retryReasons":[],"status":"passed","title":"should throw error for invalid timeout"},{"ancestorTitles":["Environment","Service Configuration"],"duration":2,"failureDetails":[],"failureMessages":[],"fullName":"Environment Service Configuration should throw error for invalid retries","invocations":1,"location":null,"numPassingAsserts":1,"retryReasons":[],"status":"passed","title":"should throw error for invalid retries"},{"ancestorTitles":["Environment","Service Configuration"],"duration":2,"failureDetails":[],"failureMessages":[],"fullName":"Environment Service Configuration should get all services","invocations":1,"location":null,"numPassingAsserts":2,"retryReasons":[],"status":"passed","title":"should get all services"},{"ancestorTitles":["Environment","Service Configuration"],"duration":1,"failureDetails":[],"failureMessages":[],"fullName":"Environment Service Configuration should handle missing service","invocations":1,"location":null,"numPassingAsserts":1,"retryReasons":[],"status":"passed","title":"should handle missing service"}],"endTime":1738888563893,"message":"","name":"/opt/mExpress/src/__tests__/lib/environment.test.ts","startTime":1738888560262,"status":"passed","summary":""}],"wasInterrupted":false}
