{"numFailedTestSuites":2,"numFailedTests":2,"numPassedTestSuites":2,"numPassedTests":45,"numPendingTestSuites":0,"numPendingTests":0,"numRuntimeErrorTestSuites":1,"numTodoTests":0,"numTotalTestSuites":4,"numTotalTests":47,"openHandles":[],"snapshot":{"added":0,"didUpdate":false,"failure":false,"filesAdded":0,"filesRemoved":0,"filesRemovedList":[],"filesUnmatched":0,"filesUpdated":0,"matched":0,"total":0,"unchecked":0,"uncheckedKeysByFile":[],"unmatched":0,"updated":0},"startTime":1739071586375,"success":false,"testResults":[{"assertionResults":[{"ancestorTitles":["EventHandler","Event Registration"],"duration":14,"failureDetails":[],"failureMessages":[],"fullName":"EventHandler Event Registration should register an event handler successfully","invocations":1,"location":null,"numPassingAsserts":1,"retryReasons":[],"status":"passed","title":"should register an event handler successfully"},{"ancestorTitles":["EventHandler","Event Registration"],"duration":8,"failureDetails":[],"failureMessages":[],"fullName":"EventHandler Event Registration should throw error when registering handler without event name","invocations":1,"location":null,"numPassingAsserts":1,"retryReasons":[],"status":"passed","title":"should throw error when registering handler without event name"},{"ancestorTitles":["EventHandler","Event Registration"],"duration":3,"failureDetails":[],"failureMessages":[],"fullName":"EventHandler Event Registration should throw error when registering invalid handler","invocations":1,"location":null,"numPassingAsserts":1,"retryReasons":[],"status":"passed","title":"should throw error when registering invalid handler"},{"ancestorTitles":["EventHandler","Event Registration"],"duration":3,"failureDetails":[],"failureMessages":[],"fullName":"EventHandler Event Registration should throw error when registering with empty event name","invocations":1,"location":null,"numPassingAsserts":1,"retryReasons":[],"status":"passed","title":"should throw error when registering with empty event name"},{"ancestorTitles":["EventHandler","Event Registration"],"duration":5,"failureDetails":[],"failureMessages":[],"fullName":"EventHandler Event Registration should throw error when registering with whitespace event name","invocations":1,"location":null,"numPassingAsserts":1,"retryReasons":[],"status":"passed","title":"should throw error when registering with whitespace event name"},{"ancestorTitles":["EventHandler","Event Emission"],"duration":4,"failureDetails":[],"failureMessages":[],"fullName":"EventHandler Event Emission should emit event to registered handler","invocations":1,"location":null,"numPassingAsserts":1,"retryReasons":[],"status":"passed","title":"should emit event to registered handler"},{"ancestorTitles":["EventHandler","Event Emission"],"duration":2,"failureDetails":[],"failureMessages":[],"fullName":"EventHandler Event Emission should handle multiple handlers for same event","invocations":1,"location":null,"numPassingAsserts":2,"retryReasons":[],"status":"passed","title":"should handle multiple handlers for same event"},{"ancestorTitles":["EventHandler","Event Emission"],"duration":2,"failureDetails":[],"failureMessages":[],"fullName":"EventHandler Event Emission should handle emission of event with no handlers","invocations":1,"location":null,"numPassingAsserts":1,"retryReasons":[],"status":"passed","title":"should handle emission of event with no handlers"},{"ancestorTitles":["EventHandler","Event Emission"],"duration":2,"failureDetails":[],"failureMessages":[],"fullName":"EventHandler Event Emission should handle emission of event with undefined data","invocations":1,"location":null,"numPassingAsserts":1,"retryReasons":[],"status":"passed","title":"should handle emission of event with undefined data"},{"ancestorTitles":["EventHandler","Event Emission"],"duration":4,"failureDetails":[],"failureMessages":[],"fullName":"EventHandler Event Emission should throw error when emitting with invalid event name","invocations":1,"location":null,"numPassingAsserts":1,"retryReasons":[],"status":"passed","title":"should throw error when emitting with invalid event name"},{"ancestorTitles":["EventHandler","Event Emission"],"duration":12,"failureDetails":[],"failureMessages":[],"fullName":"EventHandler Event Emission should throw error when emitting with whitespace event name","invocations":1,"location":null,"numPassingAsserts":1,"retryReasons":[],"status":"passed","title":"should throw error when emitting with whitespace event name"},{"ancestorTitles":["EventHandler","Handler Management"],"duration":1,"failureDetails":[],"failureMessages":[],"fullName":"EventHandler Handler Management should return false for hasHandler with non-existent event","invocations":1,"location":null,"numPassingAsserts":1,"retryReasons":[],"status":"passed","title":"should return false for hasHandler with non-existent event"},{"ancestorTitles":["EventHandler","Handler Management"],"duration":1,"failureDetails":[],"failureMessages":[],"fullName":"EventHandler Handler Management should handle removal of event handler","invocations":1,"location":null,"numPassingAsserts":1,"retryReasons":[],"status":"passed","title":"should handle removal of event handler"},{"ancestorTitles":["EventHandler","Handler Management"],"duration":1,"failureDetails":[],"failureMessages":[],"fullName":"EventHandler Handler Management should handle removal of non-existent handler","invocations":1,"location":null,"numPassingAsserts":1,"retryReasons":[],"status":"passed","title":"should handle removal of non-existent handler"},{"ancestorTitles":["EventHandler","Handler Management"],"duration":1,"failureDetails":[],"failureMessages":[],"fullName":"EventHandler Handler Management should handle removal with invalid event name","invocations":1,"location":null,"numPassingAsserts":1,"retryReasons":[],"status":"passed","title":"should handle removal with invalid event name"},{"ancestorTitles":["EventHandler","Handler Management"],"duration":1,"failureDetails":[],"failureMessages":[],"fullName":"EventHandler Handler Management should handle multiple handler removals correctly","invocations":1,"location":null,"numPassingAsserts":2,"retryReasons":[],"status":"passed","title":"should handle multiple handler removals correctly"}],"endTime":1739071596468,"message":"","name":"/opt/mExpress/src/git-workflow-automation/tests/unit/event-system/event-handler.test.js","startTime":1739071587502,"status":"passed","summary":""},{"assertionResults":[],"coverage":{},"endTime":1739071717273,"message":"  \u001b[1m● \u001b[22mTest suite failed to run\n\n    \u001b[96mtests/unit/core/message-queue/message-queue.test.ts\u001b[0m:\u001b[93m188\u001b[0m:\u001b[93m58\u001b[0m - \u001b[91merror\u001b[0m\u001b[90m TS6133: \u001b[0m'reject' is declared but its value is never read.\n\n    \u001b[7m188\u001b[0m             const processPromise = new Promise((resolve, reject) => {\n    \u001b[7m   \u001b[0m \u001b[91m                                                         ~~~~~~\u001b[0m\n","name":"/opt/mExpress/src/git-workflow-automation/tests/unit/core/message-queue/message-queue.test.ts","startTime":1739071717273,"status":"failed","summary":""},{"assertionResults":[{"ancestorTitles":["TimeProvider","setTimeout"],"duration":13,"failureDetails":[],"failureMessages":[],"fullName":"TimeProvider setTimeout should schedule a callback for future execution","invocations":1,"location":null,"numPassingAsserts":3,"retryReasons":[],"status":"passed","title":"should schedule a callback for future execution"},{"ancestorTitles":["TimeProvider","setTimeout"],"duration":36,"failureDetails":[],"failureMessages":[],"fullName":"TimeProvider setTimeout should throw TypeError for non-function callback","invocations":1,"location":null,"numPassingAsserts":1,"retryReasons":[],"status":"passed","title":"should throw TypeError for non-function callback"},{"ancestorTitles":["TimeProvider","setTimeout"],"duration":2,"failureDetails":[],"failureMessages":[],"fullName":"TimeProvider setTimeout should throw RangeError for negative delay","invocations":1,"location":null,"numPassingAsserts":1,"retryReasons":[],"status":"passed","title":"should throw RangeError for negative delay"},{"ancestorTitles":["TimeProvider","setTimeout"],"duration":3,"failureDetails":[],"failureMessages":[],"fullName":"TimeProvider setTimeout should execute callbacks in correct order","invocations":1,"location":null,"numPassingAsserts":1,"retryReasons":[],"status":"passed","title":"should execute callbacks in correct order"},{"ancestorTitles":["TimeProvider","clearTimeout"],"duration":1,"failureDetails":[],"failureMessages":[],"fullName":"TimeProvider clearTimeout should cancel scheduled callback","invocations":1,"location":null,"numPassingAsserts":1,"retryReasons":[],"status":"passed","title":"should cancel scheduled callback"},{"ancestorTitles":["TimeProvider","clearTimeout"],"duration":1,"failureDetails":[],"failureMessages":[],"fullName":"TimeProvider clearTimeout should handle clearing invalid timeout ID","invocations":1,"location":null,"numPassingAsserts":1,"retryReasons":[],"status":"passed","title":"should handle clearing invalid timeout ID"},{"ancestorTitles":["TimeProvider","clearTimeout"],"duration":1,"failureDetails":[],"failureMessages":[],"fullName":"TimeProvider clearTimeout should handle clearing timeout multiple times","invocations":1,"location":null,"numPassingAsserts":1,"retryReasons":[],"status":"passed","title":"should handle clearing timeout multiple times"},{"ancestorTitles":["TimeProvider","now"],"duration":1,"failureDetails":[],"failureMessages":[],"fullName":"TimeProvider now should return current time","invocations":1,"location":null,"numPassingAsserts":3,"retryReasons":[],"status":"passed","title":"should return current time"},{"ancestorTitles":["TimeProvider","now"],"duration":2,"failureDetails":[],"failureMessages":[],"fullName":"TimeProvider now should maintain consistent time across operations","invocations":1,"location":null,"numPassingAsserts":2,"retryReasons":[],"status":"passed","title":"should maintain consistent time across operations"},{"ancestorTitles":["TimeProvider","edge cases"],"duration":1,"failureDetails":[],"failureMessages":[],"fullName":"TimeProvider edge cases should handle multiple timeouts at same time","invocations":1,"location":null,"numPassingAsserts":3,"retryReasons":[],"status":"passed","title":"should handle multiple timeouts at same time"},{"ancestorTitles":["TimeProvider","edge cases"],"duration":0,"failureDetails":[],"failureMessages":[],"fullName":"TimeProvider edge cases should handle zero delay timeout","invocations":1,"location":null,"numPassingAsserts":2,"retryReasons":[],"status":"passed","title":"should handle zero delay timeout"},{"ancestorTitles":["TimeProvider","edge cases"],"duration":1,"failureDetails":[],"failureMessages":[],"fullName":"TimeProvider edge cases should handle maximum safe integer delay","invocations":1,"location":null,"numPassingAsserts":3,"retryReasons":[],"status":"passed","title":"should handle maximum safe integer delay"}],"endTime":1739071597614,"message":"","name":"/opt/mExpress/src/git-workflow-automation/tests/unit/time/time-provider.test.ts","startTime":1739071587416,"status":"passed","summary":""},{"assertionResults":[{"ancestorTitles":["MessageQueue","Queue Operations"],"duration":26,"failureDetails":[],"failureMessages":[],"fullName":"MessageQueue Queue Operations should enqueue a message with correct priority","invocations":1,"location":null,"numPassingAsserts":2,"retryReasons":[],"status":"passed","title":"should enqueue a message with correct priority"},{"ancestorTitles":["MessageQueue","Queue Operations"],"duration":3,"failureDetails":[],"failureMessages":[],"fullName":"MessageQueue Queue Operations should process messages in priority order","invocations":1,"location":null,"numPassingAsserts":3,"retryReasons":[],"status":"passed","title":"should process messages in priority order"},{"ancestorTitles":["MessageQueue","Queue Operations"],"duration":29,"failureDetails":[],"failureMessages":[],"fullName":"MessageQueue Queue Operations should handle concurrent message processing","invocations":1,"location":null,"numPassingAsserts":2,"retryReasons":[],"status":"passed","title":"should handle concurrent message processing"},{"ancestorTitles":["MessageQueue","Queue Operations"],"duration":2,"failureDetails":[],"failureMessages":[],"fullName":"MessageQueue Queue Operations should process messages within 100ms","invocations":1,"location":null,"numPassingAsserts":1,"retryReasons":[],"status":"passed","title":"should process messages within 100ms"},{"ancestorTitles":["MessageQueue","Event Integration"],"duration":1,"failureDetails":[],"failureMessages":[],"fullName":"MessageQueue Event Integration should emit events through EventHandler","invocations":1,"location":null,"numPassingAsserts":1,"retryReasons":[],"status":"passed","title":"should emit events through EventHandler"},{"ancestorTitles":["MessageQueue","Cache Integration"],"duration":1,"failureDetails":[],"failureMessages":[],"fullName":"MessageQueue Cache Integration should store message state in distributed cache","invocations":1,"location":null,"numPassingAsserts":1,"retryReasons":[],"status":"passed","title":"should store message state in distributed cache"},{"ancestorTitles":["MessageQueue","Cache Integration"],"duration":1,"failureDetails":[],"failureMessages":[],"fullName":"MessageQueue Cache Integration should update message state in cache after processing","invocations":1,"location":null,"numPassingAsserts":1,"retryReasons":[],"status":"passed","title":"should update message state in cache after processing"},{"ancestorTitles":["MessageQueue","Error Handling and Edge Cases"],"duration":3,"failureDetails":[],"failureMessages":[],"fullName":"MessageQueue Error Handling and Edge Cases should handle message processing failures","invocations":1,"location":null,"numPassingAsserts":3,"retryReasons":[],"status":"passed","title":"should handle message processing failures"},{"ancestorTitles":["MessageQueue","Error Handling and Edge Cases"],"duration":20,"failureDetails":[],"failureMessages":[],"fullName":"MessageQueue Error Handling and Edge Cases should retry failed messages with backoff","invocations":1,"location":null,"numPassingAsserts":2,"retryReasons":[],"status":"passed","title":"should retry failed messages with backoff"},{"ancestorTitles":["MessageQueue","Error Handling and Edge Cases"],"duration":3,"failureDetails":[],"failureMessages":[],"fullName":"MessageQueue Error Handling and Edge Cases should handle event handler errors during processing","invocations":1,"location":null,"numPassingAsserts":2,"retryReasons":[],"status":"passed","title":"should handle event handler errors during processing"},{"ancestorTitles":["MessageQueue","Error Handling and Edge Cases"],"duration":43,"failureDetails":[],"failureMessages":[],"fullName":"MessageQueue Error Handling and Edge Cases should handle multiple concurrent retries","invocations":1,"location":null,"numPassingAsserts":2,"retryReasons":[],"status":"passed","title":"should handle multiple concurrent retries"},{"ancestorTitles":["MessageQueue","Error Handling and Edge Cases"],"duration":2,"failureDetails":[],"failureMessages":[],"fullName":"MessageQueue Error Handling and Edge Cases should properly clean up resources after errors","invocations":1,"location":null,"numPassingAsserts":4,"retryReasons":[],"status":"passed","title":"should properly clean up resources after errors"},{"ancestorTitles":["MessageQueue","Error Handling and Edge Cases"],"duration":15,"failureDetails":[],"failureMessages":[],"fullName":"MessageQueue Error Handling and Edge Cases should handle event handler registration edge cases","invocations":1,"location":null,"numPassingAsserts":3,"retryReasons":[],"status":"passed","title":"should handle event handler registration edge cases"},{"ancestorTitles":["MessageQueue","Error Handling and Edge Cases"],"duration":2,"failureDetails":[],"failureMessages":[],"fullName":"MessageQueue Error Handling and Edge Cases should safely process empty queue","invocations":1,"location":null,"numPassingAsserts":2,"retryReasons":[],"status":"passed","title":"should safely process empty queue"},{"ancestorTitles":["MessageQueue","Error Handling and Edge Cases"],"duration":14,"failureDetails":[],"failureMessages":[],"fullName":"MessageQueue Error Handling and Edge Cases should handle event handler error propagation","invocations":1,"location":null,"numPassingAsserts":2,"retryReasons":[],"status":"passed","title":"should handle event handler error propagation"},{"ancestorTitles":["MessageQueue","Error Handling and Edge Cases"],"duration":2,"failureDetails":[],"failureMessages":[],"fullName":"MessageQueue Error Handling and Edge Cases should handle concurrent messages with different priorities","invocations":1,"location":null,"numPassingAsserts":1,"retryReasons":[],"status":"passed","title":"should handle concurrent messages with different priorities"},{"ancestorTitles":["MessageQueue","Error Handling and Edge Cases"],"duration":2,"failureDetails":[],"failureMessages":[],"fullName":"MessageQueue Error Handling and Edge Cases should handle event handler removal","invocations":1,"location":null,"numPassingAsserts":1,"retryReasons":[],"status":"passed","title":"should handle event handler removal"},{"ancestorTitles":["MessageQueue","Error Handling and Edge Cases"],"duration":120007,"failureDetails":[{"message":"thrown: \"Exceeded timeout of 120000 ms for a test.\nAdd a timeout value to this test to increase the timeout, if this is a long-running test. See https://jestjs.io/docs/api#testname-fn-timeout.\""}],"failureMessages":["Error: thrown: \"Exceeded timeout of 120000 ms for a test.\nAdd a timeout value to this test to increase the timeout, if this is a long-running test. See https://jestjs.io/docs/api#testname-fn-timeout.\"\n    at /opt/mExpress/src/git-workflow-automation/tests/unit/core/message-queue/message-queue.test.js:419:9\n    at _dispatchDescribe (/opt/mExpress/src/git-workflow-automation/node_modules/jest-circus/build/index.js:91:26)\n    at describe (/opt/mExpress/src/git-workflow-automation/node_modules/jest-circus/build/index.js:55:5)\n    at /opt/mExpress/src/git-workflow-automation/tests/unit/core/message-queue/message-queue.test.js:161:5\n    at _dispatchDescribe (/opt/mExpress/src/git-workflow-automation/node_modules/jest-circus/build/index.js:91:26)\n    at describe (/opt/mExpress/src/git-workflow-automation/node_modules/jest-circus/build/index.js:55:5)\n    at Object.<anonymous> (/opt/mExpress/src/git-workflow-automation/tests/unit/core/message-queue/message-queue.test.js:7:1)\n    at Runtime._execModule (/opt/mExpress/src/git-workflow-automation/node_modules/jest-runtime/build/index.js:1439:24)\n    at Runtime._loadModule (/opt/mExpress/src/git-workflow-automation/node_modules/jest-runtime/build/index.js:1022:12)\n    at Runtime.requireModule (/opt/mExpress/src/git-workflow-automation/node_modules/jest-runtime/build/index.js:882:12)\n    at jestAdapter (/opt/mExpress/src/git-workflow-automation/node_modules/jest-circus/build/legacy-code-todo-rewrite/jestAdapter.js:77:13)\n    at processTicksAndRejections (node:internal/process/task_queues:95:5)\n    at runTestInternal (/opt/mExpress/src/git-workflow-automation/node_modules/jest-runner/build/runTest.js:367:16)\n    at runTest (/opt/mExpress/src/git-workflow-automation/node_modules/jest-runner/build/runTest.js:444:34)\n    at Object.worker (/opt/mExpress/src/git-workflow-automation/node_modules/jest-runner/build/testWorker.js:106:12)"],"fullName":"MessageQueue Error Handling and Edge Cases should handle retry delays in production mode","invocations":1,"location":null,"numPassingAsserts":0,"retryReasons":[],"status":"failed","title":"should handle retry delays in production mode"},{"ancestorTitles":["MessageQueue","Error Handling and Edge Cases"],"duration":16,"failureDetails":[{"matcherResult":{"expected":5000,"message":"\u001b[2mexpect(\u001b[22m\u001b[31mreceived\u001b[39m\u001b[2m).\u001b[22mtoBe\u001b[2m(\u001b[22m\u001b[32mexpected\u001b[39m\u001b[2m) // Object.is equality\u001b[22m\n\nExpected: \u001b[32m5000\u001b[39m\nReceived: \u001b[31mundefined\u001b[39m","name":"toBe","pass":false}}],"failureMessages":["Error: \u001b[2mexpect(\u001b[22m\u001b[31mreceived\u001b[39m\u001b[2m).\u001b[22mtoBe\u001b[2m(\u001b[22m\u001b[32mexpected\u001b[39m\u001b[2m) // Object.is equality\u001b[22m\n\nExpected: \u001b[32m5000\u001b[39m\nReceived: \u001b[31mundefined\u001b[39m\n    at Object.<anonymous> (/opt/mExpress/src/git-workflow-automation/tests/unit/core/message-queue/message-queue.test.js:510:47)\n    at processTicksAndRejections (node:internal/process/task_queues:95:5)"],"fullName":"MessageQueue Error Handling and Edge Cases should handle retry mechanism and delay selection","invocations":1,"location":null,"numPassingAsserts":2,"retryReasons":[],"status":"failed","title":"should handle retry mechanism and delay selection"}],"endTime":1739071717122,"message":"\u001b[1m\u001b[31m  \u001b[1m● \u001b[22m\u001b[1mMessageQueue › Error Handling and Edge Cases › should handle retry delays in production mode\u001b[39m\u001b[22m\n\n    thrown: \"Exceeded timeout of 120000 ms for a test.\n    Add a timeout value to this test to increase the timeout, if this is a long-running test. See https://jestjs.io/docs/api#testname-fn-timeout.\"\n\u001b[2m\u001b[22m\n\u001b[2m    \u001b[0m \u001b[90m 417 |\u001b[39m         })\u001b[33m;\u001b[39m\u001b[22m\n\u001b[2m     \u001b[90m 418 |\u001b[39m\u001b[22m\n\u001b[2m    \u001b[31m\u001b[1m>\u001b[22m\u001b[2m\u001b[39m\u001b[90m 419 |\u001b[39m         test(\u001b[32m'should handle retry delays in production mode'\u001b[39m\u001b[33m,\u001b[39m \u001b[36masync\u001b[39m () \u001b[33m=>\u001b[39m {\u001b[22m\n\u001b[2m     \u001b[90m     |\u001b[39m         \u001b[31m\u001b[1m^\u001b[22m\u001b[2m\u001b[39m\u001b[22m\n\u001b[2m     \u001b[90m 420 |\u001b[39m             \u001b[36mconst\u001b[39m originalEnv \u001b[33m=\u001b[39m process\u001b[33m.\u001b[39menv\u001b[33m.\u001b[39m\u001b[33mNODE_ENV\u001b[39m\u001b[33m;\u001b[39m\u001b[22m\n\u001b[2m     \u001b[90m 421 |\u001b[39m             process\u001b[33m.\u001b[39menv\u001b[33m.\u001b[39m\u001b[33mNODE_ENV\u001b[39m \u001b[33m=\u001b[39m \u001b[32m'production'\u001b[39m\u001b[33m;\u001b[39m\u001b[22m\n\u001b[2m     \u001b[90m 422 |\u001b[39m\u001b[0m\u001b[22m\n\u001b[2m\u001b[22m\n\u001b[2m      \u001b[2mat \u001b[22m\u001b[2m\u001b[0m\u001b[36mtests/unit/core/message-queue/message-queue.test.js\u001b[39m\u001b[0m\u001b[2m:419:9\u001b[22m\u001b[2m\u001b[22m\n\u001b[2m      \u001b[2mat \u001b[22m\u001b[2m\u001b[0m\u001b[36mtests/unit/core/message-queue/message-queue.test.js\u001b[39m\u001b[0m\u001b[2m:161:5\u001b[22m\u001b[2m\u001b[22m\n\u001b[2m      \u001b[2mat Object.<anonymous> (\u001b[22m\u001b[2m\u001b[0m\u001b[36mtests/unit/core/message-queue/message-queue.test.js\u001b[39m\u001b[0m\u001b[2m:7:1)\u001b[22m\u001b[2m\u001b[22m\n\n\u001b[1m\u001b[31m  \u001b[1m● \u001b[22m\u001b[1mMessageQueue › Error Handling and Edge Cases › should handle retry mechanism and delay selection\u001b[39m\u001b[22m\n\n    \u001b[2mexpect(\u001b[22m\u001b[31mreceived\u001b[39m\u001b[2m).\u001b[22mtoBe\u001b[2m(\u001b[22m\u001b[32mexpected\u001b[39m\u001b[2m) // Object.is equality\u001b[22m\n\n    Expected: \u001b[32m5000\u001b[39m\n    Received: \u001b[31mundefined\u001b[39m\n\u001b[2m\u001b[22m\n\u001b[2m    \u001b[0m \u001b[90m 508 |\u001b[39m\u001b[22m\n\u001b[2m     \u001b[90m 509 |\u001b[39m             \u001b[90m// Verify delays and events\u001b[39m\u001b[22m\n\u001b[2m    \u001b[31m\u001b[1m>\u001b[22m\u001b[2m\u001b[39m\u001b[90m 510 |\u001b[39m             expect(delays[delays\u001b[33m.\u001b[39mlength \u001b[33m-\u001b[39m \u001b[35m1\u001b[39m])\u001b[33m.\u001b[39mtoBe(messageQueue\u001b[33m.\u001b[39mretryDelays[messageQueue\u001b[33m.\u001b[39mretryDelays\u001b[33m.\u001b[39mlength \u001b[33m-\u001b[39m \u001b[35m1\u001b[39m])\u001b[33m;\u001b[39m\u001b[22m\n\u001b[2m     \u001b[90m     |\u001b[39m                                               \u001b[31m\u001b[1m^\u001b[22m\u001b[2m\u001b[39m\u001b[22m\n\u001b[2m     \u001b[90m 511 |\u001b[39m             expect(events)\u001b[33m.\u001b[39mtoContain(\u001b[32m'retry'\u001b[39m)\u001b[33m;\u001b[39m\u001b[22m\n\u001b[2m     \u001b[90m 512 |\u001b[39m\u001b[22m\n\u001b[2m     \u001b[90m 513 |\u001b[39m             \u001b[90m// Test event emission for non-existent event\u001b[39m\u001b[0m\u001b[22m\n\u001b[2m\u001b[22m\n\u001b[2m      \u001b[2mat Object.<anonymous> (\u001b[22m\u001b[2m\u001b[0m\u001b[36mtests/unit/core/message-queue/message-queue.test.js\u001b[39m\u001b[0m\u001b[2m:510:47)\u001b[22m\u001b[2m\u001b[22m\n","name":"/opt/mExpress/src/git-workflow-automation/tests/unit/core/message-queue/message-queue.test.js","startTime":1739071587413,"status":"failed","summary":""}],"wasInterrupted":false}
