{"numFailedTestSuites":0,"numFailedTests":0,"numPassedTestSuites":10,"numPassedTests":156,"numPendingTestSuites":0,"numPendingTests":0,"numRuntimeErrorTestSuites":0,"numTodoTests":0,"numTotalTestSuites":10,"numTotalTests":156,"openHandles":[],"snapshot":{"added":0,"didUpdate":false,"failure":false,"filesAdded":0,"filesRemoved":0,"filesRemovedList":[],"filesUnmatched":0,"filesUpdated":0,"matched":0,"total":0,"unchecked":0,"uncheckedKeysByFile":[],"unmatched":0,"updated":0},"startTime":1738911088633,"success":true,"testResults":[{"assertionResults":[{"ancestorTitles":["MetricsCollector","recordMetric"],"duration":12,"failureDetails":[],"failureMessages":[],"fullName":"MetricsCollector recordMetric should record a metric with timestamp","invocations":1,"location":null,"numPassingAsserts":2,"retryReasons":[],"status":"passed","title":"should record a metric with timestamp"},{"ancestorTitles":["MetricsCollector","recordMetric"],"duration":2,"failureDetails":[],"failureMessages":[],"fullName":"MetricsCollector recordMetric should add timestamp if not provided","invocations":1,"location":null,"numPassingAsserts":1,"retryReasons":[],"status":"passed","title":"should add timestamp if not provided"},{"ancestorTitles":["MetricsCollector","recordMetric"],"duration":1,"failureDetails":[],"failureMessages":[],"fullName":"MetricsCollector recordMetric should record metrics with tags","invocations":1,"location":null,"numPassingAsserts":1,"retryReasons":[],"status":"passed","title":"should record metrics with tags"},{"ancestorTitles":["MetricsCollector","getMetrics"],"duration":2,"failureDetails":[],"failureMessages":[],"fullName":"MetricsCollector getMetrics should return all recorded metrics","invocations":1,"location":null,"numPassingAsserts":2,"retryReasons":[],"status":"passed","title":"should return all recorded metrics"},{"ancestorTitles":["MetricsCollector","getMetrics"],"duration":1,"failureDetails":[],"failureMessages":[],"fullName":"MetricsCollector getMetrics should return empty array when no metrics recorded","invocations":1,"location":null,"numPassingAsserts":1,"retryReasons":[],"status":"passed","title":"should return empty array when no metrics recorded"},{"ancestorTitles":["MetricsCollector","clearMetrics"],"duration":2,"failureDetails":[],"failureMessages":[],"fullName":"MetricsCollector clearMetrics should clear all recorded metrics","invocations":1,"location":null,"numPassingAsserts":2,"retryReasons":[],"status":"passed","title":"should clear all recorded metrics"},{"ancestorTitles":["MetricsCollector","getAverageValue"],"duration":1,"failureDetails":[],"failureMessages":[],"fullName":"MetricsCollector getAverageValue should calculate average for specified metric","invocations":1,"location":null,"numPassingAsserts":1,"retryReasons":[],"status":"passed","title":"should calculate average for specified metric"},{"ancestorTitles":["MetricsCollector","getAverageValue"],"duration":1,"failureDetails":[],"failureMessages":[],"fullName":"MetricsCollector getAverageValue should return 0 when no metrics found","invocations":1,"location":null,"numPassingAsserts":1,"retryReasons":[],"status":"passed","title":"should return 0 when no metrics found"},{"ancestorTitles":["MetricsCollector","getLatestValue"],"duration":1,"failureDetails":[],"failureMessages":[],"fullName":"MetricsCollector getLatestValue should return latest value for specified metric","invocations":1,"location":null,"numPassingAsserts":1,"retryReasons":[],"status":"passed","title":"should return latest value for specified metric"},{"ancestorTitles":["MetricsCollector","getLatestValue"],"duration":1,"failureDetails":[],"failureMessages":[],"fullName":"MetricsCollector getLatestValue should return null when no metrics found","invocations":1,"location":null,"numPassingAsserts":1,"retryReasons":[],"status":"passed","title":"should return null when no metrics found"}],"endTime":1738911092827,"message":"","name":"/opt/mExpress/src/utils/__tests__/monitoring.test.ts","startTime":1738911090282,"status":"passed","summary":""},{"assertionResults":[{"ancestorTitles":["Logger","info"],"duration":19,"failureDetails":[],"failureMessages":[],"fullName":"Logger info should log info message","invocations":1,"location":null,"numPassingAsserts":1,"retryReasons":[],"status":"passed","title":"should log info message"},{"ancestorTitles":["Logger","info"],"duration":3,"failureDetails":[],"failureMessages":[],"fullName":"Logger info should handle additional arguments","invocations":1,"location":null,"numPassingAsserts":2,"retryReasons":[],"status":"passed","title":"should handle additional arguments"},{"ancestorTitles":["Logger","error"],"duration":27,"failureDetails":[],"failureMessages":[],"fullName":"Logger error should log error message","invocations":1,"location":null,"numPassingAsserts":2,"retryReasons":[],"status":"passed","title":"should log error message"},{"ancestorTitles":["Logger","error"],"duration":4,"failureDetails":[],"failureMessages":[],"fullName":"Logger error should handle string error messages","invocations":1,"location":null,"numPassingAsserts":1,"retryReasons":[],"status":"passed","title":"should handle string error messages"},{"ancestorTitles":["Logger","error"],"duration":3,"failureDetails":[],"failureMessages":[],"fullName":"Logger error should handle additional arguments","invocations":1,"location":null,"numPassingAsserts":2,"retryReasons":[],"status":"passed","title":"should handle additional arguments"},{"ancestorTitles":["Logger","warn"],"duration":2,"failureDetails":[],"failureMessages":[],"fullName":"Logger warn should log warning message","invocations":1,"location":null,"numPassingAsserts":1,"retryReasons":[],"status":"passed","title":"should log warning message"},{"ancestorTitles":["Logger","warn"],"duration":3,"failureDetails":[],"failureMessages":[],"fullName":"Logger warn should handle additional arguments","invocations":1,"location":null,"numPassingAsserts":2,"retryReasons":[],"status":"passed","title":"should handle additional arguments"},{"ancestorTitles":["Logger","debug"],"duration":1,"failureDetails":[],"failureMessages":[],"fullName":"Logger debug should log debug message when DEBUG env is true","invocations":1,"location":null,"numPassingAsserts":1,"retryReasons":[],"status":"passed","title":"should log debug message when DEBUG env is true"},{"ancestorTitles":["Logger","debug"],"duration":2,"failureDetails":[],"failureMessages":[],"fullName":"Logger debug should not log debug message when DEBUG env is not set","invocations":1,"location":null,"numPassingAsserts":1,"retryReasons":[],"status":"passed","title":"should not log debug message when DEBUG env is not set"},{"ancestorTitles":["Logger","debug"],"duration":12,"failureDetails":[],"failureMessages":[],"fullName":"Logger debug should handle additional arguments when debug is enabled","invocations":1,"location":null,"numPassingAsserts":2,"retryReasons":[],"status":"passed","title":"should handle additional arguments when debug is enabled"}],"endTime":1738911092832,"message":"","name":"/opt/mExpress/src/utils/__tests__/logger.test.ts","startTime":1738911090116,"status":"passed","summary":""},{"assertionResults":[{"ancestorTitles":["Service Mesh Infrastructure","Configuration"],"duration":17,"failureDetails":[],"failureMessages":[],"fullName":"Service Mesh Infrastructure Configuration should create valid service mesh config","invocations":1,"location":null,"numPassingAsserts":6,"retryReasons":[],"status":"passed","title":"should create valid service mesh config"},{"ancestorTitles":["Service Mesh Infrastructure","Configuration"],"duration":41,"failureDetails":[],"failureMessages":[],"fullName":"Service Mesh Infrastructure Configuration should throw error for invalid config","invocations":1,"location":null,"numPassingAsserts":1,"retryReasons":[],"status":"passed","title":"should throw error for invalid config"},{"ancestorTitles":["Service Mesh Infrastructure","Istio Client"],"duration":17,"failureDetails":[],"failureMessages":[],"fullName":"Service Mesh Infrastructure Istio Client should deploy control plane successfully","invocations":1,"location":null,"numPassingAsserts":3,"retryReasons":[],"status":"passed","title":"should deploy control plane successfully"},{"ancestorTitles":["Service Mesh Infrastructure","Istio Client"],"duration":2,"failureDetails":[],"failureMessages":[],"fullName":"Service Mesh Infrastructure Istio Client should configure traffic management","invocations":1,"location":null,"numPassingAsserts":2,"retryReasons":[],"status":"passed","title":"should configure traffic management"},{"ancestorTitles":["Service Mesh Infrastructure","Istio Client"],"duration":35,"failureDetails":[],"failureMessages":[],"fullName":"Service Mesh Infrastructure Istio Client should enable tracing with sampling","invocations":1,"location":null,"numPassingAsserts":3,"retryReasons":[],"status":"passed","title":"should enable tracing with sampling"},{"ancestorTitles":["Service Mesh Infrastructure","Istio Client"],"duration":2,"failureDetails":[],"failureMessages":[],"fullName":"Service Mesh Infrastructure Istio Client should run end-to-end tests successfully","invocations":1,"location":null,"numPassingAsserts":5,"retryReasons":[],"status":"passed","title":"should run end-to-end tests successfully"}],"endTime":1738911093154,"message":"","name":"/opt/mExpress/src/tests/infrastructure/service-mesh.test.ts","startTime":1738911090385,"status":"passed","summary":""},{"assertionResults":[{"ancestorTitles":["Environment","Basic Configuration"],"duration":11,"failureDetails":[],"failureMessages":[],"fullName":"Environment Basic Configuration should correctly initialize with config","invocations":1,"location":null,"numPassingAsserts":3,"retryReasons":[],"status":"passed","title":"should correctly initialize with config"},{"ancestorTitles":["Environment","Basic Configuration"],"duration":3,"failureDetails":[],"failureMessages":[],"fullName":"Environment Basic Configuration should return complete configuration","invocations":1,"location":null,"numPassingAsserts":1,"retryReasons":[],"status":"passed","title":"should return complete configuration"},{"ancestorTitles":["Environment","Basic Configuration"],"duration":1,"failureDetails":[],"failureMessages":[],"fullName":"Environment Basic Configuration should create deep copy of services","invocations":1,"location":null,"numPassingAsserts":1,"retryReasons":[],"status":"passed","title":"should create deep copy of services"},{"ancestorTitles":["Environment","Environment Validation"],"duration":38,"failureDetails":[],"failureMessages":[],"fullName":"Environment Environment Validation should throw error for missing environment","invocations":1,"location":null,"numPassingAsserts":1,"retryReasons":[],"status":"passed","title":"should throw error for missing environment"},{"ancestorTitles":["Environment","Environment Validation"],"duration":2,"failureDetails":[],"failureMessages":[],"fullName":"Environment Environment Validation should throw error for invalid environment","invocations":1,"location":null,"numPassingAsserts":1,"retryReasons":[],"status":"passed","title":"should throw error for invalid environment"},{"ancestorTitles":["Environment","Environment Validation"],"duration":4,"failureDetails":[],"failureMessages":[],"fullName":"Environment Environment Validation should throw error for invalid log level","invocations":1,"location":null,"numPassingAsserts":1,"retryReasons":[],"status":"passed","title":"should throw error for invalid log level"},{"ancestorTitles":["Environment","Default Values"],"duration":2,"failureDetails":[],"failureMessages":[],"fullName":"Environment Default Values should set debug based on environment","invocations":1,"location":null,"numPassingAsserts":2,"retryReasons":[],"status":"passed","title":"should set debug based on environment"},{"ancestorTitles":["Environment","Default Values"],"duration":1,"failureDetails":[],"failureMessages":[],"fullName":"Environment Default Values should set log level based on environment","invocations":1,"location":null,"numPassingAsserts":2,"retryReasons":[],"status":"passed","title":"should set log level based on environment"},{"ancestorTitles":["Environment","Default Values"],"duration":1,"failureDetails":[],"failureMessages":[],"fullName":"Environment Default Values should use default service settings","invocations":1,"location":null,"numPassingAsserts":1,"retryReasons":[],"status":"passed","title":"should use default service settings"},{"ancestorTitles":["Environment","Service Configuration"],"duration":2,"failureDetails":[],"failureMessages":[],"fullName":"Environment Service Configuration should throw error for missing service URL","invocations":1,"location":null,"numPassingAsserts":1,"retryReasons":[],"status":"passed","title":"should throw error for missing service URL"},{"ancestorTitles":["Environment","Service Configuration"],"duration":14,"failureDetails":[],"failureMessages":[],"fullName":"Environment Service Configuration should throw error for invalid timeout","invocations":1,"location":null,"numPassingAsserts":1,"retryReasons":[],"status":"passed","title":"should throw error for invalid timeout"},{"ancestorTitles":["Environment","Service Configuration"],"duration":2,"failureDetails":[],"failureMessages":[],"fullName":"Environment Service Configuration should throw error for invalid retries","invocations":1,"location":null,"numPassingAsserts":1,"retryReasons":[],"status":"passed","title":"should throw error for invalid retries"},{"ancestorTitles":["Environment","Service Configuration"],"duration":1,"failureDetails":[],"failureMessages":[],"fullName":"Environment Service Configuration should get all services","invocations":1,"location":null,"numPassingAsserts":2,"retryReasons":[],"status":"passed","title":"should get all services"},{"ancestorTitles":["Environment","Service Configuration"],"duration":1,"failureDetails":[],"failureMessages":[],"fullName":"Environment Service Configuration should handle missing service","invocations":1,"location":null,"numPassingAsserts":1,"retryReasons":[],"status":"passed","title":"should handle missing service"}],"endTime":1738911093251,"message":"","name":"/opt/mExpress/src/__tests__/lib/environment.test.ts","startTime":1738911090642,"status":"passed","summary":""},{"assertionResults":[{"ancestorTitles":["ServiceMeshConfig","Basic Configuration"],"duration":3,"failureDetails":[],"failureMessages":[],"fullName":"ServiceMeshConfig Basic Configuration should correctly initialize with options","invocations":1,"location":null,"numPassingAsserts":6,"retryReasons":[],"status":"passed","title":"should correctly initialize with options"},{"ancestorTitles":["ServiceMeshConfig","Basic Configuration"],"duration":1,"failureDetails":[],"failureMessages":[],"fullName":"ServiceMeshConfig Basic Configuration should return complete configuration","invocations":1,"location":null,"numPassingAsserts":1,"retryReasons":[],"status":"passed","title":"should return complete configuration"},{"ancestorTitles":["ServiceMeshConfig","Basic Configuration"],"duration":25,"failureDetails":[],"failureMessages":[],"fullName":"ServiceMeshConfig Basic Configuration should create deep copy of monitoring and security settings","invocations":1,"location":null,"numPassingAsserts":2,"retryReasons":[],"status":"passed","title":"should create deep copy of monitoring and security settings"},{"ancestorTitles":["ServiceMeshConfig","Validation"],"duration":45,"failureDetails":[],"failureMessages":[],"fullName":"ServiceMeshConfig Validation should throw error for missing namespace","invocations":1,"location":null,"numPassingAsserts":1,"retryReasons":[],"status":"passed","title":"should throw error for missing namespace"},{"ancestorTitles":["ServiceMeshConfig","Validation"],"duration":4,"failureDetails":[],"failureMessages":[],"fullName":"ServiceMeshConfig Validation should throw error for missing version","invocations":1,"location":null,"numPassingAsserts":1,"retryReasons":[],"status":"passed","title":"should throw error for missing version"},{"ancestorTitles":["ServiceMeshConfig","Validation"],"duration":6,"failureDetails":[],"failureMessages":[],"fullName":"ServiceMeshConfig Validation should throw error for invalid monitoring config","invocations":1,"location":null,"numPassingAsserts":1,"retryReasons":[],"status":"passed","title":"should throw error for invalid monitoring config"},{"ancestorTitles":["ServiceMeshConfig","Validation"],"duration":4,"failureDetails":[],"failureMessages":[],"fullName":"ServiceMeshConfig Validation should throw error for invalid security config","invocations":1,"location":null,"numPassingAsserts":1,"retryReasons":[],"status":"passed","title":"should throw error for invalid security config"},{"ancestorTitles":["ServiceMeshConfig","Default Values"],"duration":18,"failureDetails":[],"failureMessages":[],"fullName":"ServiceMeshConfig Default Values should use default monitoring values if not provided","invocations":1,"location":null,"numPassingAsserts":2,"retryReasons":[],"status":"passed","title":"should use default monitoring values if not provided"},{"ancestorTitles":["ServiceMeshConfig","Default Values"],"duration":1,"failureDetails":[],"failureMessages":[],"fullName":"ServiceMeshConfig Default Values should use default security values if not provided","invocations":1,"location":null,"numPassingAsserts":2,"retryReasons":[],"status":"passed","title":"should use default security values if not provided"}],"endTime":1738911093290,"message":"","name":"/opt/mExpress/src/__tests__/lib/config.test.ts","startTime":1738911092859,"status":"passed","summary":""},{"assertionResults":[{"ancestorTitles":["Module Check","Test Environment"],"duration":18,"failureDetails":[],"failureMessages":[],"fullName":"Module Check Test Environment should identify test main module by ID pattern","invocations":1,"location":null,"numPassingAsserts":1,"retryReasons":[],"status":"passed","title":"should identify test main module by ID pattern"},{"ancestorTitles":["Module Check","Test Environment"],"duration":4,"failureDetails":[],"failureMessages":[],"fullName":"Module Check Test Environment should handle Windows-style paths in test","invocations":1,"location":null,"numPassingAsserts":1,"retryReasons":[],"status":"passed","title":"should handle Windows-style paths in test"},{"ancestorTitles":["Module Check","Test Environment"],"duration":3,"failureDetails":[],"failureMessages":[],"fullName":"Module Check Test Environment should handle paths with .js extension in test","invocations":1,"location":null,"numPassingAsserts":1,"retryReasons":[],"status":"passed","title":"should handle paths with .js extension in test"},{"ancestorTitles":["Module Check","Test Environment"],"duration":17,"failureDetails":[],"failureMessages":[],"fullName":"Module Check Test Environment should handle paths with duplicate slashes in test","invocations":1,"location":null,"numPassingAsserts":1,"retryReasons":[],"status":"passed","title":"should handle paths with duplicate slashes in test"},{"ancestorTitles":["Module Check","Test Environment"],"duration":2,"failureDetails":[],"failureMessages":[],"fullName":"Module Check Test Environment should handle paths with trailing slash in test","invocations":1,"location":null,"numPassingAsserts":1,"retryReasons":[],"status":"passed","title":"should handle paths with trailing slash in test"},{"ancestorTitles":["Module Check","Test Environment"],"duration":18,"failureDetails":[],"failureMessages":[],"fullName":"Module Check Test Environment should handle paths without leading slash in test","invocations":1,"location":null,"numPassingAsserts":1,"retryReasons":[],"status":"passed","title":"should handle paths without leading slash in test"},{"ancestorTitles":["Module Check","Production Environment"],"duration":7,"failureDetails":[],"failureMessages":[],"fullName":"Module Check Production Environment should identify main module by direct instance","invocations":1,"location":null,"numPassingAsserts":1,"retryReasons":[],"status":"passed","title":"should identify main module by direct instance"},{"ancestorTitles":["Module Check","Production Environment"],"duration":2,"failureDetails":[],"failureMessages":[],"fullName":"Module Check Production Environment should identify main module by matching ID","invocations":1,"location":null,"numPassingAsserts":1,"retryReasons":[],"status":"passed","title":"should identify main module by matching ID"},{"ancestorTitles":["Module Check","Production Environment"],"duration":3,"failureDetails":[],"failureMessages":[],"fullName":"Module Check Production Environment should identify main module by matching filename when IDs differ","invocations":1,"location":null,"numPassingAsserts":1,"retryReasons":[],"status":"passed","title":"should identify main module by matching filename when IDs differ"},{"ancestorTitles":["Module Check","Production Environment"],"duration":12,"failureDetails":[],"failureMessages":[],"fullName":"Module Check Production Environment should handle Windows-style paths in production","invocations":1,"location":null,"numPassingAsserts":1,"retryReasons":[],"status":"passed","title":"should handle Windows-style paths in production"},{"ancestorTitles":["Module Check","Production Environment"],"duration":3,"failureDetails":[],"failureMessages":[],"fullName":"Module Check Production Environment should handle paths with duplicate slashes in production","invocations":1,"location":null,"numPassingAsserts":1,"retryReasons":[],"status":"passed","title":"should handle paths with duplicate slashes in production"},{"ancestorTitles":["Module Check","Production Environment"],"duration":2,"failureDetails":[],"failureMessages":[],"fullName":"Module Check Production Environment should handle paths with trailing slash in production","invocations":1,"location":null,"numPassingAsserts":1,"retryReasons":[],"status":"passed","title":"should handle paths with trailing slash in production"},{"ancestorTitles":["Module Check","Production Environment"],"duration":9,"failureDetails":[],"failureMessages":[],"fullName":"Module Check Production Environment should handle paths without leading slash in production","invocations":1,"location":null,"numPassingAsserts":1,"retryReasons":[],"status":"passed","title":"should handle paths without leading slash in production"},{"ancestorTitles":["Module Check","Production Environment"],"duration":1,"failureDetails":[],"failureMessages":[],"fullName":"Module Check Production Environment should handle missing IDs but matching filenames","invocations":1,"location":null,"numPassingAsserts":1,"retryReasons":[],"status":"passed","title":"should handle missing IDs but matching filenames"},{"ancestorTitles":["Module Check","Production Environment"],"duration":34,"failureDetails":[],"failureMessages":[],"fullName":"Module Check Production Environment should handle missing filenames","invocations":1,"location":null,"numPassingAsserts":1,"retryReasons":[],"status":"passed","title":"should handle missing filenames"},{"ancestorTitles":["Module Check","Production Environment"],"duration":2,"failureDetails":[],"failureMessages":[],"fullName":"Module Check Production Environment should return false when no matching criteria","invocations":1,"location":null,"numPassingAsserts":1,"retryReasons":[],"status":"passed","title":"should return false when no matching criteria"},{"ancestorTitles":["Module Check","Edge Cases"],"duration":6,"failureDetails":[],"failureMessages":[],"fullName":"Module Check Edge Cases should normalize empty id to empty string","invocations":1,"location":null,"numPassingAsserts":1,"retryReasons":[],"status":"passed","title":"should normalize empty id to empty string"},{"ancestorTitles":["Module Check","Edge Cases"],"duration":2,"failureDetails":[],"failureMessages":[],"fullName":"Module Check Edge Cases should handle cross-comparison between id and filename","invocations":1,"location":null,"numPassingAsserts":1,"retryReasons":[],"status":"passed","title":"should handle cross-comparison between id and filename"},{"ancestorTitles":["Module Check","Edge Cases"],"duration":1,"failureDetails":[],"failureMessages":[],"fullName":"Module Check Edge Cases should handle undefined module","invocations":1,"location":null,"numPassingAsserts":1,"retryReasons":[],"status":"passed","title":"should handle undefined module"},{"ancestorTitles":["Module Check","Edge Cases"],"duration":2,"failureDetails":[],"failureMessages":[],"fullName":"Module Check Edge Cases should handle undefined require.main","invocations":1,"location":null,"numPassingAsserts":1,"retryReasons":[],"status":"passed","title":"should handle undefined require.main"},{"ancestorTitles":["Module Check","Edge Cases"],"duration":2,"failureDetails":[],"failureMessages":[],"fullName":"Module Check Edge Cases should handle module with empty properties","invocations":1,"location":null,"numPassingAsserts":1,"retryReasons":[],"status":"passed","title":"should handle module with empty properties"},{"ancestorTitles":["Module Check","Edge Cases"],"duration":2,"failureDetails":[],"failureMessages":[],"fullName":"Module Check Edge Cases should handle module with non-normalized path","invocations":1,"location":null,"numPassingAsserts":1,"retryReasons":[],"status":"passed","title":"should handle module with non-normalized path"}],"endTime":1738911093608,"message":"","name":"/opt/mExpress/src/utils/__tests__/moduleCheck.test.ts","startTime":1738911090412,"status":"passed","summary":""},{"assertionResults":[{"ancestorTitles":["Service Mesh Infrastructure","Istio Deployment"],"duration":4,"failureDetails":[],"failureMessages":[],"fullName":"Service Mesh Infrastructure Istio Deployment should deploy Istio control plane","invocations":1,"location":null,"numPassingAsserts":3,"retryReasons":[],"status":"passed","title":"should deploy Istio control plane"},{"ancestorTitles":["Service Mesh Infrastructure","Istio Deployment"],"duration":2,"failureDetails":[],"failureMessages":[],"fullName":"Service Mesh Infrastructure Istio Deployment should configure traffic management","invocations":1,"location":null,"numPassingAsserts":2,"retryReasons":[],"status":"passed","title":"should configure traffic management"},{"ancestorTitles":["Service Mesh Infrastructure","Istio Deployment"],"duration":1,"failureDetails":[],"failureMessages":[],"fullName":"Service Mesh Infrastructure Istio Deployment should enable distributed tracing","invocations":1,"location":null,"numPassingAsserts":3,"retryReasons":[],"status":"passed","title":"should enable distributed tracing"},{"ancestorTitles":["Service Mesh Infrastructure","Monitoring Integration"],"duration":1,"failureDetails":[],"failureMessages":[],"fullName":"Service Mesh Infrastructure Monitoring Integration should configure metrics collection","invocations":1,"location":null,"numPassingAsserts":2,"retryReasons":[],"status":"passed","title":"should configure metrics collection"},{"ancestorTitles":["Service Mesh Infrastructure","Monitoring Integration"],"duration":1,"failureDetails":[],"failureMessages":[],"fullName":"Service Mesh Infrastructure Monitoring Integration should validate performance metrics","invocations":1,"location":null,"numPassingAsserts":2,"retryReasons":[],"status":"passed","title":"should validate performance metrics"},{"ancestorTitles":["Service Mesh Infrastructure","Security Configuration"],"duration":2,"failureDetails":[],"failureMessages":[],"fullName":"Service Mesh Infrastructure Security Configuration should enable mTLS","invocations":1,"location":null,"numPassingAsserts":2,"retryReasons":[],"status":"passed","title":"should enable mTLS"},{"ancestorTitles":["Service Mesh Infrastructure","Security Configuration"],"duration":14,"failureDetails":[],"failureMessages":[],"fullName":"Service Mesh Infrastructure Security Configuration should configure authorization policies","invocations":1,"location":null,"numPassingAsserts":2,"retryReasons":[],"status":"passed","title":"should configure authorization policies"},{"ancestorTitles":["Service Mesh Infrastructure","Integration Tests"],"duration":1,"failureDetails":[],"failureMessages":[],"fullName":"Service Mesh Infrastructure Integration Tests should verify end-to-end service mesh setup","invocations":1,"location":null,"numPassingAsserts":5,"retryReasons":[],"status":"passed","title":"should verify end-to-end service mesh setup"}],"endTime":1738911093873,"message":"","name":"/opt/mExpress/src/__tests__/infrastructure/service-mesh.test.ts","startTime":1738911092885,"status":"passed","summary":""},{"assertionResults":[{"ancestorTitles":["Application Entry Point","bootstrap"],"duration":4,"failureDetails":[],"failureMessages":[],"fullName":"Application Entry Point bootstrap should log startup message","invocations":1,"location":null,"numPassingAsserts":1,"retryReasons":[],"status":"passed","title":"should log startup message"},{"ancestorTitles":["Application Entry Point","bootstrap"],"duration":3,"failureDetails":[],"failureMessages":[],"fullName":"Application Entry Point bootstrap should handle errors through handleBootstrapError","invocations":1,"location":null,"numPassingAsserts":2,"retryReasons":[],"status":"passed","title":"should handle errors through handleBootstrapError"},{"ancestorTitles":["Application Entry Point","handleBootstrapError"],"duration":2,"failureDetails":[],"failureMessages":[],"fullName":"Application Entry Point handleBootstrapError should log error and exit","invocations":1,"location":null,"numPassingAsserts":2,"retryReasons":[],"status":"passed","title":"should log error and exit"},{"ancestorTitles":["Application Entry Point","handleBootstrapError"],"duration":2,"failureDetails":[],"failureMessages":[],"fullName":"Application Entry Point handleBootstrapError should handle logging errors","invocations":1,"location":null,"numPassingAsserts":3,"retryReasons":[],"status":"passed","title":"should handle logging errors"},{"ancestorTitles":["Application Entry Point","initializeApp"],"duration":2,"failureDetails":[],"failureMessages":[],"fullName":"Application Entry Point initializeApp should run when forceMain is true","invocations":1,"location":null,"numPassingAsserts":1,"retryReasons":[],"status":"passed","title":"should run when forceMain is true"},{"ancestorTitles":["Application Entry Point","initializeApp"],"duration":1,"failureDetails":[],"failureMessages":[],"fullName":"Application Entry Point initializeApp should not run when forceMain is false","invocations":1,"location":null,"numPassingAsserts":1,"retryReasons":[],"status":"passed","title":"should not run when forceMain is false"},{"ancestorTitles":["Application Entry Point","initializeApp"],"duration":1,"failureDetails":[],"failureMessages":[],"fullName":"Application Entry Point initializeApp should run when isMainModule returns true","invocations":1,"location":null,"numPassingAsserts":1,"retryReasons":[],"status":"passed","title":"should run when isMainModule returns true"},{"ancestorTitles":["Application Entry Point","initializeApp"],"duration":1,"failureDetails":[],"failureMessages":[],"fullName":"Application Entry Point initializeApp should not run when isMainModule returns false","invocations":1,"location":null,"numPassingAsserts":1,"retryReasons":[],"status":"passed","title":"should not run when isMainModule returns false"},{"ancestorTitles":["Application Entry Point","initializeApp"],"duration":1,"failureDetails":[],"failureMessages":[],"fullName":"Application Entry Point initializeApp should handle bootstrap errors","invocations":1,"location":null,"numPassingAsserts":2,"retryReasons":[],"status":"passed","title":"should handle bootstrap errors"},{"ancestorTitles":["Application Entry Point","initializeApp"],"duration":11,"failureDetails":[],"failureMessages":[],"fullName":"Application Entry Point initializeApp should initialize when loaded as main module","invocations":1,"location":null,"numPassingAsserts":1,"retryReasons":[],"status":"passed","title":"should initialize when loaded as main module"},{"ancestorTitles":["Application Entry Point","isMainModule"],"duration":2,"failureDetails":[],"failureMessages":[],"fullName":"Application Entry Point isMainModule should be re-exported from moduleCheck","invocations":1,"location":null,"numPassingAsserts":1,"retryReasons":[],"status":"passed","title":"should be re-exported from moduleCheck"}],"endTime":1738911094113,"message":"","name":"/opt/mExpress/src/__tests__/index.test.ts","startTime":1738911093334,"status":"passed","summary":""},{"assertionResults":[{"ancestorTitles":["Shell Application","createShellApp"],"duration":6,"failureDetails":[],"failureMessages":[],"fullName":"Shell Application createShellApp should initialize shell application with correct configuration","invocations":1,"location":null,"numPassingAsserts":4,"retryReasons":[],"status":"passed","title":"should initialize shell application with correct configuration"},{"ancestorTitles":["Shell Application","createShellApp"],"duration":33,"failureDetails":[],"failureMessages":[],"fullName":"Shell Application createShellApp should throw error if no remotes are configured","invocations":1,"location":null,"numPassingAsserts":1,"retryReasons":[],"status":"passed","title":"should throw error if no remotes are configured"},{"ancestorTitles":["Shell Application","createShellApp"],"duration":5,"failureDetails":[],"failureMessages":[],"fullName":"Shell Application createShellApp should mount application and remote modules successfully","invocations":1,"location":null,"numPassingAsserts":3,"retryReasons":[],"status":"passed","title":"should mount application and remote modules successfully"},{"ancestorTitles":["Shell Application","createShellApp"],"duration":4,"failureDetails":[],"failureMessages":[],"fullName":"Shell Application createShellApp should handle mount failures gracefully","invocations":1,"location":null,"numPassingAsserts":1,"retryReasons":[],"status":"passed","title":"should handle mount failures gracefully"},{"ancestorTitles":["Shell Application","createShellApp"],"duration":1,"failureDetails":[],"failureMessages":[],"fullName":"Shell Application createShellApp should handle modules without onStateChange","invocations":1,"location":null,"numPassingAsserts":1,"retryReasons":[],"status":"passed","title":"should handle modules without onStateChange"},{"ancestorTitles":["Shell Application","createShellApp"],"duration":2,"failureDetails":[],"failureMessages":[],"fullName":"Shell Application createShellApp should handle modules without unmount","invocations":1,"location":null,"numPassingAsserts":1,"retryReasons":[],"status":"passed","title":"should handle modules without unmount"},{"ancestorTitles":["Shell Application","createShellApp"],"duration":2,"failureDetails":[],"failureMessages":[],"fullName":"Shell Application createShellApp should unmount application and remote modules successfully","invocations":1,"location":null,"numPassingAsserts":1,"retryReasons":[],"status":"passed","title":"should unmount application and remote modules successfully"},{"ancestorTitles":["Shell Application","createShellApp"],"duration":1,"failureDetails":[],"failureMessages":[],"fullName":"Shell Application createShellApp should handle unmount failures gracefully","invocations":1,"location":null,"numPassingAsserts":1,"retryReasons":[],"status":"passed","title":"should handle unmount failures gracefully"},{"ancestorTitles":["Shell Application","createShellApp"],"duration":2,"failureDetails":[],"failureMessages":[],"fullName":"Shell Application createShellApp should handle non-Error unmount failures","invocations":1,"location":null,"numPassingAsserts":1,"retryReasons":[],"status":"passed","title":"should handle non-Error unmount failures"},{"ancestorTitles":["Shell Application","createShellApp"],"duration":12,"failureDetails":[],"failureMessages":[],"fullName":"Shell Application createShellApp should handle non-Error mount failures","invocations":1,"location":null,"numPassingAsserts":1,"retryReasons":[],"status":"passed","title":"should handle non-Error mount failures"},{"ancestorTitles":["Shell Application","createShellApp"],"duration":3,"failureDetails":[],"failureMessages":[],"fullName":"Shell Application createShellApp should set dark theme when system prefers dark mode","invocations":1,"location":null,"numPassingAsserts":1,"retryReasons":[],"status":"passed","title":"should set dark theme when system prefers dark mode"},{"ancestorTitles":["Shell Application","State Management"],"duration":1,"failureDetails":[],"failureMessages":[],"fullName":"Shell Application State Management should initialize global state with default values","invocations":1,"location":null,"numPassingAsserts":1,"retryReasons":[],"status":"passed","title":"should initialize global state with default values"},{"ancestorTitles":["Shell Application","State Management"],"duration":2,"failureDetails":[],"failureMessages":[],"fullName":"Shell Application State Management should notify modules of state changes","invocations":1,"location":null,"numPassingAsserts":1,"retryReasons":[],"status":"passed","title":"should notify modules of state changes"},{"ancestorTitles":["Shell Application","State Management"],"duration":1,"failureDetails":[],"failureMessages":[],"fullName":"Shell Application State Management should handle state subscriptions and unsubscribe","invocations":1,"location":null,"numPassingAsserts":2,"retryReasons":[],"status":"passed","title":"should handle state subscriptions and unsubscribe"},{"ancestorTitles":["Shell Application","State Management"],"duration":3,"failureDetails":[],"failureMessages":[],"fullName":"Shell Application State Management should handle notifications correctly","invocations":1,"location":null,"numPassingAsserts":3,"retryReasons":[],"status":"passed","title":"should handle notifications correctly"},{"ancestorTitles":["Shell Application","State Management"],"duration":2,"failureDetails":[],"failureMessages":[],"fullName":"Shell Application State Management should handle user state changes","invocations":1,"location":null,"numPassingAsserts":2,"retryReasons":[],"status":"passed","title":"should handle user state changes"},{"ancestorTitles":["Shell Application","State Management"],"duration":1,"failureDetails":[],"failureMessages":[],"fullName":"Shell Application State Management should handle theme changes","invocations":1,"location":null,"numPassingAsserts":2,"retryReasons":[],"status":"passed","title":"should handle theme changes"},{"ancestorTitles":["Shell Application","State Management"],"duration":2,"failureDetails":[],"failureMessages":[],"fullName":"Shell Application State Management should reset global state","invocations":1,"location":null,"numPassingAsserts":3,"retryReasons":[],"status":"passed","title":"should reset global state"}],"endTime":1738911094306,"message":"","name":"/opt/mExpress/src/__tests__/shell.test.ts","startTime":1738911093224,"status":"passed","summary":""},{"assertionResults":[{"ancestorTitles":["Federation System","Script Loading"],"duration":11,"failureDetails":[],"failureMessages":[],"fullName":"Federation System Script Loading should handle script loading success","invocations":1,"location":null,"numPassingAsserts":1,"retryReasons":[],"status":"passed","title":"should handle script loading success"},{"ancestorTitles":["Federation System","Script Loading"],"duration":76,"failureDetails":[],"failureMessages":[],"fullName":"Federation System Script Loading should handle script loading failure","invocations":1,"location":null,"numPassingAsserts":1,"retryReasons":[],"status":"passed","title":"should handle script loading failure"},{"ancestorTitles":["Federation System","Script Loading"],"duration":2,"failureDetails":[],"failureMessages":[],"fullName":"Federation System Script Loading should handle script creation failure","invocations":1,"location":null,"numPassingAsserts":1,"retryReasons":[],"status":"passed","title":"should handle script creation failure"},{"ancestorTitles":["Federation System","Script Loading"],"duration":2,"failureDetails":[],"failureMessages":[],"fullName":"Federation System Script Loading should handle script append failure","invocations":1,"location":null,"numPassingAsserts":1,"retryReasons":[],"status":"passed","title":"should handle script append failure"},{"ancestorTitles":["Federation System","Script Loading"],"duration":4,"failureDetails":[],"failureMessages":[],"fullName":"Federation System Script Loading should handle null script element","invocations":1,"location":null,"numPassingAsserts":1,"retryReasons":[],"status":"passed","title":"should handle null script element"},{"ancestorTitles":["Federation System","Script Loading"],"duration":2,"failureDetails":[],"failureMessages":[],"fullName":"Federation System Script Loading should handle empty URL","invocations":1,"location":null,"numPassingAsserts":1,"retryReasons":[],"status":"passed","title":"should handle empty URL"},{"ancestorTitles":["Federation System","Script Loading"],"duration":1,"failureDetails":[],"failureMessages":[],"fullName":"Federation System Script Loading should handle undefined URL","invocations":1,"location":null,"numPassingAsserts":1,"retryReasons":[],"status":"passed","title":"should handle undefined URL"},{"ancestorTitles":["Federation System","Script Loading"],"duration":2,"failureDetails":[],"failureMessages":[],"fullName":"Federation System Script Loading should handle null URL","invocations":1,"location":null,"numPassingAsserts":1,"retryReasons":[],"status":"passed","title":"should handle null URL"},{"ancestorTitles":["Federation System","Module Registration"],"duration":13,"failureDetails":[],"failureMessages":[],"fullName":"Federation System Module Registration should register a remote module successfully","invocations":1,"location":null,"numPassingAsserts":2,"retryReasons":[],"status":"passed","title":"should register a remote module successfully"},{"ancestorTitles":["Federation System","Module Registration"],"duration":2,"failureDetails":[],"failureMessages":[],"fullName":"Federation System Module Registration should override existing module registration","invocations":1,"location":null,"numPassingAsserts":1,"retryReasons":[],"status":"passed","title":"should override existing module registration"},{"ancestorTitles":["Federation System","Module Registration"],"duration":7,"failureDetails":[],"failureMessages":[],"fullName":"Federation System Module Registration should throw error for invalid module name","invocations":1,"location":null,"numPassingAsserts":4,"retryReasons":[],"status":"passed","title":"should throw error for invalid module name"},{"ancestorTitles":["Federation System","Module Registration"],"duration":5,"failureDetails":[],"failureMessages":[],"fullName":"Federation System Module Registration should throw error for invalid load function","invocations":1,"location":null,"numPassingAsserts":4,"retryReasons":[],"status":"passed","title":"should throw error for invalid load function"},{"ancestorTitles":["Federation System","Module Loading"],"duration":3,"failureDetails":[],"failureMessages":[],"fullName":"Federation System Module Loading should load registered module successfully","invocations":1,"location":null,"numPassingAsserts":4,"retryReasons":[],"status":"passed","title":"should load registered module successfully"},{"ancestorTitles":["Federation System","Module Loading"],"duration":3,"failureDetails":[],"failureMessages":[],"fullName":"Federation System Module Loading should throw error for invalid module name","invocations":1,"location":null,"numPassingAsserts":4,"retryReasons":[],"status":"passed","title":"should throw error for invalid module name"},{"ancestorTitles":["Federation System","Module Loading"],"duration":1,"failureDetails":[],"failureMessages":[],"fullName":"Federation System Module Loading should throw error for unregistered module","invocations":1,"location":null,"numPassingAsserts":1,"retryReasons":[],"status":"passed","title":"should throw error for unregistered module"},{"ancestorTitles":["Federation System","Module Loading"],"duration":1,"failureDetails":[],"failureMessages":[],"fullName":"Federation System Module Loading should throw error if module loading fails","invocations":1,"location":null,"numPassingAsserts":1,"retryReasons":[],"status":"passed","title":"should throw error if module loading fails"},{"ancestorTitles":["Federation System","Module Loading"],"duration":2,"failureDetails":[],"failureMessages":[],"fullName":"Federation System Module Loading should throw error if loaded module lacks mount method","invocations":1,"location":null,"numPassingAsserts":1,"retryReasons":[],"status":"passed","title":"should throw error if loaded module lacks mount method"},{"ancestorTitles":["Federation System","Module Loading"],"duration":1,"failureDetails":[],"failureMessages":[],"fullName":"Federation System Module Loading should throw error if container initialization fails","invocations":1,"location":null,"numPassingAsserts":1,"retryReasons":[],"status":"passed","title":"should throw error if container initialization fails"},{"ancestorTitles":["Federation System","Module Loading"],"duration":1,"failureDetails":[],"failureMessages":[],"fullName":"Federation System Module Loading should throw error if factory is not a function","invocations":1,"location":null,"numPassingAsserts":1,"retryReasons":[],"status":"passed","title":"should throw error if factory is not a function"},{"ancestorTitles":["Federation System","Module Loading"],"duration":1,"failureDetails":[],"failureMessages":[],"fullName":"Federation System Module Loading should throw error if module is not an object","invocations":1,"location":null,"numPassingAsserts":1,"retryReasons":[],"status":"passed","title":"should throw error if module is not an object"},{"ancestorTitles":["Federation System","Module Loading"],"duration":1,"failureDetails":[],"failureMessages":[],"fullName":"Federation System Module Loading should handle non-Error objects in catch","invocations":1,"location":null,"numPassingAsserts":1,"retryReasons":[],"status":"passed","title":"should handle non-Error objects in catch"},{"ancestorTitles":["Federation System","Federation Initialization"],"duration":8,"failureDetails":[],"failureMessages":[],"fullName":"Federation System Federation Initialization should throw error for invalid remotes array","invocations":1,"location":null,"numPassingAsserts":6,"retryReasons":[],"status":"passed","title":"should throw error for invalid remotes array"},{"ancestorTitles":["Federation System","Federation Initialization"],"duration":24,"failureDetails":[],"failureMessages":[],"fullName":"Federation System Federation Initialization should initialize federation system with remotes","invocations":1,"location":null,"numPassingAsserts":7,"retryReasons":[],"status":"passed","title":"should initialize federation system with remotes"},{"ancestorTitles":["Federation System","Federation Initialization"],"duration":2,"failureDetails":[],"failureMessages":[],"fullName":"Federation System Federation Initialization should clear existing registrations on initialization","invocations":1,"location":null,"numPassingAsserts":4,"retryReasons":[],"status":"passed","title":"should clear existing registrations on initialization"},{"ancestorTitles":["Federation System","Federation Initialization"],"duration":2,"failureDetails":[],"failureMessages":[],"fullName":"Federation System Federation Initialization should handle container not found error","invocations":1,"location":null,"numPassingAsserts":1,"retryReasons":[],"status":"passed","title":"should handle container not found error"},{"ancestorTitles":["Federation System","Federation Initialization"],"duration":2,"failureDetails":[],"failureMessages":[],"fullName":"Federation System Federation Initialization should handle container without init method","invocations":1,"location":null,"numPassingAsserts":1,"retryReasons":[],"status":"passed","title":"should handle container without init method"},{"ancestorTitles":["Federation System","Federation Initialization"],"duration":2,"failureDetails":[],"failureMessages":[],"fullName":"Federation System Federation Initialization should handle container without get method","invocations":1,"location":null,"numPassingAsserts":1,"retryReasons":[],"status":"passed","title":"should handle container without get method"},{"ancestorTitles":["Federation System","Federation Initialization"],"duration":1,"failureDetails":[],"failureMessages":[],"fullName":"Federation System Federation Initialization should handle script creation failure","invocations":1,"location":null,"numPassingAsserts":1,"retryReasons":[],"status":"passed","title":"should handle script creation failure"},{"ancestorTitles":["Federation System","Federation Initialization"],"duration":9,"failureDetails":[],"failureMessages":[],"fullName":"Federation System Federation Initialization should handle script loading failure","invocations":1,"location":null,"numPassingAsserts":1,"retryReasons":[],"status":"passed","title":"should handle script loading failure"},{"ancestorTitles":["Federation System","Federation Initialization"],"duration":1,"failureDetails":[],"failureMessages":[],"fullName":"Federation System Federation Initialization should handle script element creation returning null","invocations":1,"location":null,"numPassingAsserts":1,"retryReasons":[],"status":"passed","title":"should handle script element creation returning null"},{"ancestorTitles":["Federation System","Federation Initialization"],"duration":2,"failureDetails":[],"failureMessages":[],"fullName":"Federation System Federation Initialization should handle script element append failure","invocations":1,"location":null,"numPassingAsserts":1,"retryReasons":[],"status":"passed","title":"should handle script element append failure"},{"ancestorTitles":["Federation System","Federation Initialization"],"duration":2,"failureDetails":[],"failureMessages":[],"fullName":"Federation System Federation Initialization should handle empty URL in script loading","invocations":1,"location":null,"numPassingAsserts":1,"retryReasons":[],"status":"passed","title":"should handle empty URL in script loading"},{"ancestorTitles":["Federation System","Module Registration Validation"],"duration":2,"failureDetails":[],"failureMessages":[],"fullName":"Federation System Module Registration Validation should handle invalid module name in isRegistered","invocations":1,"location":null,"numPassingAsserts":6,"retryReasons":[],"status":"passed","title":"should handle invalid module name in isRegistered"},{"ancestorTitles":["Federation System","Module Registration Validation"],"duration":1,"failureDetails":[],"failureMessages":[],"fullName":"Federation System Module Registration Validation should handle non-Error objects in error chain","invocations":1,"location":null,"numPassingAsserts":1,"retryReasons":[],"status":"passed","title":"should handle non-Error objects in error chain"},{"ancestorTitles":["Federation System","Module Registration Validation"],"duration":1,"failureDetails":[],"failureMessages":[],"fullName":"Federation System Module Registration Validation should handle null module return","invocations":1,"location":null,"numPassingAsserts":1,"retryReasons":[],"status":"passed","title":"should handle null module return"},{"ancestorTitles":["Federation System","Module Registration Validation"],"duration":1,"failureDetails":[],"failureMessages":[],"fullName":"Federation System Module Registration Validation should handle undefined module return","invocations":1,"location":null,"numPassingAsserts":1,"retryReasons":[],"status":"passed","title":"should handle undefined module return"},{"ancestorTitles":["Federation System","Module Registration Validation"],"duration":2,"failureDetails":[],"failureMessages":[],"fullName":"Federation System Module Registration Validation should handle sharing scope initialization failure","invocations":1,"location":null,"numPassingAsserts":1,"retryReasons":[],"status":"passed","title":"should handle sharing scope initialization failure"},{"ancestorTitles":["Federation System","Module Registration Validation"],"duration":1,"failureDetails":[],"failureMessages":[],"fullName":"Federation System Module Registration Validation should handle empty container scope","invocations":1,"location":null,"numPassingAsserts":1,"retryReasons":[],"status":"passed","title":"should handle empty container scope"},{"ancestorTitles":["Federation System","Module Registration Validation"],"duration":1,"failureDetails":[],"failureMessages":[],"fullName":"Federation System Module Registration Validation should handle non-Error object in container initialization","invocations":1,"location":null,"numPassingAsserts":1,"retryReasons":[],"status":"passed","title":"should handle non-Error object in container initialization"},{"ancestorTitles":["Federation System","Module Registration Validation"],"duration":2,"failureDetails":[],"failureMessages":[],"fullName":"Federation System Module Registration Validation should handle invalid factory type","invocations":1,"location":null,"numPassingAsserts":1,"retryReasons":[],"status":"passed","title":"should handle invalid factory type"},{"ancestorTitles":["Federation System","Module Registration Validation"],"duration":1,"failureDetails":[],"failureMessages":[],"fullName":"Federation System Module Registration Validation should handle invalid module type","invocations":1,"location":null,"numPassingAsserts":1,"retryReasons":[],"status":"passed","title":"should handle invalid module type"},{"ancestorTitles":["Federation System","Module Registration Validation"],"duration":2,"failureDetails":[],"failureMessages":[],"fullName":"Federation System Module Registration Validation should handle factory returning null","invocations":1,"location":null,"numPassingAsserts":1,"retryReasons":[],"status":"passed","title":"should handle factory returning null"},{"ancestorTitles":["Federation System","Module Registration Validation"],"duration":1,"failureDetails":[],"failureMessages":[],"fullName":"Federation System Module Registration Validation should handle factory returning undefined","invocations":1,"location":null,"numPassingAsserts":1,"retryReasons":[],"status":"passed","title":"should handle factory returning undefined"},{"ancestorTitles":["Federation System","Module Registration Validation"],"duration":2,"failureDetails":[],"failureMessages":[],"fullName":"Federation System Module Registration Validation should handle factory throwing error","invocations":1,"location":null,"numPassingAsserts":1,"retryReasons":[],"status":"passed","title":"should handle factory throwing error"},{"ancestorTitles":["Federation System","Module Registration Validation"],"duration":2,"failureDetails":[],"failureMessages":[],"fullName":"Federation System Module Registration Validation should handle factory returning non-promise","invocations":1,"location":null,"numPassingAsserts":1,"retryReasons":[],"status":"passed","title":"should handle factory returning non-promise"},{"ancestorTitles":["Federation System","Module Registration Validation"],"duration":1,"failureDetails":[],"failureMessages":[],"fullName":"Federation System Module Registration Validation should handle script loading with empty URL","invocations":1,"location":null,"numPassingAsserts":1,"retryReasons":[],"status":"passed","title":"should handle script loading with empty URL"},{"ancestorTitles":["Federation System","Module Registration Validation"],"duration":1,"failureDetails":[],"failureMessages":[],"fullName":"Federation System Module Registration Validation should handle script loading with null URL","invocations":1,"location":null,"numPassingAsserts":1,"retryReasons":[],"status":"passed","title":"should handle script loading with null URL"},{"ancestorTitles":["Federation System","Module Registration Validation"],"duration":2,"failureDetails":[],"failureMessages":[],"fullName":"Federation System Module Registration Validation should handle script loading with undefined URL","invocations":1,"location":null,"numPassingAsserts":1,"retryReasons":[],"status":"passed","title":"should handle script loading with undefined URL"}],"endTime":1738911094532,"message":"","name":"/opt/mExpress/src/__tests__/federation.test.ts","startTime":1738911093458,"status":"passed","summary":""}],"wasInterrupted":false}
